

================================================================
== Vitis HLS Report for 'hdv_engine_Pipeline_VITIS_LOOP_766_6'
================================================================
* Date:           Fri Jun 21 16:16:04 2024

* Version:        2023.1 (Build 3854077 on May  4 2023)
* Project:        _hdc_hls_xilinx
* Solution:       solution1 (Vivado IP Flow Target)
* Product family: zynquplus
* Target device:  xczu9eg-ffvb1156-2-e


================================================================
== Performance Estimates
================================================================
+ Timing: 
    * Summary: 
    +--------+---------+----------+------------+
    |  Clock |  Target | Estimated| Uncertainty|
    +--------+---------+----------+------------+
    |ap_clk  |  5.00 ns|  1.870 ns|     1.35 ns|
    +--------+---------+----------+------------+

+ Latency: 
    * Summary: 
    +---------+---------+----------+----------+-----+-----+---------+
    |  Latency (cycles) |  Latency (absolute) |  Interval | Pipeline|
    |   min   |   max   |    min   |    max   | min | max |   Type  |
    +---------+---------+----------+----------+-----+-----+---------+
    |       66|       66|  0.330 us|  0.330 us|   66|   66|       no|
    +---------+---------+----------+----------+-----+-----+---------+

    + Detail: 
        * Instance: 
        N/A

        * Loop: 
        +--------------------+---------+---------+----------+-----------+-----------+------+----------+
        |                    |  Latency (cycles) | Iteration|  Initiation Interval  | Trip |          |
        |      Loop Name     |   min   |   max   |  Latency |  achieved |   target  | Count| Pipelined|
        +--------------------+---------+---------+----------+-----------+-----------+------+----------+
        |- VITIS_LOOP_766_6  |       64|       64|         1|          1|          1|    64|       yes|
        +--------------------+---------+---------+----------+-----------+-----------+------+----------+



================================================================
== Utilization Estimates
================================================================
* Summary: 
+-----------------+---------+------+--------+--------+-----+
|       Name      | BRAM_18K|  DSP |   FF   |   LUT  | URAM|
+-----------------+---------+------+--------+--------+-----+
|DSP              |        -|     -|       -|       -|    -|
|Expression       |        -|     -|       0|      68|    -|
|FIFO             |        -|     -|       -|       -|    -|
|Instance         |        -|     -|       0|     546|    -|
|Memory           |        -|     -|       -|       -|    -|
|Multiplexer      |        -|     -|       -|      27|    -|
|Register         |        -|     -|    2057|       -|    -|
+-----------------+---------+------+--------+--------+-----+
|Total            |        0|     0|    2057|     641|    0|
+-----------------+---------+------+--------+--------+-----+
|Available        |     1824|  2520|  548160|  274080|    0|
+-----------------+---------+------+--------+--------+-----+
|Utilization (%)  |        0|     0|      ~0|      ~0|    0|
+-----------------+---------+------+--------+--------+-----+

+ Detail: 
    * Instance: 
    +----------------------+-----------------+---------+----+---+-----+-----+
    |       Instance       |      Module     | BRAM_18K| DSP| FF| LUT | URAM|
    +----------------------+-----------------+---------+----+---+-----+-----+
    |mux_64_6_1_1_1_U214   |mux_64_6_1_1_1   |        0|   0|  0|  273|    0|
    |mux_64_6_32_1_1_U213  |mux_64_6_32_1_1  |        0|   0|  0|  273|    0|
    +----------------------+-----------------+---------+----+---+-----+-----+
    |Total                 |                 |        0|   0|  0|  546|    0|
    +----------------------+-----------------+---------+----+---+-----+-----+

    * DSP: 
    N/A

    * Memory: 
    N/A

    * FIFO: 
    N/A

    * Expression: 
    +-----------------------+----------+----+---+----+------------+------------+
    |     Variable Name     | Operation| DSP| FF| LUT| Bitwidth P0| Bitwidth P1|
    +-----------------------+----------+----+---+----+------------+------------+
    |add_ln766_fu_2034_p2   |         +|   0|  0|  14|           7|           1|
    |p_chv_o_64_fu_2316_p2  |         +|   0|  0|  39|          32|          32|
    |icmp_ln766_fu_2028_p2  |      icmp|   0|  0|  15|           7|           8|
    +-----------------------+----------+----+---+----+------------+------------+
    |Total                  |          |   0|  0|  68|          46|          41|
    +-----------------------+----------+----+---+----+------------+------------+

    * Multiplexer: 
    +----------------------+----+-----------+-----+-----------+
    |         Name         | LUT| Input Size| Bits| Total Bits|
    +----------------------+----+-----------+-----+-----------+
    |ap_done_int           |   9|          2|    1|          2|
    |ap_sig_allocacmp_i_3  |   9|          2|    7|         14|
    |i_fu_544              |   9|          2|    7|         14|
    +----------------------+----+-----------+-----+-----------+
    |Total                 |  27|          6|   15|         30|
    +----------------------+----+-----------+-----+-----------+

    * Register: 
    +-------------------+----+----+-----+-----------+
    |        Name       | FF | LUT| Bits| Const Bits|
    +-------------------+----+----+-----+-----------+
    |ap_CS_fsm          |   1|   0|    1|          0|
    |ap_done_reg        |   1|   0|    1|          0|
    |i_fu_544           |   7|   0|    7|          0|
    |p_chv_o_10_fu_588  |  32|   0|   32|          0|
    |p_chv_o_11_fu_592  |  32|   0|   32|          0|
    |p_chv_o_12_fu_596  |  32|   0|   32|          0|
    |p_chv_o_13_fu_600  |  32|   0|   32|          0|
    |p_chv_o_14_fu_604  |  32|   0|   32|          0|
    |p_chv_o_15_fu_608  |  32|   0|   32|          0|
    |p_chv_o_16_fu_612  |  32|   0|   32|          0|
    |p_chv_o_17_fu_616  |  32|   0|   32|          0|
    |p_chv_o_18_fu_620  |  32|   0|   32|          0|
    |p_chv_o_19_fu_624  |  32|   0|   32|          0|
    |p_chv_o_1_fu_552   |  32|   0|   32|          0|
    |p_chv_o_20_fu_628  |  32|   0|   32|          0|
    |p_chv_o_21_fu_632  |  32|   0|   32|          0|
    |p_chv_o_22_fu_636  |  32|   0|   32|          0|
    |p_chv_o_23_fu_640  |  32|   0|   32|          0|
    |p_chv_o_24_fu_644  |  32|   0|   32|          0|
    |p_chv_o_25_fu_648  |  32|   0|   32|          0|
    |p_chv_o_26_fu_652  |  32|   0|   32|          0|
    |p_chv_o_27_fu_656  |  32|   0|   32|          0|
    |p_chv_o_28_fu_660  |  32|   0|   32|          0|
    |p_chv_o_29_fu_664  |  32|   0|   32|          0|
    |p_chv_o_2_fu_556   |  32|   0|   32|          0|
    |p_chv_o_30_fu_668  |  32|   0|   32|          0|
    |p_chv_o_31_fu_672  |  32|   0|   32|          0|
    |p_chv_o_32_fu_676  |  32|   0|   32|          0|
    |p_chv_o_33_fu_680  |  32|   0|   32|          0|
    |p_chv_o_34_fu_684  |  32|   0|   32|          0|
    |p_chv_o_35_fu_688  |  32|   0|   32|          0|
    |p_chv_o_36_fu_692  |  32|   0|   32|          0|
    |p_chv_o_37_fu_696  |  32|   0|   32|          0|
    |p_chv_o_38_fu_700  |  32|   0|   32|          0|
    |p_chv_o_39_fu_704  |  32|   0|   32|          0|
    |p_chv_o_3_fu_560   |  32|   0|   32|          0|
    |p_chv_o_40_fu_708  |  32|   0|   32|          0|
    |p_chv_o_41_fu_712  |  32|   0|   32|          0|
    |p_chv_o_42_fu_716  |  32|   0|   32|          0|
    |p_chv_o_43_fu_720  |  32|   0|   32|          0|
    |p_chv_o_44_fu_724  |  32|   0|   32|          0|
    |p_chv_o_45_fu_728  |  32|   0|   32|          0|
    |p_chv_o_46_fu_732  |  32|   0|   32|          0|
    |p_chv_o_47_fu_736  |  32|   0|   32|          0|
    |p_chv_o_48_fu_740  |  32|   0|   32|          0|
    |p_chv_o_49_fu_744  |  32|   0|   32|          0|
    |p_chv_o_4_fu_564   |  32|   0|   32|          0|
    |p_chv_o_50_fu_748  |  32|   0|   32|          0|
    |p_chv_o_51_fu_752  |  32|   0|   32|          0|
    |p_chv_o_52_fu_756  |  32|   0|   32|          0|
    |p_chv_o_53_fu_760  |  32|   0|   32|          0|
    |p_chv_o_54_fu_764  |  32|   0|   32|          0|
    |p_chv_o_55_fu_768  |  32|   0|   32|          0|
    |p_chv_o_56_fu_772  |  32|   0|   32|          0|
    |p_chv_o_57_fu_776  |  32|   0|   32|          0|
    |p_chv_o_58_fu_780  |  32|   0|   32|          0|
    |p_chv_o_59_fu_784  |  32|   0|   32|          0|
    |p_chv_o_5_fu_568   |  32|   0|   32|          0|
    |p_chv_o_60_fu_788  |  32|   0|   32|          0|
    |p_chv_o_61_fu_792  |  32|   0|   32|          0|
    |p_chv_o_62_fu_796  |  32|   0|   32|          0|
    |p_chv_o_63_fu_800  |  32|   0|   32|          0|
    |p_chv_o_6_fu_572   |  32|   0|   32|          0|
    |p_chv_o_7_fu_576   |  32|   0|   32|          0|
    |p_chv_o_8_fu_580   |  32|   0|   32|          0|
    |p_chv_o_9_fu_584   |  32|   0|   32|          0|
    |p_chv_o_fu_548     |  32|   0|   32|          0|
    +-------------------+----+----+-----+-----------+
    |Total              |2057|   0| 2057|          0|
    +-------------------+----+----+-----+-----------+



================================================================
== Interface
================================================================
* Summary: 
+------------------------+-----+-----+------------+--------------------------------------+--------------+
|        RTL Ports       | Dir | Bits|  Protocol  |             Source Object            |    C Type    |
+------------------------+-----+-----+------------+--------------------------------------+--------------+
|ap_clk                  |   in|    1|  ap_ctrl_hs|  hdv_engine_Pipeline_VITIS_LOOP_766_6|  return value|
|ap_rst                  |   in|    1|  ap_ctrl_hs|  hdv_engine_Pipeline_VITIS_LOOP_766_6|  return value|
|ap_start                |   in|    1|  ap_ctrl_hs|  hdv_engine_Pipeline_VITIS_LOOP_766_6|  return value|
|ap_done                 |  out|    1|  ap_ctrl_hs|  hdv_engine_Pipeline_VITIS_LOOP_766_6|  return value|
|ap_idle                 |  out|    1|  ap_ctrl_hs|  hdv_engine_Pipeline_VITIS_LOOP_766_6|  return value|
|ap_ready                |  out|    1|  ap_ctrl_hs|  hdv_engine_Pipeline_VITIS_LOOP_766_6|  return value|
|p_chv                   |   in|   32|     ap_none|                                 p_chv|        scalar|
|p_chv_1                 |   in|   32|     ap_none|                               p_chv_1|        scalar|
|p_chv_2                 |   in|   32|     ap_none|                               p_chv_2|        scalar|
|p_chv_3                 |   in|   32|     ap_none|                               p_chv_3|        scalar|
|p_chv_4                 |   in|   32|     ap_none|                               p_chv_4|        scalar|
|p_chv_5                 |   in|   32|     ap_none|                               p_chv_5|        scalar|
|p_chv_6                 |   in|   32|     ap_none|                               p_chv_6|        scalar|
|p_chv_7                 |   in|   32|     ap_none|                               p_chv_7|        scalar|
|p_chv_8                 |   in|   32|     ap_none|                               p_chv_8|        scalar|
|p_chv_9                 |   in|   32|     ap_none|                               p_chv_9|        scalar|
|p_chv_63                |   in|   32|     ap_none|                              p_chv_63|        scalar|
|p_chv_10                |   in|   32|     ap_none|                              p_chv_10|        scalar|
|p_chv_11                |   in|   32|     ap_none|                              p_chv_11|        scalar|
|p_chv_12                |   in|   32|     ap_none|                              p_chv_12|        scalar|
|p_chv_13                |   in|   32|     ap_none|                              p_chv_13|        scalar|
|p_chv_14                |   in|   32|     ap_none|                              p_chv_14|        scalar|
|p_chv_15                |   in|   32|     ap_none|                              p_chv_15|        scalar|
|p_chv_16                |   in|   32|     ap_none|                              p_chv_16|        scalar|
|p_chv_17                |   in|   32|     ap_none|                              p_chv_17|        scalar|
|p_chv_18                |   in|   32|     ap_none|                              p_chv_18|        scalar|
|p_chv_19                |   in|   32|     ap_none|                              p_chv_19|        scalar|
|p_chv_20                |   in|   32|     ap_none|                              p_chv_20|        scalar|
|p_chv_21                |   in|   32|     ap_none|                              p_chv_21|        scalar|
|p_chv_22                |   in|   32|     ap_none|                              p_chv_22|        scalar|
|p_chv_23                |   in|   32|     ap_none|                              p_chv_23|        scalar|
|p_chv_24                |   in|   32|     ap_none|                              p_chv_24|        scalar|
|p_chv_25                |   in|   32|     ap_none|                              p_chv_25|        scalar|
|p_chv_26                |   in|   32|     ap_none|                              p_chv_26|        scalar|
|p_chv_27                |   in|   32|     ap_none|                              p_chv_27|        scalar|
|p_chv_28                |   in|   32|     ap_none|                              p_chv_28|        scalar|
|p_chv_29                |   in|   32|     ap_none|                              p_chv_29|        scalar|
|p_chv_30                |   in|   32|     ap_none|                              p_chv_30|        scalar|
|p_chv_31                |   in|   32|     ap_none|                              p_chv_31|        scalar|
|p_chv_32                |   in|   32|     ap_none|                              p_chv_32|        scalar|
|p_chv_33                |   in|   32|     ap_none|                              p_chv_33|        scalar|
|p_chv_34                |   in|   32|     ap_none|                              p_chv_34|        scalar|
|p_chv_35                |   in|   32|     ap_none|                              p_chv_35|        scalar|
|p_chv_36                |   in|   32|     ap_none|                              p_chv_36|        scalar|
|p_chv_37                |   in|   32|     ap_none|                              p_chv_37|        scalar|
|p_chv_38                |   in|   32|     ap_none|                              p_chv_38|        scalar|
|p_chv_39                |   in|   32|     ap_none|                              p_chv_39|        scalar|
|p_chv_40                |   in|   32|     ap_none|                              p_chv_40|        scalar|
|p_chv_41                |   in|   32|     ap_none|                              p_chv_41|        scalar|
|p_chv_42                |   in|   32|     ap_none|                              p_chv_42|        scalar|
|p_chv_43                |   in|   32|     ap_none|                              p_chv_43|        scalar|
|p_chv_44                |   in|   32|     ap_none|                              p_chv_44|        scalar|
|p_chv_45                |   in|   32|     ap_none|                              p_chv_45|        scalar|
|p_chv_46                |   in|   32|     ap_none|                              p_chv_46|        scalar|
|p_chv_47                |   in|   32|     ap_none|                              p_chv_47|        scalar|
|p_chv_48                |   in|   32|     ap_none|                              p_chv_48|        scalar|
|p_chv_49                |   in|   32|     ap_none|                              p_chv_49|        scalar|
|p_chv_50                |   in|   32|     ap_none|                              p_chv_50|        scalar|
|p_chv_51                |   in|   32|     ap_none|                              p_chv_51|        scalar|
|p_chv_52                |   in|   32|     ap_none|                              p_chv_52|        scalar|
|p_chv_53                |   in|   32|     ap_none|                              p_chv_53|        scalar|
|p_chv_54                |   in|   32|     ap_none|                              p_chv_54|        scalar|
|p_chv_55                |   in|   32|     ap_none|                              p_chv_55|        scalar|
|p_chv_56                |   in|   32|     ap_none|                              p_chv_56|        scalar|
|p_chv_57                |   in|   32|     ap_none|                              p_chv_57|        scalar|
|p_chv_58                |   in|   32|     ap_none|                              p_chv_58|        scalar|
|p_chv_59                |   in|   32|     ap_none|                              p_chv_59|        scalar|
|p_chv_60                |   in|   32|     ap_none|                              p_chv_60|        scalar|
|p_chv_61                |   in|   32|     ap_none|                              p_chv_61|        scalar|
|p_chv_62                |   in|   32|     ap_none|                              p_chv_62|        scalar|
|mux_case_0703           |   in|    1|     ap_none|                         mux_case_0703|        scalar|
|mux_case_1704           |   in|    1|     ap_none|                         mux_case_1704|        scalar|
|mux_case_2705           |   in|    1|     ap_none|                         mux_case_2705|        scalar|
|mux_case_3706           |   in|    1|     ap_none|                         mux_case_3706|        scalar|
|mux_case_4707           |   in|    1|     ap_none|                         mux_case_4707|        scalar|
|mux_case_5708           |   in|    1|     ap_none|                         mux_case_5708|        scalar|
|mux_case_6709           |   in|    1|     ap_none|                         mux_case_6709|        scalar|
|mux_case_7710           |   in|    1|     ap_none|                         mux_case_7710|        scalar|
|mux_case_8711           |   in|    1|     ap_none|                         mux_case_8711|        scalar|
|mux_case_9712           |   in|    1|     ap_none|                         mux_case_9712|        scalar|
|mux_case_10713          |   in|    1|     ap_none|                        mux_case_10713|        scalar|
|mux_case_11714          |   in|    1|     ap_none|                        mux_case_11714|        scalar|
|mux_case_12715          |   in|    1|     ap_none|                        mux_case_12715|        scalar|
|mux_case_13716          |   in|    1|     ap_none|                        mux_case_13716|        scalar|
|mux_case_14717          |   in|    1|     ap_none|                        mux_case_14717|        scalar|
|mux_case_15718          |   in|    1|     ap_none|                        mux_case_15718|        scalar|
|mux_case_16719          |   in|    1|     ap_none|                        mux_case_16719|        scalar|
|mux_case_17720          |   in|    1|     ap_none|                        mux_case_17720|        scalar|
|mux_case_18721          |   in|    1|     ap_none|                        mux_case_18721|        scalar|
|mux_case_19722          |   in|    1|     ap_none|                        mux_case_19722|        scalar|
|mux_case_20723          |   in|    1|     ap_none|                        mux_case_20723|        scalar|
|mux_case_21724          |   in|    1|     ap_none|                        mux_case_21724|        scalar|
|mux_case_22725          |   in|    1|     ap_none|                        mux_case_22725|        scalar|
|mux_case_23726          |   in|    1|     ap_none|                        mux_case_23726|        scalar|
|mux_case_24727          |   in|    1|     ap_none|                        mux_case_24727|        scalar|
|mux_case_25728          |   in|    1|     ap_none|                        mux_case_25728|        scalar|
|mux_case_26729          |   in|    1|     ap_none|                        mux_case_26729|        scalar|
|mux_case_27730          |   in|    1|     ap_none|                        mux_case_27730|        scalar|
|mux_case_28731          |   in|    1|     ap_none|                        mux_case_28731|        scalar|
|mux_case_29732          |   in|    1|     ap_none|                        mux_case_29732|        scalar|
|mux_case_30733          |   in|    1|     ap_none|                        mux_case_30733|        scalar|
|mux_case_31734          |   in|    1|     ap_none|                        mux_case_31734|        scalar|
|mux_case_32735          |   in|    1|     ap_none|                        mux_case_32735|        scalar|
|mux_case_33736          |   in|    1|     ap_none|                        mux_case_33736|        scalar|
|mux_case_34737          |   in|    1|     ap_none|                        mux_case_34737|        scalar|
|mux_case_35738          |   in|    1|     ap_none|                        mux_case_35738|        scalar|
|mux_case_36739          |   in|    1|     ap_none|                        mux_case_36739|        scalar|
|mux_case_37740          |   in|    1|     ap_none|                        mux_case_37740|        scalar|
|mux_case_38741          |   in|    1|     ap_none|                        mux_case_38741|        scalar|
|mux_case_39742          |   in|    1|     ap_none|                        mux_case_39742|        scalar|
|mux_case_40743          |   in|    1|     ap_none|                        mux_case_40743|        scalar|
|mux_case_41744          |   in|    1|     ap_none|                        mux_case_41744|        scalar|
|mux_case_42745          |   in|    1|     ap_none|                        mux_case_42745|        scalar|
|mux_case_43746          |   in|    1|     ap_none|                        mux_case_43746|        scalar|
|mux_case_44747          |   in|    1|     ap_none|                        mux_case_44747|        scalar|
|mux_case_45748          |   in|    1|     ap_none|                        mux_case_45748|        scalar|
|mux_case_46749          |   in|    1|     ap_none|                        mux_case_46749|        scalar|
|mux_case_47750          |   in|    1|     ap_none|                        mux_case_47750|        scalar|
|mux_case_48751          |   in|    1|     ap_none|                        mux_case_48751|        scalar|
|mux_case_49752          |   in|    1|     ap_none|                        mux_case_49752|        scalar|
|mux_case_50753          |   in|    1|     ap_none|                        mux_case_50753|        scalar|
|mux_case_51754          |   in|    1|     ap_none|                        mux_case_51754|        scalar|
|mux_case_52755          |   in|    1|     ap_none|                        mux_case_52755|        scalar|
|mux_case_53756          |   in|    1|     ap_none|                        mux_case_53756|        scalar|
|mux_case_54757          |   in|    1|     ap_none|                        mux_case_54757|        scalar|
|mux_case_55758          |   in|    1|     ap_none|                        mux_case_55758|        scalar|
|mux_case_56759          |   in|    1|     ap_none|                        mux_case_56759|        scalar|
|mux_case_57760          |   in|    1|     ap_none|                        mux_case_57760|        scalar|
|mux_case_58761          |   in|    1|     ap_none|                        mux_case_58761|        scalar|
|mux_case_59762          |   in|    1|     ap_none|                        mux_case_59762|        scalar|
|mux_case_60763          |   in|    1|     ap_none|                        mux_case_60763|        scalar|
|mux_case_61764          |   in|    1|     ap_none|                        mux_case_61764|        scalar|
|mux_case_62765          |   in|    1|     ap_none|                        mux_case_62765|        scalar|
|mux_case_63766          |   in|    1|     ap_none|                        mux_case_63766|        scalar|
|p_chv_o_190_out         |  out|   32|      ap_vld|                       p_chv_o_190_out|       pointer|
|p_chv_o_190_out_ap_vld  |  out|    1|      ap_vld|                       p_chv_o_190_out|       pointer|
|p_chv_o_189_out         |  out|   32|      ap_vld|                       p_chv_o_189_out|       pointer|
|p_chv_o_189_out_ap_vld  |  out|    1|      ap_vld|                       p_chv_o_189_out|       pointer|
|p_chv_o_188_out         |  out|   32|      ap_vld|                       p_chv_o_188_out|       pointer|
|p_chv_o_188_out_ap_vld  |  out|    1|      ap_vld|                       p_chv_o_188_out|       pointer|
|p_chv_o_187_out         |  out|   32|      ap_vld|                       p_chv_o_187_out|       pointer|
|p_chv_o_187_out_ap_vld  |  out|    1|      ap_vld|                       p_chv_o_187_out|       pointer|
|p_chv_o_186_out         |  out|   32|      ap_vld|                       p_chv_o_186_out|       pointer|
|p_chv_o_186_out_ap_vld  |  out|    1|      ap_vld|                       p_chv_o_186_out|       pointer|
|p_chv_o_185_out         |  out|   32|      ap_vld|                       p_chv_o_185_out|       pointer|
|p_chv_o_185_out_ap_vld  |  out|    1|      ap_vld|                       p_chv_o_185_out|       pointer|
|p_chv_o_184_out         |  out|   32|      ap_vld|                       p_chv_o_184_out|       pointer|
|p_chv_o_184_out_ap_vld  |  out|    1|      ap_vld|                       p_chv_o_184_out|       pointer|
|p_chv_o_183_out         |  out|   32|      ap_vld|                       p_chv_o_183_out|       pointer|
|p_chv_o_183_out_ap_vld  |  out|    1|      ap_vld|                       p_chv_o_183_out|       pointer|
|p_chv_o_182_out         |  out|   32|      ap_vld|                       p_chv_o_182_out|       pointer|
|p_chv_o_182_out_ap_vld  |  out|    1|      ap_vld|                       p_chv_o_182_out|       pointer|
|p_chv_o_181_out         |  out|   32|      ap_vld|                       p_chv_o_181_out|       pointer|
|p_chv_o_181_out_ap_vld  |  out|    1|      ap_vld|                       p_chv_o_181_out|       pointer|
|p_chv_o_180_out         |  out|   32|      ap_vld|                       p_chv_o_180_out|       pointer|
|p_chv_o_180_out_ap_vld  |  out|    1|      ap_vld|                       p_chv_o_180_out|       pointer|
|p_chv_o_179_out         |  out|   32|      ap_vld|                       p_chv_o_179_out|       pointer|
|p_chv_o_179_out_ap_vld  |  out|    1|      ap_vld|                       p_chv_o_179_out|       pointer|
|p_chv_o_178_out         |  out|   32|      ap_vld|                       p_chv_o_178_out|       pointer|
|p_chv_o_178_out_ap_vld  |  out|    1|      ap_vld|                       p_chv_o_178_out|       pointer|
|p_chv_o_177_out         |  out|   32|      ap_vld|                       p_chv_o_177_out|       pointer|
|p_chv_o_177_out_ap_vld  |  out|    1|      ap_vld|                       p_chv_o_177_out|       pointer|
|p_chv_o_176_out         |  out|   32|      ap_vld|                       p_chv_o_176_out|       pointer|
|p_chv_o_176_out_ap_vld  |  out|    1|      ap_vld|                       p_chv_o_176_out|       pointer|
|p_chv_o_175_out         |  out|   32|      ap_vld|                       p_chv_o_175_out|       pointer|
|p_chv_o_175_out_ap_vld  |  out|    1|      ap_vld|                       p_chv_o_175_out|       pointer|
|p_chv_o_174_out         |  out|   32|      ap_vld|                       p_chv_o_174_out|       pointer|
|p_chv_o_174_out_ap_vld  |  out|    1|      ap_vld|                       p_chv_o_174_out|       pointer|
|p_chv_o_173_out         |  out|   32|      ap_vld|                       p_chv_o_173_out|       pointer|
|p_chv_o_173_out_ap_vld  |  out|    1|      ap_vld|                       p_chv_o_173_out|       pointer|
|p_chv_o_172_out         |  out|   32|      ap_vld|                       p_chv_o_172_out|       pointer|
|p_chv_o_172_out_ap_vld  |  out|    1|      ap_vld|                       p_chv_o_172_out|       pointer|
|p_chv_o_171_out         |  out|   32|      ap_vld|                       p_chv_o_171_out|       pointer|
|p_chv_o_171_out_ap_vld  |  out|    1|      ap_vld|                       p_chv_o_171_out|       pointer|
|p_chv_o_170_out         |  out|   32|      ap_vld|                       p_chv_o_170_out|       pointer|
|p_chv_o_170_out_ap_vld  |  out|    1|      ap_vld|                       p_chv_o_170_out|       pointer|
|p_chv_o_169_out         |  out|   32|      ap_vld|                       p_chv_o_169_out|       pointer|
|p_chv_o_169_out_ap_vld  |  out|    1|      ap_vld|                       p_chv_o_169_out|       pointer|
|p_chv_o_168_out         |  out|   32|      ap_vld|                       p_chv_o_168_out|       pointer|
|p_chv_o_168_out_ap_vld  |  out|    1|      ap_vld|                       p_chv_o_168_out|       pointer|
|p_chv_o_167_out         |  out|   32|      ap_vld|                       p_chv_o_167_out|       pointer|
|p_chv_o_167_out_ap_vld  |  out|    1|      ap_vld|                       p_chv_o_167_out|       pointer|
|p_chv_o_166_out         |  out|   32|      ap_vld|                       p_chv_o_166_out|       pointer|
|p_chv_o_166_out_ap_vld  |  out|    1|      ap_vld|                       p_chv_o_166_out|       pointer|
|p_chv_o_165_out         |  out|   32|      ap_vld|                       p_chv_o_165_out|       pointer|
|p_chv_o_165_out_ap_vld  |  out|    1|      ap_vld|                       p_chv_o_165_out|       pointer|
|p_chv_o_164_out         |  out|   32|      ap_vld|                       p_chv_o_164_out|       pointer|
|p_chv_o_164_out_ap_vld  |  out|    1|      ap_vld|                       p_chv_o_164_out|       pointer|
|p_chv_o_163_out         |  out|   32|      ap_vld|                       p_chv_o_163_out|       pointer|
|p_chv_o_163_out_ap_vld  |  out|    1|      ap_vld|                       p_chv_o_163_out|       pointer|
|p_chv_o_162_out         |  out|   32|      ap_vld|                       p_chv_o_162_out|       pointer|
|p_chv_o_162_out_ap_vld  |  out|    1|      ap_vld|                       p_chv_o_162_out|       pointer|
|p_chv_o_161_out         |  out|   32|      ap_vld|                       p_chv_o_161_out|       pointer|
|p_chv_o_161_out_ap_vld  |  out|    1|      ap_vld|                       p_chv_o_161_out|       pointer|
|p_chv_o_160_out         |  out|   32|      ap_vld|                       p_chv_o_160_out|       pointer|
|p_chv_o_160_out_ap_vld  |  out|    1|      ap_vld|                       p_chv_o_160_out|       pointer|
|p_chv_o_159_out         |  out|   32|      ap_vld|                       p_chv_o_159_out|       pointer|
|p_chv_o_159_out_ap_vld  |  out|    1|      ap_vld|                       p_chv_o_159_out|       pointer|
|p_chv_o_158_out         |  out|   32|      ap_vld|                       p_chv_o_158_out|       pointer|
|p_chv_o_158_out_ap_vld  |  out|    1|      ap_vld|                       p_chv_o_158_out|       pointer|
|p_chv_o_157_out         |  out|   32|      ap_vld|                       p_chv_o_157_out|       pointer|
|p_chv_o_157_out_ap_vld  |  out|    1|      ap_vld|                       p_chv_o_157_out|       pointer|
|p_chv_o_156_out         |  out|   32|      ap_vld|                       p_chv_o_156_out|       pointer|
|p_chv_o_156_out_ap_vld  |  out|    1|      ap_vld|                       p_chv_o_156_out|       pointer|
|p_chv_o_155_out         |  out|   32|      ap_vld|                       p_chv_o_155_out|       pointer|
|p_chv_o_155_out_ap_vld  |  out|    1|      ap_vld|                       p_chv_o_155_out|       pointer|
|p_chv_o_154_out         |  out|   32|      ap_vld|                       p_chv_o_154_out|       pointer|
|p_chv_o_154_out_ap_vld  |  out|    1|      ap_vld|                       p_chv_o_154_out|       pointer|
|p_chv_o_153_out         |  out|   32|      ap_vld|                       p_chv_o_153_out|       pointer|
|p_chv_o_153_out_ap_vld  |  out|    1|      ap_vld|                       p_chv_o_153_out|       pointer|
|p_chv_o_152_out         |  out|   32|      ap_vld|                       p_chv_o_152_out|       pointer|
|p_chv_o_152_out_ap_vld  |  out|    1|      ap_vld|                       p_chv_o_152_out|       pointer|
|p_chv_o_151_out         |  out|   32|      ap_vld|                       p_chv_o_151_out|       pointer|
|p_chv_o_151_out_ap_vld  |  out|    1|      ap_vld|                       p_chv_o_151_out|       pointer|
|p_chv_o_150_out         |  out|   32|      ap_vld|                       p_chv_o_150_out|       pointer|
|p_chv_o_150_out_ap_vld  |  out|    1|      ap_vld|                       p_chv_o_150_out|       pointer|
|p_chv_o_149_out         |  out|   32|      ap_vld|                       p_chv_o_149_out|       pointer|
|p_chv_o_149_out_ap_vld  |  out|    1|      ap_vld|                       p_chv_o_149_out|       pointer|
|p_chv_o_148_out         |  out|   32|      ap_vld|                       p_chv_o_148_out|       pointer|
|p_chv_o_148_out_ap_vld  |  out|    1|      ap_vld|                       p_chv_o_148_out|       pointer|
|p_chv_o_147_out         |  out|   32|      ap_vld|                       p_chv_o_147_out|       pointer|
|p_chv_o_147_out_ap_vld  |  out|    1|      ap_vld|                       p_chv_o_147_out|       pointer|
|p_chv_o_146_out         |  out|   32|      ap_vld|                       p_chv_o_146_out|       pointer|
|p_chv_o_146_out_ap_vld  |  out|    1|      ap_vld|                       p_chv_o_146_out|       pointer|
|p_chv_o_145_out         |  out|   32|      ap_vld|                       p_chv_o_145_out|       pointer|
|p_chv_o_145_out_ap_vld  |  out|    1|      ap_vld|                       p_chv_o_145_out|       pointer|
|p_chv_o_144_out         |  out|   32|      ap_vld|                       p_chv_o_144_out|       pointer|
|p_chv_o_144_out_ap_vld  |  out|    1|      ap_vld|                       p_chv_o_144_out|       pointer|
|p_chv_o_143_out         |  out|   32|      ap_vld|                       p_chv_o_143_out|       pointer|
|p_chv_o_143_out_ap_vld  |  out|    1|      ap_vld|                       p_chv_o_143_out|       pointer|
|p_chv_o_142_out         |  out|   32|      ap_vld|                       p_chv_o_142_out|       pointer|
|p_chv_o_142_out_ap_vld  |  out|    1|      ap_vld|                       p_chv_o_142_out|       pointer|
|p_chv_o_141_out         |  out|   32|      ap_vld|                       p_chv_o_141_out|       pointer|
|p_chv_o_141_out_ap_vld  |  out|    1|      ap_vld|                       p_chv_o_141_out|       pointer|
|p_chv_o_140_out         |  out|   32|      ap_vld|                       p_chv_o_140_out|       pointer|
|p_chv_o_140_out_ap_vld  |  out|    1|      ap_vld|                       p_chv_o_140_out|       pointer|
|p_chv_o_139_out         |  out|   32|      ap_vld|                       p_chv_o_139_out|       pointer|
|p_chv_o_139_out_ap_vld  |  out|    1|      ap_vld|                       p_chv_o_139_out|       pointer|
|p_chv_o_138_out         |  out|   32|      ap_vld|                       p_chv_o_138_out|       pointer|
|p_chv_o_138_out_ap_vld  |  out|    1|      ap_vld|                       p_chv_o_138_out|       pointer|
|p_chv_o_137_out         |  out|   32|      ap_vld|                       p_chv_o_137_out|       pointer|
|p_chv_o_137_out_ap_vld  |  out|    1|      ap_vld|                       p_chv_o_137_out|       pointer|
|p_chv_o_136_out         |  out|   32|      ap_vld|                       p_chv_o_136_out|       pointer|
|p_chv_o_136_out_ap_vld  |  out|    1|      ap_vld|                       p_chv_o_136_out|       pointer|
|p_chv_o_135_out         |  out|   32|      ap_vld|                       p_chv_o_135_out|       pointer|
|p_chv_o_135_out_ap_vld  |  out|    1|      ap_vld|                       p_chv_o_135_out|       pointer|
|p_chv_o_134_out         |  out|   32|      ap_vld|                       p_chv_o_134_out|       pointer|
|p_chv_o_134_out_ap_vld  |  out|    1|      ap_vld|                       p_chv_o_134_out|       pointer|
|p_chv_o_133_out         |  out|   32|      ap_vld|                       p_chv_o_133_out|       pointer|
|p_chv_o_133_out_ap_vld  |  out|    1|      ap_vld|                       p_chv_o_133_out|       pointer|
|p_chv_o_132_out         |  out|   32|      ap_vld|                       p_chv_o_132_out|       pointer|
|p_chv_o_132_out_ap_vld  |  out|    1|      ap_vld|                       p_chv_o_132_out|       pointer|
|p_chv_o_131_out         |  out|   32|      ap_vld|                       p_chv_o_131_out|       pointer|
|p_chv_o_131_out_ap_vld  |  out|    1|      ap_vld|                       p_chv_o_131_out|       pointer|
|p_chv_o_130_out         |  out|   32|      ap_vld|                       p_chv_o_130_out|       pointer|
|p_chv_o_130_out_ap_vld  |  out|    1|      ap_vld|                       p_chv_o_130_out|       pointer|
|p_chv_o_129_out         |  out|   32|      ap_vld|                       p_chv_o_129_out|       pointer|
|p_chv_o_129_out_ap_vld  |  out|    1|      ap_vld|                       p_chv_o_129_out|       pointer|
|p_chv_o_128_out         |  out|   32|      ap_vld|                       p_chv_o_128_out|       pointer|
|p_chv_o_128_out_ap_vld  |  out|    1|      ap_vld|                       p_chv_o_128_out|       pointer|
|p_chv_o_127_out         |  out|   32|      ap_vld|                       p_chv_o_127_out|       pointer|
|p_chv_o_127_out_ap_vld  |  out|    1|      ap_vld|                       p_chv_o_127_out|       pointer|
+------------------------+-----+-----+------------+--------------------------------------+--------------+

