remark: ./../src/hw/hls_xilinx/main.cpp:843:12: Inlining function 'void HDC_op<1ul, 1ul, 128ul>::similarity_phase1<ap_uint<1> [128], ap_uint<32> [128], ap_uint<32>, ap_uint<32> >(ap_uint<1> const (&) [128], ap_uint<32> const (&) [128], ap_uint<32>&, ap_uint<32>&, ap_uint<32>&, unsigned char)' into 'hdv_engine(bool&, op_mode_t, frame_in_t, dataf_in_p_t&, chv_p_t&, bhv_p_t&, lhv_p_t&, pred_class_t*, sys_status_t*)'
remark: ./../src/hw/hls_xilinx/main.cpp:757:11: Inlining function 'void HDC_op<1ul, 1ul, 128ul>::clip<ap_uint<32> [128], ap_uint<32> [128]>(ap_uint<32> const (&) [128], ap_uint<32> (&) [128], short const&, short const&, ap_int<32>, unsigned char)' into 'hdv_engine(bool&, op_mode_t, frame_in_t, dataf_in_p_t&, chv_p_t&, bhv_p_t&, lhv_p_t&, pred_class_t*, sys_status_t*)'
remark: ./../src/hw/hls_xilinx/main.cpp:681:6: Inlining function 'void HDC_op<1ul, 1ul, 128ul>::bundle<ap_uint<1> [128], ap_uint<32> [128]>(ap_uint<1> const (&) [128], ap_uint<32> (&) [128])' into 'hdv_engine(bool&, op_mode_t, frame_in_t, dataf_in_p_t&, chv_p_t&, bhv_p_t&, lhv_p_t&, pred_class_t*, sys_status_t*)'
remark: ./../src/hw/hls_xilinx/main.cpp:558:14: Inlining function 'void HDC_op<1ul, 1ul, 128ul>::bind<ap_uint<1> [128]>(ap_uint<1> const (&) [128], ap_uint<1> const (&) [128], ap_uint<1> (&) [128])' into 'hdv_engine(bool&, op_mode_t, frame_in_t, dataf_in_p_t&, chv_p_t&, bhv_p_t&, lhv_p_t&, pred_class_t*, sys_status_t*)'
remark: ./../src/hw/hls_xilinx/main.cpp:275:9: Ignoring dependence pragma on local scalar variable 'similarity_max'.
remark: ./../src/hw/hls_xilinx/main.cpp:144:0: Disaggregating variable 'lhv_i'
remark: ./../src/hw/hls_xilinx/main.cpp:144:0: Disaggregating variable 'bhv_i'
remark: ./../src/hw/hls_xilinx/headers/../lib/hdc_lib/HDC_class.hpp:459:20: Loop 'VITIS_LOOP_459_1' is marked as complete unroll implied by the pipeline pragma
remark: ./../src/hw/hls_xilinx/headers/../lib/hdc_lib/HDC_class.hpp:463:20: Loop 'VITIS_LOOP_463_2' is marked as complete unroll implied by the pipeline pragma
remark: ./../src/hw/hls_xilinx/main.cpp:643:20: Loop 'VITIS_LOOP_643_4' is marked as complete unroll implied by the pipeline pragma
remark: ./../src/hw/hls_xilinx/headers/../lib/hdc_lib/HDC_class.hpp:371:20: Loop 'VITIS_LOOP_371_1' is marked as complete unroll implied by the pipeline pragma
remark: ./../src/hw/hls_xilinx/main.cpp:144:0: Unrolling loop 'VITIS_LOOP_548_2' (./../src/hw/hls_xilinx/headers/../lib/hdc_lib/HDC_class.hpp:548:24) in function 'hdv_engine' completely with a factor of 128
remark: ./../src/hw/hls_xilinx/main.cpp:144:0: Unrolling loop 'VITIS_LOOP_459_1' (./../src/hw/hls_xilinx/headers/../lib/hdc_lib/HDC_class.hpp:459:20) in function 'hdv_engine' completely with a factor of 1
remark: ./../src/hw/hls_xilinx/main.cpp:144:0: Unrolling loop 'VITIS_LOOP_463_2' (./../src/hw/hls_xilinx/headers/../lib/hdc_lib/HDC_class.hpp:463:20) in function 'hdv_engine' completely with a factor of 128
remark: ./../src/hw/hls_xilinx/main.cpp:144:0: Unrolling loop 'VITIS_LOOP_643_4' (./../src/hw/hls_xilinx/main.cpp:643:20) in function 'hdv_engine' completely with a factor of 128
remark: ./../src/hw/hls_xilinx/main.cpp:144:0: Unrolling loop 'VITIS_LOOP_371_1' (./../src/hw/hls_xilinx/headers/../lib/hdc_lib/HDC_class.hpp:371:20) in function 'hdv_engine' completely with a factor of 128
remark: ./../src/hw/hls_xilinx/main.cpp:144:0: Unrolling loop 'VITIS_LOOP_130_1' (./../src/hw/hls_xilinx/headers/../lib/hdc_lib/HDC_class.hpp:130:20) in function 'hdv_engine' completely with a factor of 1
remark: ./../src/hw/hls_xilinx/main.cpp:144:0: Unrolling loop 'VITIS_LOOP_134_2' (./../src/hw/hls_xilinx/headers/../lib/hdc_lib/HDC_class.hpp:134:20) in function 'hdv_engine' completely with a factor of 128
remark: ./../src/hw/hls_xilinx/main.cpp:223:0: Applying array_partition to '_ZZ10hdv_engineRb9op_mode_t10frame_in_tR12dataf_in_p_tR7chv_p_tR7bhv_p_tR7lhv_p_tP12pred_class_tP12sys_status_tE9BundledHV': Complete partitioning on dimension 1.
remark: ./../src/hw/hls_xilinx/main.cpp:224:0: Applying array_partition to '_ZZ10hdv_engineRb9op_mode_t10frame_in_tR12dataf_in_p_tR7chv_p_tR7bhv_p_tR7lhv_p_tP12pred_class_tP12sys_status_tE17Clipped_BundledHV': Complete partitioning on dimension 1.
remark: ./../src/hw/hls_xilinx/main.cpp:226:0: Applying array_partition to '_ZZ10hdv_engineRb9op_mode_t10frame_in_tR12dataf_in_p_tR7chv_p_tR7bhv_p_tR7lhv_p_tP12pred_class_tP12sys_status_tE18similarity_classes': Complete partitioning on dimension 1.
remark: ./../src/hw/hls_xilinx/main.cpp:233:0: Applying array_partition to '_ZZ10hdv_engineRb9op_mode_t10frame_in_tR12dataf_in_p_tR7chv_p_tR7bhv_p_tR7lhv_p_tP12pred_class_tP12sys_status_tE15Binded_Features': Complete partitioning on dimension 1.
remark: ./../src/hw/hls_xilinx/main.cpp:203:11: Applying array_partition to '_bhv': Complete partitioning on dimension 1.
remark: ./../src/hw/hls_xilinx/main.cpp:204:11: Applying array_partition to '_lhv': Complete partitioning on dimension 1.
remark: ./../src/hw/hls_xilinx/main.cpp:208:13: Applying array_partition to '_bhv_i': Complete partitioning on dimension 1.
remark: ./../src/hw/hls_xilinx/main.cpp:209:13: Applying array_partition to '_lhv_i': Complete partitioning on dimension 1.
remark: ./../src/hw/hls_xilinx/main.cpp:212:13: Applying array_partition to '_chv_i': Complete partitioning on dimension 1.
remark: ./../src/hw/hls_xilinx/main.cpp:144:0: Aggregating scalar variable 'lhv_i' with compact=bit mode in 128-bits
remark: ./../src/hw/hls_xilinx/main.cpp:144:0: Aggregating scalar variable 'bhv_i' with compact=bit mode in 128-bits
remark: ./../src/hw/hls_xilinx/main.cpp:144:0: Aggregating scalar variable 'chv_i' with compact=bit mode in 384-bits
error: <unknown>:0:0: in function 'hdv_engine(bool&, op_mode_t, frame_in_t, dataf_in_p_t&, chv_p_t&, bhv_p_t&, lhv_p_t&, pred_class_t*, sys_status_t*)': Unsupported aggregate pragma/directive on variable 'df_i' as the bit-width after aggregation (7168) is larger than 4096
error: Fail to Synthesize.
