

================================================================
== Vitis HLS Report for 'hdv_engine_Pipeline_VITIS_LOOP_294_2'
================================================================
* Date:           Wed Jun 26 20:23:24 2024

* Version:        2023.1 (Build 3854077 on May  4 2023)
* Project:        _hdc_hls_xilinx
* Solution:       solution1 (Vivado IP Flow Target)
* Product family: zynquplus
* Target device:  xczu9eg-ffvb1156-2-e


================================================================
== Performance Estimates
================================================================
+ Timing: 
    * Summary: 
    +--------+---------+----------+------------+
    |  Clock |  Target | Estimated| Uncertainty|
    +--------+---------+----------+------------+
    |ap_clk  |  5.00 ns|  0.975 ns|     1.35 ns|
    +--------+---------+----------+------------+

+ Latency: 
    * Summary: 
    +---------+---------+-----------+-----------+-----+-----+---------+
    |  Latency (cycles) |   Latency (absolute)  |  Interval | Pipeline|
    |   min   |   max   |    min    |    max    | min | max |   Type  |
    +---------+---------+-----------+-----------+-----+-----+---------+
    |        5|        5|  25.000 ns|  25.000 ns|    5|    5|       no|
    +---------+---------+-----------+-----------+-----+-----+---------+

    + Detail: 
        * Instance: 
        N/A

        * Loop: 
        +--------------------+---------+---------+----------+-----------+-----------+------+----------+
        |                    |  Latency (cycles) | Iteration|  Initiation Interval  | Trip |          |
        |      Loop Name     |   min   |   max   |  Latency |  achieved |   target  | Count| Pipelined|
        +--------------------+---------+---------+----------+-----------+-----------+------+----------+
        |- VITIS_LOOP_294_2  |        3|        3|         1|          1|          1|     3|       yes|
        +--------------------+---------+---------+----------+-----------+-----------+------+----------+



================================================================
== Utilization Estimates
================================================================
* Summary: 
+-----------------+---------+------+--------+--------+-----+
|       Name      | BRAM_18K|  DSP |   FF   |   LUT  | URAM|
+-----------------+---------+------+--------+--------+-----+
|DSP              |        -|     -|       -|       -|    -|
|Expression       |        -|     -|       0|      18|    -|
|FIFO             |        -|     -|       -|       -|    -|
|Instance         |        -|     -|       -|       -|    -|
|Memory           |        -|     -|       -|       -|    -|
|Multiplexer      |        -|     -|       -|      27|    -|
|Register         |        -|     -|       4|       -|    -|
+-----------------+---------+------+--------+--------+-----+
|Total            |        0|     0|       4|      45|    0|
+-----------------+---------+------+--------+--------+-----+
|Available        |     1824|  2520|  548160|  274080|    0|
+-----------------+---------+------+--------+--------+-----+
|Utilization (%)  |        0|     0|      ~0|      ~0|    0|
+-----------------+---------+------+--------+--------+-----+

+ Detail: 
    * Instance: 
    N/A

    * DSP: 
    N/A

    * Memory: 
    N/A

    * FIFO: 
    N/A

    * Expression: 
    +---------------------+----------+----+---+----+------------+------------+
    |    Variable Name    | Operation| DSP| FF| LUT| Bitwidth P0| Bitwidth P1|
    +---------------------+----------+----+---+----+------------+------------+
    |add_ln294_fu_60_p2   |         +|   0|  0|   9|           2|           1|
    |icmp_ln294_fu_54_p2  |      icmp|   0|  0|   9|           2|           2|
    +---------------------+----------+----+---+----+------------+------------+
    |Total                |          |   0|  0|  18|           4|           3|
    +---------------------+----------+----+---+----+------------+------------+

    * Multiplexer: 
    +----------------------+----+-----------+-----+-----------+
    |         Name         | LUT| Input Size| Bits| Total Bits|
    +----------------------+----+-----------+-----+-----------+
    |ap_done_int           |   9|          2|    1|          2|
    |ap_sig_allocacmp_i_3  |   9|          2|    2|          4|
    |i_fu_42               |   9|          2|    2|          4|
    +----------------------+----+-----------+-----+-----------+
    |Total                 |  27|          6|    5|         10|
    +----------------------+----+-----------+-----+-----------+

    * Register: 
    +-------------+---+----+-----+-----------+
    |     Name    | FF| LUT| Bits| Const Bits|
    +-------------+---+----+-----+-----------+
    |ap_CS_fsm    |  1|   0|    1|          0|
    |ap_done_reg  |  1|   0|    1|          0|
    |i_fu_42      |  2|   0|    2|          0|
    +-------------+---+----+-----+-----------+
    |Total        |  4|   0|    4|          0|
    +-------------+---+----+-----+-----------+



================================================================
== Interface
================================================================
* Summary: 
+--------------------------------------------------------------------------------------+-----+-----+------------+-------------------------------------------------------------------------------+--------------+
|                                       RTL Ports                                      | Dir | Bits|  Protocol  |                                 Source Object                                 |    C Type    |
+--------------------------------------------------------------------------------------+-----+-----+------------+-------------------------------------------------------------------------------+--------------+
|ap_clk                                                                                |   in|    1|  ap_ctrl_hs|                                           hdv_engine_Pipeline_VITIS_LOOP_294_2|  return value|
|ap_rst                                                                                |   in|    1|  ap_ctrl_hs|                                           hdv_engine_Pipeline_VITIS_LOOP_294_2|  return value|
|ap_start                                                                              |   in|    1|  ap_ctrl_hs|                                           hdv_engine_Pipeline_VITIS_LOOP_294_2|  return value|
|ap_done                                                                               |  out|    1|  ap_ctrl_hs|                                           hdv_engine_Pipeline_VITIS_LOOP_294_2|  return value|
|ap_idle                                                                               |  out|    1|  ap_ctrl_hs|                                           hdv_engine_Pipeline_VITIS_LOOP_294_2|  return value|
|ap_ready                                                                              |  out|    1|  ap_ctrl_hs|                                           hdv_engine_Pipeline_VITIS_LOOP_294_2|  return value|
|denom_a_classes_0                                                                     |  out|   32|      ap_vld|                                                              denom_a_classes_0|       pointer|
|denom_a_classes_0_ap_vld                                                              |  out|    1|      ap_vld|                                                              denom_a_classes_0|       pointer|
|denom_b_classes_0                                                                     |  out|   32|      ap_vld|                                                              denom_b_classes_0|       pointer|
|denom_b_classes_0_ap_vld                                                              |  out|    1|      ap_vld|                                                              denom_b_classes_0|       pointer|
|hdv_engine_bool_op_mode_t_frame_in_t_stream_chv_p_t_bhv_p_t_lhv_p_t_pred_cl_2         |  out|   32|      ap_vld|  hdv_engine_bool_op_mode_t_frame_in_t_stream_chv_p_t_bhv_p_t_lhv_p_t_pred_cl_2|       pointer|
|hdv_engine_bool_op_mode_t_frame_in_t_stream_chv_p_t_bhv_p_t_lhv_p_t_pred_cl_2_ap_vld  |  out|    1|      ap_vld|  hdv_engine_bool_op_mode_t_frame_in_t_stream_chv_p_t_bhv_p_t_lhv_p_t_pred_cl_2|       pointer|
|denom_a_classes_1                                                                     |  out|   32|      ap_vld|                                                              denom_a_classes_1|       pointer|
|denom_a_classes_1_ap_vld                                                              |  out|    1|      ap_vld|                                                              denom_a_classes_1|       pointer|
|denom_b_classes_1                                                                     |  out|   32|      ap_vld|                                                              denom_b_classes_1|       pointer|
|denom_b_classes_1_ap_vld                                                              |  out|    1|      ap_vld|                                                              denom_b_classes_1|       pointer|
|hdv_engine_bool_op_mode_t_frame_in_t_stream_chv_p_t_bhv_p_t_lhv_p_t_pred_cl_1         |  out|   32|      ap_vld|  hdv_engine_bool_op_mode_t_frame_in_t_stream_chv_p_t_bhv_p_t_lhv_p_t_pred_cl_1|       pointer|
|hdv_engine_bool_op_mode_t_frame_in_t_stream_chv_p_t_bhv_p_t_lhv_p_t_pred_cl_1_ap_vld  |  out|    1|      ap_vld|  hdv_engine_bool_op_mode_t_frame_in_t_stream_chv_p_t_bhv_p_t_lhv_p_t_pred_cl_1|       pointer|
|denom_a_classes_2                                                                     |  out|   32|      ap_vld|                                                              denom_a_classes_2|       pointer|
|denom_a_classes_2_ap_vld                                                              |  out|    1|      ap_vld|                                                              denom_a_classes_2|       pointer|
|denom_b_classes_2                                                                     |  out|   32|      ap_vld|                                                              denom_b_classes_2|       pointer|
|denom_b_classes_2_ap_vld                                                              |  out|    1|      ap_vld|                                                              denom_b_classes_2|       pointer|
|hdv_engine_bool_op_mode_t_frame_in_t_stream_chv_p_t_bhv_p_t_lhv_p_t_pred_cl           |  out|   32|      ap_vld|    hdv_engine_bool_op_mode_t_frame_in_t_stream_chv_p_t_bhv_p_t_lhv_p_t_pred_cl|       pointer|
|hdv_engine_bool_op_mode_t_frame_in_t_stream_chv_p_t_bhv_p_t_lhv_p_t_pred_cl_ap_vld    |  out|    1|      ap_vld|    hdv_engine_bool_op_mode_t_frame_in_t_stream_chv_p_t_bhv_p_t_lhv_p_t_pred_cl|       pointer|
+--------------------------------------------------------------------------------------+-----+-----+------------+-------------------------------------------------------------------------------+--------------+

============================================================
+ Verbose Summary: Synthesis Manager
============================================================
InlineROM: 1
ExposeGlobal: 0
============================================================
+ Verbose Summary: CDFG Model
============================================================
IsTopModel: 0
ResetActiveHigh: 1
IsCombinational: 2
IsDatapathOnly: 2
HasWiredReturn: 1
HasMFsm: 2
HasVarLatency: 1
IsPipeline: 0
IsRtlPipelined: 0
IsInstanceOverlapped: 0
IsDontTouch: 0
HasImplIP: 0
IsGatedGlobalClock: 0

+ Individual pipeline summary: 
  * Pipeline-0: initiation interval (II) = 1, depth = 1


============================================================
+ Verbose Summary: Schedule
============================================================
* Number of FSM states : 1
* Pipeline : 1
  Pipeline-0 : II = 1, D = 1, States = { 1 }
* Dataflow Pipeline: 0

* FSM state transitions: 
1 --> 

* FSM state operations: 

State 1 <SV = 0> <Delay = 0.97>
ST_1 : Operation 4 [1/1] (0.00ns)   --->   "%i = alloca i32 1"   --->   Operation 4 'alloca' 'i' <Predicate = true> <Delay = 0.00>
ST_1 : Operation 5 [1/1] (0.42ns)   --->   "%store_ln0 = store i2 0, i2 %i"   --->   Operation 5 'store' 'store_ln0' <Predicate = true> <Delay = 0.42>
ST_1 : Operation 6 [1/1] (0.00ns)   --->   "%br_ln0 = br void %for.inc"   --->   Operation 6 'br' 'br_ln0' <Predicate = true> <Delay = 0.00>
ST_1 : Operation 7 [1/1] (0.00ns)   --->   "%i_3 = load i2 %i" [./../src/hw/hls_xilinx/main.cpp:294]   --->   Operation 7 'load' 'i_3' <Predicate = true> <Delay = 0.00>
ST_1 : Operation 8 [1/1] (0.00ns)   --->   "%specpipeline_ln0 = specpipeline void @_ssdm_op_SpecPipeline, i32 4294967295, i32 0, i32 1, i32 0, void @p_str"   --->   Operation 8 'specpipeline' 'specpipeline_ln0' <Predicate = true> <Delay = 0.00>
ST_1 : Operation 9 [1/1] (0.54ns)   --->   "%icmp_ln294 = icmp_eq  i2 %i_3, i2 3" [./../src/hw/hls_xilinx/main.cpp:294]   --->   Operation 9 'icmp' 'icmp_ln294' <Predicate = true> <Delay = 0.54> <CoreInst = "Cmp">   --->   Core 9 'Cmp' <Latency = 0> <II = 1> <Delay = 0.54> <FuncUnit> <Opcode : 'icmp'> <InPorts = 2> <OutPorts = 1>
ST_1 : Operation 10 [1/1] (0.54ns)   --->   "%add_ln294 = add i2 %i_3, i2 1" [./../src/hw/hls_xilinx/main.cpp:294]   --->   Operation 10 'add' 'add_ln294' <Predicate = true> <Delay = 0.54> <CoreInst = "Adder">   --->   Core 1 'Adder' <Latency = 0> <II = 1> <Delay = 0.54> <FuncUnit> <Opcode : 'add' 'sub'> <InPorts = 2> <OutPorts = 1>
ST_1 : Operation 11 [1/1] (0.00ns)   --->   "%br_ln294 = br i1 %icmp_ln294, void %for.inc.split, void %exit.loopexit.exitStub" [./../src/hw/hls_xilinx/main.cpp:294]   --->   Operation 11 'br' 'br_ln294' <Predicate = true> <Delay = 0.00>
ST_1 : Operation 12 [1/1] (0.00ns)   --->   "%speclooptripcount_ln294 = speclooptripcount void @_ssdm_op_SpecLoopTripCount, i64 3, i64 3, i64 3" [./../src/hw/hls_xilinx/main.cpp:294]   --->   Operation 12 'speclooptripcount' 'speclooptripcount_ln294' <Predicate = (!icmp_ln294)> <Delay = 0.00>
ST_1 : Operation 13 [1/1] (0.00ns)   --->   "%specloopname_ln294 = specloopname void @_ssdm_op_SpecLoopName, void @empty_4" [./../src/hw/hls_xilinx/main.cpp:294]   --->   Operation 13 'specloopname' 'specloopname_ln294' <Predicate = (!icmp_ln294)> <Delay = 0.00>
ST_1 : Operation 14 [1/1] (0.73ns)   --->   "%switch_ln298 = switch i2 %i_3, void %branch14, i2 0, void %branch12, i2 1, void %branch13" [./../src/hw/hls_xilinx/main.cpp:298]   --->   Operation 14 'switch' 'switch_ln298' <Predicate = (!icmp_ln294)> <Delay = 0.73>
ST_1 : Operation 15 [1/1] (0.00ns)   --->   "%store_ln298 = store i32 0, i32 %denom_a_classes_1" [./../src/hw/hls_xilinx/main.cpp:298]   --->   Operation 15 'store' 'store_ln298' <Predicate = (!icmp_ln294 & i_3 == 1)> <Delay = 0.00>
ST_1 : Operation 16 [1/1] (0.00ns)   --->   "%store_ln299 = store i32 0, i32 %denom_b_classes_1" [./../src/hw/hls_xilinx/main.cpp:299]   --->   Operation 16 'store' 'store_ln299' <Predicate = (!icmp_ln294 & i_3 == 1)> <Delay = 0.00>
ST_1 : Operation 17 [1/1] (0.00ns)   --->   "%store_ln301 = store i32 0, i32 %hdv_engine_bool_op_mode_t_frame_in_t_stream_chv_p_t_bhv_p_t_lhv_p_t_pred_cl_1" [./../src/hw/hls_xilinx/main.cpp:301]   --->   Operation 17 'store' 'store_ln301' <Predicate = (!icmp_ln294 & i_3 == 1)> <Delay = 0.00>
ST_1 : Operation 18 [1/1] (0.00ns)   --->   "%br_ln0 = br void %arrayidx105.exit"   --->   Operation 18 'br' 'br_ln0' <Predicate = (!icmp_ln294 & i_3 == 1)> <Delay = 0.00>
ST_1 : Operation 19 [1/1] (0.00ns)   --->   "%store_ln298 = store i32 0, i32 %denom_a_classes_0" [./../src/hw/hls_xilinx/main.cpp:298]   --->   Operation 19 'store' 'store_ln298' <Predicate = (!icmp_ln294 & i_3 == 0)> <Delay = 0.00>
ST_1 : Operation 20 [1/1] (0.00ns)   --->   "%store_ln299 = store i32 0, i32 %denom_b_classes_0" [./../src/hw/hls_xilinx/main.cpp:299]   --->   Operation 20 'store' 'store_ln299' <Predicate = (!icmp_ln294 & i_3 == 0)> <Delay = 0.00>
ST_1 : Operation 21 [1/1] (0.00ns)   --->   "%store_ln301 = store i32 0, i32 %hdv_engine_bool_op_mode_t_frame_in_t_stream_chv_p_t_bhv_p_t_lhv_p_t_pred_cl_2" [./../src/hw/hls_xilinx/main.cpp:301]   --->   Operation 21 'store' 'store_ln301' <Predicate = (!icmp_ln294 & i_3 == 0)> <Delay = 0.00>
ST_1 : Operation 22 [1/1] (0.00ns)   --->   "%br_ln0 = br void %arrayidx105.exit"   --->   Operation 22 'br' 'br_ln0' <Predicate = (!icmp_ln294 & i_3 == 0)> <Delay = 0.00>
ST_1 : Operation 23 [1/1] (0.00ns)   --->   "%store_ln298 = store i32 0, i32 %denom_a_classes_2" [./../src/hw/hls_xilinx/main.cpp:298]   --->   Operation 23 'store' 'store_ln298' <Predicate = (!icmp_ln294 & i_3 != 0 & i_3 != 1)> <Delay = 0.00>
ST_1 : Operation 24 [1/1] (0.00ns)   --->   "%store_ln299 = store i32 0, i32 %denom_b_classes_2" [./../src/hw/hls_xilinx/main.cpp:299]   --->   Operation 24 'store' 'store_ln299' <Predicate = (!icmp_ln294 & i_3 != 0 & i_3 != 1)> <Delay = 0.00>
ST_1 : Operation 25 [1/1] (0.00ns)   --->   "%store_ln301 = store i32 0, i32 %hdv_engine_bool_op_mode_t_frame_in_t_stream_chv_p_t_bhv_p_t_lhv_p_t_pred_cl" [./../src/hw/hls_xilinx/main.cpp:301]   --->   Operation 25 'store' 'store_ln301' <Predicate = (!icmp_ln294 & i_3 != 0 & i_3 != 1)> <Delay = 0.00>
ST_1 : Operation 26 [1/1] (0.00ns)   --->   "%br_ln0 = br void %arrayidx105.exit"   --->   Operation 26 'br' 'br_ln0' <Predicate = (!icmp_ln294 & i_3 != 0 & i_3 != 1)> <Delay = 0.00>
ST_1 : Operation 27 [1/1] (0.42ns)   --->   "%store_ln294 = store i2 %add_ln294, i2 %i" [./../src/hw/hls_xilinx/main.cpp:294]   --->   Operation 27 'store' 'store_ln294' <Predicate = (!icmp_ln294)> <Delay = 0.42>
ST_1 : Operation 28 [1/1] (0.00ns)   --->   "%br_ln294 = br void %for.inc" [./../src/hw/hls_xilinx/main.cpp:294]   --->   Operation 28 'br' 'br_ln294' <Predicate = (!icmp_ln294)> <Delay = 0.00>
ST_1 : Operation 29 [1/1] (0.00ns)   --->   "%ret_ln0 = ret"   --->   Operation 29 'ret' 'ret_ln0' <Predicate = (icmp_ln294)> <Delay = 0.00>


============================================================
+ Verbose Summary: Binding
============================================================
STG Binding: 
---------------- STG Properties BEGIN ----------------
- Is combinational: 0
- Is one-state seq: 0
- Is datapath-only: 0
- Is pipelined: 0
- Is top level: 0
Port [ Return ] is wired: 1; IO mode=ap_ctrl_hs:ce=0
Port [ denom_a_classes_0]:  wired=1; compound=0; hidden=0; nouse=0; global=1; static=1; extern=0; dir=1; type=0; pingpong=0; private_global=0; IO mode=ap_vld:ce=0
Port [ denom_b_classes_0]:  wired=1; compound=0; hidden=0; nouse=0; global=1; static=1; extern=0; dir=1; type=0; pingpong=0; private_global=0; IO mode=ap_vld:ce=0
Port [ hdv_engine_bool_op_mode_t_frame_in_t_stream_chv_p_t_bhv_p_t_lhv_p_t_pred_cl_2]:  wired=1; compound=0; hidden=0; nouse=0; global=1; static=1; extern=0; dir=1; type=0; pingpong=0; private_global=0; IO mode=ap_vld:ce=0
Port [ denom_a_classes_1]:  wired=1; compound=0; hidden=0; nouse=0; global=1; static=1; extern=0; dir=1; type=0; pingpong=0; private_global=0; IO mode=ap_vld:ce=0
Port [ denom_b_classes_1]:  wired=1; compound=0; hidden=0; nouse=0; global=1; static=1; extern=0; dir=1; type=0; pingpong=0; private_global=0; IO mode=ap_vld:ce=0
Port [ hdv_engine_bool_op_mode_t_frame_in_t_stream_chv_p_t_bhv_p_t_lhv_p_t_pred_cl_1]:  wired=1; compound=0; hidden=0; nouse=0; global=1; static=1; extern=0; dir=1; type=0; pingpong=0; private_global=0; IO mode=ap_vld:ce=0
Port [ denom_a_classes_2]:  wired=1; compound=0; hidden=0; nouse=0; global=1; static=1; extern=0; dir=1; type=0; pingpong=0; private_global=0; IO mode=ap_vld:ce=0
Port [ denom_b_classes_2]:  wired=1; compound=0; hidden=0; nouse=0; global=1; static=1; extern=0; dir=1; type=0; pingpong=0; private_global=0; IO mode=ap_vld:ce=0
Port [ hdv_engine_bool_op_mode_t_frame_in_t_stream_chv_p_t_bhv_p_t_lhv_p_t_pred_cl]:  wired=1; compound=0; hidden=0; nouse=0; global=1; static=1; extern=0; dir=1; type=0; pingpong=0; private_global=0; IO mode=ap_vld:ce=0
---------------- STG Properties END ------------------

---------------- Datapath Model BEGIN ----------------

<LifeTime>
<method=bitvector/>
i                       (alloca           ) [ 01]
store_ln0               (store            ) [ 00]
br_ln0                  (br               ) [ 00]
i_3                     (load             ) [ 01]
specpipeline_ln0        (specpipeline     ) [ 00]
icmp_ln294              (icmp             ) [ 01]
add_ln294               (add              ) [ 00]
br_ln294                (br               ) [ 00]
speclooptripcount_ln294 (speclooptripcount) [ 00]
specloopname_ln294      (specloopname     ) [ 00]
switch_ln298            (switch           ) [ 00]
store_ln298             (store            ) [ 00]
store_ln299             (store            ) [ 00]
store_ln301             (store            ) [ 00]
br_ln0                  (br               ) [ 00]
store_ln298             (store            ) [ 00]
store_ln299             (store            ) [ 00]
store_ln301             (store            ) [ 00]
br_ln0                  (br               ) [ 00]
store_ln298             (store            ) [ 00]
store_ln299             (store            ) [ 00]
store_ln301             (store            ) [ 00]
br_ln0                  (br               ) [ 00]
store_ln294             (store            ) [ 00]
br_ln294                (br               ) [ 00]
ret_ln0                 (ret              ) [ 00]
</LifeTime>

<model>

<comp_list>
<comp id="0" class="1000" name="denom_a_classes_0">
<pin_list>
<pin id="1" dir="1" index="0" bw="1" slack="0"/>
</pin_list>
<bind>
<StgValue><ssdm name="denom_a_classes_0"/></StgValue>
</bind>
</comp>

<comp id="2" class="1000" name="denom_b_classes_0">
<pin_list>
<pin id="3" dir="1" index="0" bw="1" slack="0"/>
</pin_list>
<bind>
<StgValue><ssdm name="denom_b_classes_0"/></StgValue>
</bind>
</comp>

<comp id="4" class="1000" name="hdv_engine_bool_op_mode_t_frame_in_t_stream_chv_p_t_bhv_p_t_lhv_p_t_pred_cl_2">
<pin_list>
<pin id="5" dir="1" index="0" bw="1" slack="0"/>
</pin_list>
<bind>
<StgValue><ssdm name="hdv_engine_bool_op_mode_t_frame_in_t_stream_chv_p_t_bhv_p_t_lhv_p_t_pred_cl_2"/></StgValue>
</bind>
</comp>

<comp id="6" class="1000" name="denom_a_classes_1">
<pin_list>
<pin id="7" dir="1" index="0" bw="1" slack="0"/>
</pin_list>
<bind>
<StgValue><ssdm name="denom_a_classes_1"/></StgValue>
</bind>
</comp>

<comp id="8" class="1000" name="denom_b_classes_1">
<pin_list>
<pin id="9" dir="1" index="0" bw="1" slack="0"/>
</pin_list>
<bind>
<StgValue><ssdm name="denom_b_classes_1"/></StgValue>
</bind>
</comp>

<comp id="10" class="1000" name="hdv_engine_bool_op_mode_t_frame_in_t_stream_chv_p_t_bhv_p_t_lhv_p_t_pred_cl_1">
<pin_list>
<pin id="11" dir="1" index="0" bw="1" slack="0"/>
</pin_list>
<bind>
<StgValue><ssdm name="hdv_engine_bool_op_mode_t_frame_in_t_stream_chv_p_t_bhv_p_t_lhv_p_t_pred_cl_1"/></StgValue>
</bind>
</comp>

<comp id="12" class="1000" name="denom_a_classes_2">
<pin_list>
<pin id="13" dir="1" index="0" bw="1" slack="0"/>
</pin_list>
<bind>
<StgValue><ssdm name="denom_a_classes_2"/></StgValue>
</bind>
</comp>

<comp id="14" class="1000" name="denom_b_classes_2">
<pin_list>
<pin id="15" dir="1" index="0" bw="1" slack="0"/>
</pin_list>
<bind>
<StgValue><ssdm name="denom_b_classes_2"/></StgValue>
</bind>
</comp>

<comp id="16" class="1000" name="hdv_engine_bool_op_mode_t_frame_in_t_stream_chv_p_t_bhv_p_t_lhv_p_t_pred_cl">
<pin_list>
<pin id="17" dir="1" index="0" bw="1" slack="0"/>
</pin_list>
<bind>
<StgValue><ssdm name="hdv_engine_bool_op_mode_t_frame_in_t_stream_chv_p_t_bhv_p_t_lhv_p_t_pred_cl"/></StgValue>
</bind>
</comp>

<comp id="18" class="1001" name="const_18">
<pin_list>
<pin id="19" dir="1" index="0" bw="1" slack="0"/>
</pin_list>
<bind>
<StgValue><ssdm name=""/></StgValue>
</bind>
</comp>

<comp id="20" class="1001" name="const_20">
<pin_list>
<pin id="21" dir="1" index="0" bw="1" slack="0"/>
</pin_list>
<bind>
<StgValue><ssdm name=""/></StgValue>
</bind>
</comp>

<comp id="22" class="1001" name="const_22">
<pin_list>
<pin id="23" dir="1" index="0" bw="1" slack="2147483647"/>
</pin_list>
<bind>
<StgValue><ssdm name="_ssdm_op_SpecPipeline"/></StgValue>
</bind>
</comp>

<comp id="24" class="1001" name="const_24">
<pin_list>
<pin id="25" dir="1" index="0" bw="1" slack="2147483647"/>
</pin_list>
<bind>
<StgValue><ssdm name=""/></StgValue>
</bind>
</comp>

<comp id="26" class="1001" name="const_26">
<pin_list>
<pin id="27" dir="1" index="0" bw="1" slack="0"/>
</pin_list>
<bind>
<StgValue><ssdm name=""/></StgValue>
</bind>
</comp>

<comp id="28" class="1001" name="const_28">
<pin_list>
<pin id="29" dir="1" index="0" bw="1" slack="2147483647"/>
</pin_list>
<bind>
<StgValue><ssdm name="p_str"/></StgValue>
</bind>
</comp>

<comp id="30" class="1001" name="const_30">
<pin_list>
<pin id="31" dir="1" index="0" bw="1" slack="0"/>
</pin_list>
<bind>
<StgValue><ssdm name=""/></StgValue>
</bind>
</comp>

<comp id="32" class="1001" name="const_32">
<pin_list>
<pin id="33" dir="1" index="0" bw="1" slack="0"/>
</pin_list>
<bind>
<StgValue><ssdm name=""/></StgValue>
</bind>
</comp>

<comp id="34" class="1001" name="const_34">
<pin_list>
<pin id="35" dir="1" index="0" bw="1" slack="2147483647"/>
</pin_list>
<bind>
<StgValue><ssdm name="_ssdm_op_SpecLoopTripCount"/></StgValue>
</bind>
</comp>

<comp id="36" class="1001" name="const_36">
<pin_list>
<pin id="37" dir="1" index="0" bw="1" slack="2147483647"/>
</pin_list>
<bind>
<StgValue><ssdm name=""/></StgValue>
</bind>
</comp>

<comp id="38" class="1001" name="const_38">
<pin_list>
<pin id="39" dir="1" index="0" bw="1" slack="2147483647"/>
</pin_list>
<bind>
<StgValue><ssdm name="_ssdm_op_SpecLoopName"/></StgValue>
</bind>
</comp>

<comp id="40" class="1001" name="const_40">
<pin_list>
<pin id="41" dir="1" index="0" bw="1" slack="2147483647"/>
</pin_list>
<bind>
<StgValue><ssdm name="empty_4"/></StgValue>
</bind>
</comp>

<comp id="42" class="1004" name="i_fu_42">
<pin_list>
<pin id="43" dir="0" index="0" bw="1" slack="0"/>
<pin id="44" dir="1" index="1" bw="2" slack="0"/>
</pin_list>
<bind>
<opcode="alloca(26) " fcode="alloca"/>
<opset="i/1 "/>
</bind>
</comp>

<comp id="46" class="1004" name="store_ln0_store_fu_46">
<pin_list>
<pin id="47" dir="0" index="0" bw="1" slack="0"/>
<pin id="48" dir="0" index="1" bw="2" slack="0"/>
<pin id="49" dir="1" index="2" bw="0" slack="2147483647"/>
</pin_list>
<bind>
<opcode="store(28) " fcode="store"/>
<opset="store_ln0/1 "/>
</bind>
</comp>

<comp id="51" class="1004" name="i_3_load_fu_51">
<pin_list>
<pin id="52" dir="0" index="0" bw="2" slack="0"/>
<pin id="53" dir="1" index="1" bw="2" slack="0"/>
</pin_list>
<bind>
<opcode="load(27) " fcode="load"/>
<opset="i_3/1 "/>
</bind>
</comp>

<comp id="54" class="1004" name="icmp_ln294_fu_54">
<pin_list>
<pin id="55" dir="0" index="0" bw="2" slack="0"/>
<pin id="56" dir="0" index="1" bw="2" slack="0"/>
<pin id="57" dir="1" index="2" bw="1" slack="2147483647"/>
</pin_list>
<bind>
<opcode="icmp(45) " fcode="icmp"/>
<opset="icmp_ln294/1 "/>
</bind>
</comp>

<comp id="60" class="1004" name="add_ln294_fu_60">
<pin_list>
<pin id="61" dir="0" index="0" bw="2" slack="0"/>
<pin id="62" dir="0" index="1" bw="1" slack="0"/>
<pin id="63" dir="1" index="2" bw="2" slack="0"/>
</pin_list>
<bind>
<opcode="add(8) " fcode="add"/>
<opset="add_ln294/1 "/>
</bind>
</comp>

<comp id="66" class="1004" name="store_ln298_store_fu_66">
<pin_list>
<pin id="67" dir="0" index="0" bw="1" slack="0"/>
<pin id="68" dir="0" index="1" bw="32" slack="0"/>
<pin id="69" dir="1" index="2" bw="0" slack="2147483647"/>
</pin_list>
<bind>
<opcode="store(28) " fcode="store"/>
<opset="store_ln298/1 "/>
</bind>
</comp>

<comp id="72" class="1004" name="store_ln299_store_fu_72">
<pin_list>
<pin id="73" dir="0" index="0" bw="1" slack="0"/>
<pin id="74" dir="0" index="1" bw="32" slack="0"/>
<pin id="75" dir="1" index="2" bw="0" slack="2147483647"/>
</pin_list>
<bind>
<opcode="store(28) " fcode="store"/>
<opset="store_ln299/1 "/>
</bind>
</comp>

<comp id="78" class="1004" name="store_ln301_store_fu_78">
<pin_list>
<pin id="79" dir="0" index="0" bw="1" slack="0"/>
<pin id="80" dir="0" index="1" bw="32" slack="0"/>
<pin id="81" dir="1" index="2" bw="0" slack="2147483647"/>
</pin_list>
<bind>
<opcode="store(28) " fcode="store"/>
<opset="store_ln301/1 "/>
</bind>
</comp>

<comp id="84" class="1004" name="store_ln298_store_fu_84">
<pin_list>
<pin id="85" dir="0" index="0" bw="1" slack="0"/>
<pin id="86" dir="0" index="1" bw="32" slack="0"/>
<pin id="87" dir="1" index="2" bw="0" slack="2147483647"/>
</pin_list>
<bind>
<opcode="store(28) " fcode="store"/>
<opset="store_ln298/1 "/>
</bind>
</comp>

<comp id="90" class="1004" name="store_ln299_store_fu_90">
<pin_list>
<pin id="91" dir="0" index="0" bw="1" slack="0"/>
<pin id="92" dir="0" index="1" bw="32" slack="0"/>
<pin id="93" dir="1" index="2" bw="0" slack="2147483647"/>
</pin_list>
<bind>
<opcode="store(28) " fcode="store"/>
<opset="store_ln299/1 "/>
</bind>
</comp>

<comp id="96" class="1004" name="store_ln301_store_fu_96">
<pin_list>
<pin id="97" dir="0" index="0" bw="1" slack="0"/>
<pin id="98" dir="0" index="1" bw="32" slack="0"/>
<pin id="99" dir="1" index="2" bw="0" slack="2147483647"/>
</pin_list>
<bind>
<opcode="store(28) " fcode="store"/>
<opset="store_ln301/1 "/>
</bind>
</comp>

<comp id="102" class="1004" name="store_ln298_store_fu_102">
<pin_list>
<pin id="103" dir="0" index="0" bw="1" slack="0"/>
<pin id="104" dir="0" index="1" bw="32" slack="0"/>
<pin id="105" dir="1" index="2" bw="0" slack="2147483647"/>
</pin_list>
<bind>
<opcode="store(28) " fcode="store"/>
<opset="store_ln298/1 "/>
</bind>
</comp>

<comp id="108" class="1004" name="store_ln299_store_fu_108">
<pin_list>
<pin id="109" dir="0" index="0" bw="1" slack="0"/>
<pin id="110" dir="0" index="1" bw="32" slack="0"/>
<pin id="111" dir="1" index="2" bw="0" slack="2147483647"/>
</pin_list>
<bind>
<opcode="store(28) " fcode="store"/>
<opset="store_ln299/1 "/>
</bind>
</comp>

<comp id="114" class="1004" name="store_ln301_store_fu_114">
<pin_list>
<pin id="115" dir="0" index="0" bw="1" slack="0"/>
<pin id="116" dir="0" index="1" bw="32" slack="0"/>
<pin id="117" dir="1" index="2" bw="0" slack="2147483647"/>
</pin_list>
<bind>
<opcode="store(28) " fcode="store"/>
<opset="store_ln301/1 "/>
</bind>
</comp>

<comp id="120" class="1004" name="store_ln294_store_fu_120">
<pin_list>
<pin id="121" dir="0" index="0" bw="2" slack="0"/>
<pin id="122" dir="0" index="1" bw="2" slack="0"/>
<pin id="123" dir="1" index="2" bw="0" slack="2147483647"/>
</pin_list>
<bind>
<opcode="store(28) " fcode="store"/>
<opset="store_ln294/1 "/>
</bind>
</comp>

<comp id="125" class="1005" name="i_reg_125">
<pin_list>
<pin id="126" dir="0" index="0" bw="2" slack="0"/>
<pin id="127" dir="1" index="1" bw="2" slack="0"/>
</pin_list>
<bind>
<opset="i "/>
</bind>
</comp>

</comp_list>

<net_list>
<net id="45"><net_src comp="18" pin="0"/><net_sink comp="42" pin=0"/></net>

<net id="50"><net_src comp="20" pin="0"/><net_sink comp="46" pin=0"/></net>

<net id="58"><net_src comp="51" pin="1"/><net_sink comp="54" pin=0"/></net>

<net id="59"><net_src comp="30" pin="0"/><net_sink comp="54" pin=1"/></net>

<net id="64"><net_src comp="51" pin="1"/><net_sink comp="60" pin=0"/></net>

<net id="65"><net_src comp="32" pin="0"/><net_sink comp="60" pin=1"/></net>

<net id="70"><net_src comp="26" pin="0"/><net_sink comp="66" pin=0"/></net>

<net id="71"><net_src comp="6" pin="0"/><net_sink comp="66" pin=1"/></net>

<net id="76"><net_src comp="26" pin="0"/><net_sink comp="72" pin=0"/></net>

<net id="77"><net_src comp="8" pin="0"/><net_sink comp="72" pin=1"/></net>

<net id="82"><net_src comp="26" pin="0"/><net_sink comp="78" pin=0"/></net>

<net id="83"><net_src comp="10" pin="0"/><net_sink comp="78" pin=1"/></net>

<net id="88"><net_src comp="26" pin="0"/><net_sink comp="84" pin=0"/></net>

<net id="89"><net_src comp="0" pin="0"/><net_sink comp="84" pin=1"/></net>

<net id="94"><net_src comp="26" pin="0"/><net_sink comp="90" pin=0"/></net>

<net id="95"><net_src comp="2" pin="0"/><net_sink comp="90" pin=1"/></net>

<net id="100"><net_src comp="26" pin="0"/><net_sink comp="96" pin=0"/></net>

<net id="101"><net_src comp="4" pin="0"/><net_sink comp="96" pin=1"/></net>

<net id="106"><net_src comp="26" pin="0"/><net_sink comp="102" pin=0"/></net>

<net id="107"><net_src comp="12" pin="0"/><net_sink comp="102" pin=1"/></net>

<net id="112"><net_src comp="26" pin="0"/><net_sink comp="108" pin=0"/></net>

<net id="113"><net_src comp="14" pin="0"/><net_sink comp="108" pin=1"/></net>

<net id="118"><net_src comp="26" pin="0"/><net_sink comp="114" pin=0"/></net>

<net id="119"><net_src comp="16" pin="0"/><net_sink comp="114" pin=1"/></net>

<net id="124"><net_src comp="60" pin="2"/><net_sink comp="120" pin=0"/></net>

<net id="128"><net_src comp="42" pin="1"/><net_sink comp="125" pin=0"/></net>

<net id="129"><net_src comp="125" pin="1"/><net_sink comp="46" pin=1"/></net>

<net id="130"><net_src comp="125" pin="1"/><net_sink comp="51" pin=0"/></net>

<net id="131"><net_src comp="125" pin="1"/><net_sink comp="120" pin=1"/></net>

</net_list>

</model> 
---------------- Datapath Model END ------------------

* FSMD analyzer results:
  - Output states:
	Port: denom_a_classes_0 | {1 }
	Port: denom_b_classes_0 | {1 }
	Port: hdv_engine_bool_op_mode_t_frame_in_t_stream_chv_p_t_bhv_p_t_lhv_p_t_pred_cl_2 | {1 }
	Port: denom_a_classes_1 | {1 }
	Port: denom_b_classes_1 | {1 }
	Port: hdv_engine_bool_op_mode_t_frame_in_t_stream_chv_p_t_bhv_p_t_lhv_p_t_pred_cl_1 | {1 }
	Port: denom_a_classes_2 | {1 }
	Port: denom_b_classes_2 | {1 }
	Port: hdv_engine_bool_op_mode_t_frame_in_t_stream_chv_p_t_bhv_p_t_lhv_p_t_pred_cl | {1 }
 - Input state : 
	Port: hdv_engine_Pipeline_VITIS_LOOP_294_2 : denom_a_classes_0 | {}
	Port: hdv_engine_Pipeline_VITIS_LOOP_294_2 : denom_b_classes_0 | {}
	Port: hdv_engine_Pipeline_VITIS_LOOP_294_2 : hdv_engine_bool_op_mode_t_frame_in_t_stream_chv_p_t_bhv_p_t_lhv_p_t_pred_cl_2 | {}
	Port: hdv_engine_Pipeline_VITIS_LOOP_294_2 : denom_a_classes_1 | {}
	Port: hdv_engine_Pipeline_VITIS_LOOP_294_2 : denom_b_classes_1 | {}
	Port: hdv_engine_Pipeline_VITIS_LOOP_294_2 : hdv_engine_bool_op_mode_t_frame_in_t_stream_chv_p_t_bhv_p_t_lhv_p_t_pred_cl_1 | {}
	Port: hdv_engine_Pipeline_VITIS_LOOP_294_2 : denom_a_classes_2 | {}
	Port: hdv_engine_Pipeline_VITIS_LOOP_294_2 : denom_b_classes_2 | {}
	Port: hdv_engine_Pipeline_VITIS_LOOP_294_2 : hdv_engine_bool_op_mode_t_frame_in_t_stream_chv_p_t_bhv_p_t_lhv_p_t_pred_cl | {}
  - Chain level:
	State 1
		store_ln0 : 1
		i_3 : 1
		icmp_ln294 : 2
		add_ln294 : 2
		br_ln294 : 3
		switch_ln298 : 2
		store_ln294 : 3


============================================================
+ Verbose Summary: Datapath Resource usage 
============================================================

* Functional unit list:
|----------|------------------|---------|---------|
| Operation|  Functional Unit |    FF   |   LUT   |
|----------|------------------|---------|---------|
|   icmp   | icmp_ln294_fu_54 |    0    |    9    |
|----------|------------------|---------|---------|
|    add   |  add_ln294_fu_60 |    0    |    9    |
|----------|------------------|---------|---------|
|   Total  |                  |    0    |    18   |
|----------|------------------|---------|---------|

Memories:
N/A

* Register list:
+---------+--------+
|         |   FF   |
+---------+--------+
|i_reg_125|    2   |
+---------+--------+
|  Total  |    2   |
+---------+--------+

* Multiplexer (MUX) list: 
|--------|------|------|------|--------|
|  Comp  |  Pin | Size |  BW  | S x BW |
|--------|------|------|------|--------|
|  Total |      |      |      |    0   |
|--------|------|------|------|--------|



* Summary:
+-----------+--------+--------+
|           |   FF   |   LUT  |
+-----------+--------+--------+
|  Function |    0   |   18   |
|   Memory  |    -   |    -   |
|Multiplexer|    -   |    -   |
|  Register |    2   |    -   |
+-----------+--------+--------+
|   Total   |    2   |   18   |
+-----------+--------+--------+
