

================================================================
== Vitis HLS Report for 'hdv_engine_Pipeline_VITIS_LOOP_281_2'
================================================================
* Date:           Fri Jun 21 12:02:46 2024

* Version:        2023.1 (Build 3854077 on May  4 2023)
* Project:        _hdc_hls_xilinx
* Solution:       solution1 (Vivado IP Flow Target)
* Product family: zynquplus
* Target device:  xczu9eg-ffvb1156-2-e


================================================================
== Performance Estimates
================================================================
+ Timing: 
    * Summary: 
    +--------+---------+----------+------------+
    |  Clock |  Target | Estimated| Uncertainty|
    +--------+---------+----------+------------+
    |ap_clk  |  5.00 ns|  0.975 ns|     1.35 ns|
    +--------+---------+----------+------------+

+ Latency: 
    * Summary: 
    +---------+---------+-----------+-----------+-----+-----+---------+
    |  Latency (cycles) |   Latency (absolute)  |  Interval | Pipeline|
    |   min   |   max   |    min    |    max    | min | max |   Type  |
    +---------+---------+-----------+-----------+-----+-----+---------+
    |        5|        5|  25.000 ns|  25.000 ns|    5|    5|       no|
    +---------+---------+-----------+-----------+-----+-----+---------+

    + Detail: 
        * Instance: 
        N/A

        * Loop: 
        +--------------------+---------+---------+----------+-----------+-----------+------+----------+
        |                    |  Latency (cycles) | Iteration|  Initiation Interval  | Trip |          |
        |      Loop Name     |   min   |   max   |  Latency |  achieved |   target  | Count| Pipelined|
        +--------------------+---------+---------+----------+-----------+-----------+------+----------+
        |- VITIS_LOOP_281_2  |        3|        3|         1|          1|          1|     3|       yes|
        +--------------------+---------+---------+----------+-----------+-----------+------+----------+

============================================================
+ Verbose Summary: Synthesis Manager
============================================================
InlineROM: 1
ExposeGlobal: 0
============================================================
+ Verbose Summary: CDFG Model
============================================================
IsTopModel: 0
ResetActiveHigh: 1
IsCombinational: 0
IsDatapathOnly: 0
HasWiredReturn: 1
HasMFsm: 2
HasVarLatency: 1
IsPipeline: 0
IsRtlPipelined: 0
IsInstanceOverlapped: 0
IsDontTouch: 0
HasImplIP: 0
IsGatedGlobalClock: 0

+ Individual pipeline summary: 
  * Pipeline-0: initiation interval (II) = 1, depth = 1


============================================================
+ Verbose Summary: Schedule
============================================================
* Number of FSM states : 1
* Pipeline : 1
  Pipeline-0 : II = 1, D = 1, States = { 1 }
* Dataflow Pipeline: 0

* FSM state transitions: 
1 --> 

* FSM state operations: 

State 1 <SV = 0> <Delay = 0.97>
ST_1 : Operation 4 [1/1] (0.00ns)   --->   "%i = alloca i32 1"   --->   Operation 4 'alloca' 'i' <Predicate = true> <Delay = 0.00>
ST_1 : Operation 5 [1/1] (0.42ns)   --->   "%store_ln0 = store i2 0, i2 %i"   --->   Operation 5 'store' 'store_ln0' <Predicate = true> <Delay = 0.42>
ST_1 : Operation 6 [1/1] (0.00ns)   --->   "%br_ln0 = br void %for.inc"   --->   Operation 6 'br' 'br_ln0' <Predicate = true> <Delay = 0.00>
ST_1 : Operation 7 [1/1] (0.00ns)   --->   "%i_3 = load i2 %i" [./../src/hw/hls_xilinx/main.cpp:281]   --->   Operation 7 'load' 'i_3' <Predicate = true> <Delay = 0.00>
ST_1 : Operation 8 [1/1] (0.00ns)   --->   "%specpipeline_ln0 = specpipeline void @_ssdm_op_SpecPipeline, i32 4294967295, i32 0, i32 1, i32 0, void @p_str"   --->   Operation 8 'specpipeline' 'specpipeline_ln0' <Predicate = true> <Delay = 0.00>
ST_1 : Operation 9 [1/1] (0.54ns)   --->   "%icmp_ln281 = icmp_eq  i2 %i_3, i2 3" [./../src/hw/hls_xilinx/main.cpp:281]   --->   Operation 9 'icmp' 'icmp_ln281' <Predicate = true> <Delay = 0.54> <CoreInst = "Cmp">   --->   Core 9 'Cmp' <Latency = 0> <II = 1> <Delay = 0.54> <FuncUnit> <Opcode : 'icmp'> <InPorts = 2> <OutPorts = 1>
ST_1 : Operation 10 [1/1] (0.54ns)   --->   "%add_ln281 = add i2 %i_3, i2 1" [./../src/hw/hls_xilinx/main.cpp:281]   --->   Operation 10 'add' 'add_ln281' <Predicate = true> <Delay = 0.54> <CoreInst = "Adder">   --->   Core 1 'Adder' <Latency = 0> <II = 1> <Delay = 0.54> <FuncUnit> <Opcode : 'add' 'sub'> <InPorts = 2> <OutPorts = 1>
ST_1 : Operation 11 [1/1] (0.00ns)   --->   "%br_ln281 = br i1 %icmp_ln281, void %for.inc.split, void %exit.loopexit.exitStub" [./../src/hw/hls_xilinx/main.cpp:281]   --->   Operation 11 'br' 'br_ln281' <Predicate = true> <Delay = 0.00>
ST_1 : Operation 12 [1/1] (0.00ns)   --->   "%speclooptripcount_ln281 = speclooptripcount void @_ssdm_op_SpecLoopTripCount, i64 3, i64 3, i64 3" [./../src/hw/hls_xilinx/main.cpp:281]   --->   Operation 12 'speclooptripcount' 'speclooptripcount_ln281' <Predicate = (!icmp_ln281)> <Delay = 0.00>
ST_1 : Operation 13 [1/1] (0.00ns)   --->   "%specloopname_ln281 = specloopname void @_ssdm_op_SpecLoopName, void @empty_8" [./../src/hw/hls_xilinx/main.cpp:281]   --->   Operation 13 'specloopname' 'specloopname_ln281' <Predicate = (!icmp_ln281)> <Delay = 0.00>
ST_1 : Operation 14 [1/1] (0.73ns)   --->   "%switch_ln288 = switch i2 %i_3, void %arrayidx81.case.2, i2 0, void %arrayidx81.case.0, i2 1, void %arrayidx81.case.1" [./../src/hw/hls_xilinx/main.cpp:288]   --->   Operation 14 'switch' 'switch_ln288' <Predicate = (!icmp_ln281)> <Delay = 0.73>
ST_1 : Operation 15 [1/1] (0.00ns)   --->   "%store_ln288 = store i32 0, i32 %hdv_engine_bool_op_mode_t_frame_in_t_stream_chv_p_t_bhv_p_t_lhv_p_t_pred_cl_1" [./../src/hw/hls_xilinx/main.cpp:288]   --->   Operation 15 'store' 'store_ln288' <Predicate = (!icmp_ln281 & i_3 == 1)> <Delay = 0.00>
ST_1 : Operation 16 [1/1] (0.00ns)   --->   "%br_ln288 = br void %arrayidx81.exit" [./../src/hw/hls_xilinx/main.cpp:288]   --->   Operation 16 'br' 'br_ln288' <Predicate = (!icmp_ln281 & i_3 == 1)> <Delay = 0.00>
ST_1 : Operation 17 [1/1] (0.00ns)   --->   "%store_ln288 = store i32 0, i32 %hdv_engine_bool_op_mode_t_frame_in_t_stream_chv_p_t_bhv_p_t_lhv_p_t_pred_cl_2" [./../src/hw/hls_xilinx/main.cpp:288]   --->   Operation 17 'store' 'store_ln288' <Predicate = (!icmp_ln281 & i_3 == 0)> <Delay = 0.00>
ST_1 : Operation 18 [1/1] (0.00ns)   --->   "%br_ln288 = br void %arrayidx81.exit" [./../src/hw/hls_xilinx/main.cpp:288]   --->   Operation 18 'br' 'br_ln288' <Predicate = (!icmp_ln281 & i_3 == 0)> <Delay = 0.00>
ST_1 : Operation 19 [1/1] (0.00ns)   --->   "%store_ln288 = store i32 0, i32 %hdv_engine_bool_op_mode_t_frame_in_t_stream_chv_p_t_bhv_p_t_lhv_p_t_pred_cl" [./../src/hw/hls_xilinx/main.cpp:288]   --->   Operation 19 'store' 'store_ln288' <Predicate = (!icmp_ln281 & i_3 != 0 & i_3 != 1)> <Delay = 0.00>
ST_1 : Operation 20 [1/1] (0.00ns)   --->   "%br_ln288 = br void %arrayidx81.exit" [./../src/hw/hls_xilinx/main.cpp:288]   --->   Operation 20 'br' 'br_ln288' <Predicate = (!icmp_ln281 & i_3 != 0 & i_3 != 1)> <Delay = 0.00>
ST_1 : Operation 21 [1/1] (0.42ns)   --->   "%store_ln281 = store i2 %add_ln281, i2 %i" [./../src/hw/hls_xilinx/main.cpp:281]   --->   Operation 21 'store' 'store_ln281' <Predicate = (!icmp_ln281)> <Delay = 0.42>
ST_1 : Operation 22 [1/1] (0.00ns)   --->   "%br_ln281 = br void %for.inc" [./../src/hw/hls_xilinx/main.cpp:281]   --->   Operation 22 'br' 'br_ln281' <Predicate = (!icmp_ln281)> <Delay = 0.00>
ST_1 : Operation 23 [1/1] (0.00ns)   --->   "%ret_ln0 = ret"   --->   Operation 23 'ret' 'ret_ln0' <Predicate = (icmp_ln281)> <Delay = 0.00>


============================================================
+ Verbose Summary: Timing violations
============================================================
Target clock period: 5.000ns, clock uncertainty: 1.350ns.

 <State 1>: 0.975ns
The critical path consists of the following:
	'alloca' operation ('i') [4]  (0.000 ns)
	'load' operation ('i', ./../src/hw/hls_xilinx/main.cpp:281) on local variable 'i' [8]  (0.000 ns)
	'add' operation ('add_ln281', ./../src/hw/hls_xilinx/main.cpp:281) [11]  (0.548 ns)
	'store' operation ('store_ln281', ./../src/hw/hls_xilinx/main.cpp:281) of variable 'add_ln281', ./../src/hw/hls_xilinx/main.cpp:281 on local variable 'i' [27]  (0.427 ns)


============================================================
+ Verbose Summary: Binding
============================================================
N/A
* FSMD analyzer results:
  - Output states:
 - Input state : 
  - Chain level:
	State 1


============================================================
+ Verbose Summary: Datapath Resource usage 
============================================================
N/A
