Test index: 0, Correct Label: 0, Predicted: 0, Percentage: 0%
[--------------------]
Accuracy: 1
Precision: 0.333333
Test index: 1, Correct Label: 0, Predicted: 0, Percentage: 0%
[--------------------]
Accuracy: 1
Precision: 0.333333
Test index: 2, Correct Label: 0, Predicted: 0, Percentage: 0%
[--------------------]
Accuracy: 1
Precision: 0.333333
Test index: 3, Correct Label: 0, Predicted: 1, Percentage: 0%
[--------------------]
Accuracy: 0.75
Precision: 0.333333
Test index: 4, Correct Label: 1, Predicted: 1, Percentage: 0%
[--------------------]
Accuracy: 0.8
Precision: 0.5
Test index: 5, Correct Label: 0, Predicted: 0, Percentage: 0%
[--------------------]
Accuracy: 0.833333
Precision: 0.5
Test index: 6, Correct Label: 0, Predicted: 2, Percentage: 1%
[--------------------]
Accuracy: 0.714286
Precision: 0.5
Test index: 7, Correct Label: 0, Predicted: 0, Percentage: 1%
[--------------------]
Accuracy: 0.75
Precision: 0.5
Test index: 8, Correct Label: 0, Predicted: 0, Percentage: 1%
[--------------------]
Accuracy: 0.777778
Precision: 0.5
Test index: 9, Correct Label: 1, Predicted: 0, Percentage: 1%
[--------------------]
Accuracy: 0.7
Precision: 0.452381
Test index: 10, Correct Label: 2, Predicted: 2, Percentage: 1%
[--------------------]
Accuracy: 0.727273
Precision: 0.619048
Test index: 11, Correct Label: 0, Predicted: 0, Percentage: 2%
[--------------------]
Accuracy: 0.75
Precision: 0.625
Test index: 12, Correct Label: 0, Predicted: 0, Percentage: 2%
[--------------------]
Accuracy: 0.769231
Precision: 0.62963
Test index: 13, Correct Label: 0, Predicted: 0, Percentage: 2%
[--------------------]
Accuracy: 0.785714
Precision: 0.633333
Test index: 14, Correct Label: 0, Predicted: 0, Percentage: 2%
[--------------------]
Accuracy: 0.8
Precision: 0.636364
Test index: 15, Correct Label: 0, Predicted: 0, Percentage: 2%
[--------------------]
Accuracy: 0.8125
Precision: 0.638889
Test index: 16, Correct Label: 0, Predicted: 0, Percentage: 3%
[--------------------]
Accuracy: 0.823529
Precision: 0.641026
Test index: 17, Correct Label: 0, Predicted: 0, Percentage: 3%
[--------------------]
Accuracy: 0.833333
Precision: 0.642857
Test index: 18, Correct Label: 0, Predicted: 0, Percentage: 3%
[--------------------]
Accuracy: 0.842105
Precision: 0.644444
Test index: 19, Correct Label: 1, Predicted: 1, Percentage: 3%
[--------------------]
Accuracy: 0.85
Precision: 0.7
Test index: 20, Correct Label: 0, Predicted: 0, Percentage: 3%
[--------------------]
Accuracy: 0.857143
Precision: 0.701389
Test index: 21, Correct Label: 0, Predicted: 0, Percentage: 3%
[--------------------]
Accuracy: 0.863636
Precision: 0.702614
Test index: 22, Correct Label: 0, Predicted: 0, Percentage: 4%
[--------------------]
Accuracy: 0.869565
Precision: 0.703704
Test index: 23, Correct Label: 2, Predicted: 2, Percentage: 4%
[--------------------]
Accuracy: 0.875
Precision: 0.759259
Test index: 24, Correct Label: 0, Predicted: 0, Percentage: 4%
[--------------------]
Accuracy: 0.88
Precision: 0.760234
Test index: 25, Correct Label: 0, Predicted: 0, Percentage: 4%
[--------------------]
Accuracy: 0.884615
Precision: 0.761111
Test index: 26, Correct Label: 0, Predicted: 0, Percentage: 4%
[--------------------]
Accuracy: 0.888889
Precision: 0.761905
Test index: 27, Correct Label: 1, Predicted: 1, Percentage: 5%
[#-------------------]
Accuracy: 0.892857
Precision: 0.789683
Test index: 28, Correct Label: 0, Predicted: 1, Percentage: 5%
[#-------------------]
Accuracy: 0.862069
Precision: 0.739683
Test index: 29, Correct Label: 1, Predicted: 1, Percentage: 5%
[#-------------------]
Accuracy: 0.866667
Precision: 0.761905
Test index: 30, Correct Label: 0, Predicted: 0, Percentage: 5%
[#-------------------]
Accuracy: 0.870968
Precision: 0.762626
Test index: 31, Correct Label: 0, Predicted: 0, Percentage: 5%
[#-------------------]
Accuracy: 0.875
Precision: 0.763285
Test index: 32, Correct Label: 0, Predicted: 0, Percentage: 6%
[#-------------------]
Accuracy: 0.878788
Precision: 0.763889
Test index: 33, Correct Label: 0, Predicted: 0, Percentage: 6%
[#-------------------]
Accuracy: 0.882353
Precision: 0.764444
Test index: 34, Correct Label: 0, Predicted: 2, Percentage: 6%
[#-------------------]
Accuracy: 0.857143
Precision: 0.708889
Test index: 35, Correct Label: 0, Predicted: 0, Percentage: 6%
[#-------------------]
Accuracy: 0.861111
Precision: 0.709402
Test index: 36, Correct Label: 1, Predicted: 1, Percentage: 6%
[#-------------------]
Accuracy: 0.864865
Precision: 0.725275
Test index: 37, Correct Label: 0, Predicted: 0, Percentage: 6%
[#-------------------]
Accuracy: 0.868421
Precision: 0.72575
Test index: 38, Correct Label: 2, Predicted: 1, Percentage: 7%
[#-------------------]
Accuracy: 0.846154
Precision: 0.695988
Test index: 39, Correct Label: 0, Predicted: 0, Percentage: 7%
[#-------------------]
Accuracy: 0.85
Precision: 0.696429
Test index: 40, Correct Label: 0, Predicted: 0, Percentage: 7%
[#-------------------]
Accuracy: 0.853659
Precision: 0.696839
Test index: 41, Correct Label: 1, Predicted: 1, Percentage: 7%
[#-------------------]
Accuracy: 0.857143
Precision: 0.710728
Test index: 42, Correct Label: 0, Predicted: 0, Percentage: 7%
[#-------------------]
Accuracy: 0.860465
Precision: 0.711111
Test index: 43, Correct Label: 0, Predicted: 1, Percentage: 8%
[#-------------------]
Accuracy: 0.840909
Precision: 0.688889
Test index: 44, Correct Label: 1, Predicted: 1, Percentage: 8%
[#-------------------]
Accuracy: 0.844444
Precision: 0.70101
Test index: 45, Correct Label: 0, Predicted: 0, Percentage: 8%
[#-------------------]
Accuracy: 0.847826
Precision: 0.701369
Test index: 46, Correct Label: 0, Predicted: 0, Percentage: 8%
[#-------------------]
Accuracy: 0.851064
Precision: 0.701705
Test index: 47, Correct Label: 0, Predicted: 0, Percentage: 8%
[#-------------------]
Accuracy: 0.854167
Precision: 0.70202
Test index: 48, Correct Label: 0, Predicted: 0, Percentage: 9%
[#-------------------]
Accuracy: 0.857143
Precision: 0.702317
Test index: 49, Correct Label: 0, Predicted: 0, Percentage: 9%
[#-------------------]
Accuracy: 0.86
Precision: 0.702597
Test index: 50, Correct Label: 0, Predicted: 0, Percentage: 9%
[#-------------------]
Accuracy: 0.862745
Precision: 0.702862
Test index: 51, Correct Label: 0, Predicted: 0, Percentage: 9%
[#-------------------]
Accuracy: 0.865385
Precision: 0.703112
Test index: 52, Correct Label: 1, Predicted: 1, Percentage: 9%
[#-------------------]
Accuracy: 0.867925
Precision: 0.713213
Test index: 53, Correct Label: 0, Predicted: 0, Percentage: 9%
[#-------------------]
Accuracy: 0.87037
Precision: 0.71345
Test index: 54, Correct Label: 0, Predicted: 0, Percentage: 10%
[##------------------]
Accuracy: 0.872727
Precision: 0.713675
Test index: 55, Correct Label: 0, Predicted: 0, Percentage: 10%
[##------------------]
Accuracy: 0.875
Precision: 0.713889
Test index: 56, Correct Label: 0, Predicted: 0, Percentage: 10%
[##------------------]
Accuracy: 0.877193
Precision: 0.714092
Test index: 57, Correct Label: 0, Predicted: 0, Percentage: 10%
[##------------------]
Accuracy: 0.87931
Precision: 0.714286
Test index: 58, Correct Label: 1, Predicted: 0, Percentage: 10%
[##------------------]
Accuracy: 0.864407
Precision: 0.706718
Test index: 59, Correct Label: 0, Predicted: 0, Percentage: 11%
[##------------------]
Accuracy: 0.866667
Precision: 0.707071
Test index: 60, Correct Label: 0, Predicted: 0, Percentage: 11%
[##------------------]
Accuracy: 0.868852
Precision: 0.707407
Test index: 61, Correct Label: 0, Predicted: 0, Percentage: 11%
[##------------------]
Accuracy: 0.870968
Precision: 0.70773
Test index: 62, Correct Label: 0, Predicted: 1, Percentage: 11%
[##------------------]
Accuracy: 0.857143
Precision: 0.690635
Test index: 63, Correct Label: 1, Predicted: 1, Percentage: 11%
[##------------------]
Accuracy: 0.859375
Precision: 0.699793
Test index: 64, Correct Label: 0, Predicted: 2, Percentage: 12%
[##------------------]
Accuracy: 0.846154
Precision: 0.66646
Test index: 65, Correct Label: 1, Predicted: 1, Percentage: 12%
[##------------------]
Accuracy: 0.848485
Precision: 0.674396
Test index: 66, Correct Label: 0, Predicted: 0, Percentage: 12%
[##------------------]
Accuracy: 0.850746
Precision: 0.674705
Test index: 67, Correct Label: 0, Predicted: 1, Percentage: 12%
[##------------------]
Accuracy: 0.838235
Precision: 0.660816
Test index: 68, Correct Label: 0, Predicted: 0, Percentage: 12%
[##------------------]
Accuracy: 0.84058
Precision: 0.661111
Test index: 69, Correct Label: 0, Predicted: 0, Percentage: 12%
[##------------------]
Accuracy: 0.842857
Precision: 0.661395
Test index: 70, Correct Label: 0, Predicted: 1, Percentage: 13%
[##------------------]
Accuracy: 0.830986
Precision: 0.64914
Test index: 71, Correct Label: 1, Predicted: 0, Percentage: 13%
[##------------------]
Accuracy: 0.819444
Precision: 0.642745
Test index: 72, Correct Label: 0, Predicted: 1, Percentage: 13%
[##------------------]
Accuracy: 0.808219
Precision: 0.631852
Test index: 73, Correct Label: 0, Predicted: 0, Percentage: 13%
[##------------------]
Accuracy: 0.810811
Precision: 0.632244
Test index: 74, Correct Label: 0, Predicted: 0, Percentage: 13%
[##------------------]
Accuracy: 0.813333
Precision: 0.632621
Test index: 75, Correct Label: 0, Predicted: 1, Percentage: 14%
[##------------------]
Accuracy: 0.802632
Precision: 0.622874
Test index: 76, Correct Label: 1, Predicted: 1, Percentage: 14%
[##------------------]
Accuracy: 0.805195
Precision: 0.630769
Test index: 77, Correct Label: 0, Predicted: 0, Percentage: 14%
[##------------------]
Accuracy: 0.807692
Precision: 0.631132
Test index: 78, Correct Label: 0, Predicted: 0, Percentage: 14%
[##------------------]
Accuracy: 0.810127
Precision: 0.631481
Test index: 79, Correct Label: 0, Predicted: 0, Percentage: 14%
[##------------------]
Accuracy: 0.8125
Precision: 0.631818
Test index: 80, Correct Label: 0, Predicted: 0, Percentage: 15%
[###-----------------]
Accuracy: 0.814815
Precision: 0.632143
Test index: 81, Correct Label: 0, Predicted: 0, Percentage: 15%
[###-----------------]
Accuracy: 0.817073
Precision: 0.632456
Test index: 82, Correct Label: 0, Predicted: 0, Percentage: 15%
[###-----------------]
Accuracy: 0.819277
Precision: 0.632759
Test index: 83, Correct Label: 0, Predicted: 0, Percentage: 15%
[###-----------------]
Accuracy: 0.821429
Precision: 0.633051
Test index: 84, Correct Label: 0, Predicted: 0, Percentage: 15%
[###-----------------]
Accuracy: 0.823529
Precision: 0.633333
Test index: 85, Correct Label: 0, Predicted: 1, Percentage: 16%
[###-----------------]
Accuracy: 0.813953
Precision: 0.624603
Test index: 86, Correct Label: 0, Predicted: 1, Percentage: 16%
[###-----------------]
Accuracy: 0.804598
Precision: 0.616667
Test index: 87, Correct Label: 0, Predicted: 0, Percentage: 16%
[###-----------------]
Accuracy: 0.806818
Precision: 0.61694
Test index: 88, Correct Label: 0, Predicted: 0, Percentage: 16%
[###-----------------]
Accuracy: 0.808989
Precision: 0.617204
Test index: 89, Correct Label: 0, Predicted: 0, Percentage: 16%
[###-----------------]
Accuracy: 0.811111
Precision: 0.61746
Test index: 90, Correct Label: 1, Predicted: 0, Percentage: 16%
[###-----------------]
Accuracy: 0.802198
Precision: 0.6125
Test index: 91, Correct Label: 0, Predicted: 0, Percentage: 17%
[###-----------------]
Accuracy: 0.804348
Precision: 0.612821
Test index: 92, Correct Label: 0, Predicted: 0, Percentage: 17%
[###-----------------]
Accuracy: 0.806452
Precision: 0.613131
Test index: 93, Correct Label: 0, Predicted: 1, Percentage: 17%
[###-----------------]
Accuracy: 0.797872
Precision: 0.605885
Test index: 94, Correct Label: 1, Predicted: 1, Percentage: 17%
[###-----------------]
Accuracy: 0.8
Precision: 0.613131
