Vivado Simulator v2023.1
Copyright 1986-2022 Xilinx, Inc. All Rights Reserved.
Copyright 2022-2023 Advanced Micro Devices, Inc. All Rights Reserved.
Running: C:/Xilinx/Vivado/2023.1/bin/unwrapped/win64.o/xelab.exe xil_defaultlib.apatb_hdv_engine_top glbl -Oenable_linking_all_libraries -prj hdv_engine.prj -L smartconnect_v1_0 -L axi_protocol_checker_v1_1_12 -L axi_protocol_checker_v1_1_13 -L axis_protocol_checker_v1_1_11 -L axis_protocol_checker_v1_1_12 -L xil_defaultlib -L unisims_ver -L xpm -L floating_point_v7_1_15 -L floating_point_v7_0_20 --lib ieee_proposed=./ieee_proposed -s hdv_engine -debug all 
Multi-threading is on. Using 22 slave threads.
INFO: [VRFC 10-2263] Analyzing SystemVerilog file "C:/Reconfigurable_HDC_Platform-1/main/_hdc_hls_xilinx/solution1/sim/verilog/glbl.v" into library work
INFO: [VRFC 10-311] analyzing module glbl
INFO: [VRFC 10-2263] Analyzing SystemVerilog file "C:/Reconfigurable_HDC_Platform-1/main/_hdc_hls_xilinx/solution1/sim/verilog/AESL_axi_s_sdata_i.v" into library xil_defaultlib
INFO: [VRFC 10-311] analyzing module AESL_axi_s_sdata_i
INFO: [VRFC 10-2263] Analyzing SystemVerilog file "C:/Reconfigurable_HDC_Platform-1/main/_hdc_hls_xilinx/solution1/sim/verilog/AESL_deadlock_idx0_monitor.v" into library xil_defaultlib
INFO: [VRFC 10-311] analyzing module AESL_deadlock_idx0_monitor
INFO: [VRFC 10-2263] Analyzing SystemVerilog file "C:/Reconfigurable_HDC_Platform-1/main/_hdc_hls_xilinx/solution1/sim/verilog/AESL_deadlock_kernel_monitor_top.v" into library xil_defaultlib
INFO: [VRFC 10-311] analyzing module AESL_deadlock_kernel_monitor_top
INFO: [VRFC 10-2263] Analyzing SystemVerilog file "C:/Reconfigurable_HDC_Platform-1/main/_hdc_hls_xilinx/solution1/sim/verilog/AESL_fifo.v" into library xil_defaultlib
INFO: [VRFC 10-311] analyzing module fifo
INFO: [VRFC 10-2263] Analyzing SystemVerilog file "C:/Reconfigurable_HDC_Platform-1/main/_hdc_hls_xilinx/solution1/sim/verilog/hdv_engine.autotb.v" into library xil_defaultlib
INFO: [VRFC 10-311] analyzing module apatb_hdv_engine_top
INFO: [VRFC 10-2263] Analyzing SystemVerilog file "C:/Reconfigurable_HDC_Platform-1/main/_hdc_hls_xilinx/solution1/sim/verilog/hdv_engine.v" into library xil_defaultlib
INFO: [VRFC 10-311] analyzing module hdv_engine
INFO: [VRFC 10-2263] Analyzing SystemVerilog file "C:/Reconfigurable_HDC_Platform-1/main/_hdc_hls_xilinx/solution1/sim/verilog/hdv_engine_flow_control_loop_pipe_sequential_init.v" into library xil_defaultlib
INFO: [VRFC 10-311] analyzing module hdv_engine_flow_control_loop_pipe_sequential_init
INFO: [VRFC 10-2263] Analyzing SystemVerilog file "C:/Reconfigurable_HDC_Platform-1/main/_hdc_hls_xilinx/solution1/sim/verilog/hdv_engine_hdv_engine_Pipeline_VITIS_LOOP_286_1.v" into library xil_defaultlib
INFO: [VRFC 10-311] analyzing module hdv_engine_hdv_engine_Pipeline_VITIS_LOOP_286_1
INFO: [VRFC 10-2263] Analyzing SystemVerilog file "C:/Reconfigurable_HDC_Platform-1/main/_hdc_hls_xilinx/solution1/sim/verilog/hdv_engine_hdv_engine_Pipeline_VITIS_LOOP_294_2.v" into library xil_defaultlib
INFO: [VRFC 10-311] analyzing module hdv_engine_hdv_engine_Pipeline_VITIS_LOOP_294_2
INFO: [VRFC 10-2263] Analyzing SystemVerilog file "C:/Reconfigurable_HDC_Platform-1/main/_hdc_hls_xilinx/solution1/sim/verilog/hdv_engine_hdv_engine_Pipeline_VITIS_LOOP_511_4.v" into library xil_defaultlib
INFO: [VRFC 10-311] analyzing module hdv_engine_hdv_engine_Pipeline_VITIS_LOOP_511_4
INFO: [VRFC 10-2263] Analyzing SystemVerilog file "C:/Reconfigurable_HDC_Platform-1/main/_hdc_hls_xilinx/solution1/sim/verilog/hdv_engine_hdv_engine_Pipeline_VITIS_LOOP_916_7.v" into library xil_defaultlib
INFO: [VRFC 10-311] analyzing module hdv_engine_hdv_engine_Pipeline_VITIS_LOOP_916_7
INFO: [VRFC 10-2263] Analyzing SystemVerilog file "C:/Reconfigurable_HDC_Platform-1/main/_hdc_hls_xilinx/solution1/sim/verilog/hdv_engine_hdv_engine_Pipeline_VITIS_LOOP_929_8.v" into library xil_defaultlib
INFO: [VRFC 10-311] analyzing module hdv_engine_hdv_engine_Pipeline_VITIS_LOOP_929_8
INFO: [VRFC 10-2263] Analyzing SystemVerilog file "C:/Reconfigurable_HDC_Platform-1/main/_hdc_hls_xilinx/solution1/sim/verilog/hdv_engine_mac_muladd_11ns_11ns_22ns_23_4_1.v" into library xil_defaultlib
INFO: [VRFC 10-311] analyzing module hdv_engine_mac_muladd_11ns_11ns_22ns_23_4_1_DSP48_0
INFO: [VRFC 10-311] analyzing module hdv_engine_mac_muladd_11ns_11ns_22ns_23_4_1
INFO: [VRFC 10-2263] Analyzing SystemVerilog file "C:/Reconfigurable_HDC_Platform-1/main/_hdc_hls_xilinx/solution1/sim/verilog/hdv_engine_mul_11ns_11ns_22_1_1.v" into library xil_defaultlib
INFO: [VRFC 10-311] analyzing module hdv_engine_mul_11ns_11ns_22_1_1
INFO: [VRFC 10-2263] Analyzing SystemVerilog file "C:/Reconfigurable_HDC_Platform-1/main/_hdc_hls_xilinx/solution1/sim/verilog/hdv_engine_mul_17ns_17ns_34_1_1.v" into library xil_defaultlib
INFO: [VRFC 10-311] analyzing module hdv_engine_mul_17ns_17ns_34_1_1
INFO: [VRFC 10-2263] Analyzing SystemVerilog file "C:/Reconfigurable_HDC_Platform-1/main/_hdc_hls_xilinx/solution1/sim/verilog/hdv_engine_mul_32s_15ns_47_1_1.v" into library xil_defaultlib
INFO: [VRFC 10-311] analyzing module hdv_engine_mul_32s_15ns_47_1_1
INFO: [VRFC 10-2263] Analyzing SystemVerilog file "C:/Reconfigurable_HDC_Platform-1/main/_hdc_hls_xilinx/solution1/sim/verilog/hdv_engine_mux_3_2_32_1_1.v" into library xil_defaultlib
INFO: [VRFC 10-311] analyzing module hdv_engine_mux_3_2_32_1_1
INFO: [VRFC 10-2263] Analyzing SystemVerilog file "C:/Reconfigurable_HDC_Platform-1/main/_hdc_hls_xilinx/solution1/sim/verilog/hdv_engine_regslice_both.v" into library xil_defaultlib
INFO: [VRFC 10-311] analyzing module hdv_engine_regslice_both
INFO: [VRFC 10-311] analyzing module hdv_engine_regslice_both_w1
INFO: [VRFC 10-2263] Analyzing SystemVerilog file "C:/Reconfigurable_HDC_Platform-1/main/_hdc_hls_xilinx/solution1/sim/verilog/hdv_engine_udiv_64s_34ns_32_68_1.v" into library xil_defaultlib
INFO: [VRFC 10-311] analyzing module hdv_engine_udiv_64s_34ns_32_68_1_divider
INFO: [VRFC 10-311] analyzing module hdv_engine_udiv_64s_34ns_32_68_1
INFO: [VRFC 10-2263] Analyzing SystemVerilog file "C:/Reconfigurable_HDC_Platform-1/main/_hdc_hls_xilinx/solution1/sim/verilog/dataflow_monitor.sv" into library xil_defaultlib
INFO: [VRFC 10-311] analyzing module dataflow_monitor
Starting static elaboration
Pass Through NonSizing Optimizer
WARNING: [VRFC 10-3705] select index -1 into 'write_address' is out of bounds [C:/Reconfigurable_HDC_Platform-1/main/_hdc_hls_xilinx/solution1/sim/verilog/AESL_fifo.v:39]
WARNING: [VRFC 10-3705] select index -1 into 'write_address' is out of bounds [C:/Reconfigurable_HDC_Platform-1/main/_hdc_hls_xilinx/solution1/sim/verilog/AESL_fifo.v:40]
WARNING: [VRFC 10-3705] select index -1 into 'read_address' is out of bounds [C:/Reconfigurable_HDC_Platform-1/main/_hdc_hls_xilinx/solution1/sim/verilog/AESL_fifo.v:66]
WARNING: [VRFC 10-3705] select index -1 into 'write_address' is out of bounds [C:/Reconfigurable_HDC_Platform-1/main/_hdc_hls_xilinx/solution1/sim/verilog/AESL_fifo.v:82]
WARNING: [VRFC 10-3705] select index -1 into 'read_address' is out of bounds [C:/Reconfigurable_HDC_Platform-1/main/_hdc_hls_xilinx/solution1/sim/verilog/AESL_fifo.v:83]
WARNING: [VRFC 10-3705] select index -1 into 'read_address' is out of bounds [C:/Reconfigurable_HDC_Platform-1/main/_hdc_hls_xilinx/solution1/sim/verilog/AESL_fifo.v:84]
WARNING: [VRFC 10-3705] select index -1 into 'write_address' is out of bounds [C:/Reconfigurable_HDC_Platform-1/main/_hdc_hls_xilinx/solution1/sim/verilog/AESL_fifo.v:100]
WARNING: [VRFC 10-3705] select index -1 into 'read_address' is out of bounds [C:/Reconfigurable_HDC_Platform-1/main/_hdc_hls_xilinx/solution1/sim/verilog/AESL_fifo.v:101]
WARNING: [VRFC 10-3705] select index -1 into 'read_address' is out of bounds [C:/Reconfigurable_HDC_Platform-1/main/_hdc_hls_xilinx/solution1/sim/verilog/AESL_fifo.v:102]
WARNING: [VRFC 10-3705] select index -1 into 'write_address' is out of bounds [C:/Reconfigurable_HDC_Platform-1/main/_hdc_hls_xilinx/solution1/sim/verilog/AESL_fifo.v:110]
WARNING: [VRFC 10-3705] select index -1 into 'read_address' is out of bounds [C:/Reconfigurable_HDC_Platform-1/main/_hdc_hls_xilinx/solution1/sim/verilog/AESL_fifo.v:112]
WARNING: [VRFC 10-3705] select index -1 into 'write_address' is out of bounds [C:/Reconfigurable_HDC_Platform-1/main/_hdc_hls_xilinx/solution1/sim/verilog/AESL_fifo.v:114]
WARNING: [VRFC 10-3705] select index -1 into 'write_address' is out of bounds [C:/Reconfigurable_HDC_Platform-1/main/_hdc_hls_xilinx/solution1/sim/verilog/AESL_fifo.v:123]
WARNING: [VRFC 10-3705] select index -1 into 'read_address' is out of bounds [C:/Reconfigurable_HDC_Platform-1/main/_hdc_hls_xilinx/solution1/sim/verilog/AESL_fifo.v:124]
WARNING: [VRFC 10-3705] select index -1 into 'read_address' is out of bounds [C:/Reconfigurable_HDC_Platform-1/main/_hdc_hls_xilinx/solution1/sim/verilog/AESL_fifo.v:134]
WARNING: [VRFC 10-3705] select index -1 into 'read_address' is out of bounds [C:/Reconfigurable_HDC_Platform-1/main/_hdc_hls_xilinx/solution1/sim/verilog/AESL_fifo.v:135]
WARNING: [VRFC 10-3705] select index -1 into 'write_address' is out of bounds [C:/Reconfigurable_HDC_Platform-1/main/_hdc_hls_xilinx/solution1/sim/verilog/AESL_fifo.v:144]
WARNING: [VRFC 10-3705] select index -1 into 'read_address' is out of bounds [C:/Reconfigurable_HDC_Platform-1/main/_hdc_hls_xilinx/solution1/sim/verilog/AESL_fifo.v:145]
WARNING: [VRFC 10-3705] select index -1 into 'read_address' is out of bounds [C:/Reconfigurable_HDC_Platform-1/main/_hdc_hls_xilinx/solution1/sim/verilog/AESL_fifo.v:146]
WARNING: [VRFC 10-3705] select index -1 into 'write_address' is out of bounds [C:/Reconfigurable_HDC_Platform-1/main/_hdc_hls_xilinx/solution1/sim/verilog/AESL_fifo.v:189]
WARNING: [VRFC 10-3705] select index -1 into 'read_address' is out of bounds [C:/Reconfigurable_HDC_Platform-1/main/_hdc_hls_xilinx/solution1/sim/verilog/AESL_fifo.v:190]
WARNING: [VRFC 10-3705] select index -1 into 'read_address' is out of bounds [C:/Reconfigurable_HDC_Platform-1/main/_hdc_hls_xilinx/solution1/sim/verilog/AESL_fifo.v:191]
Completed static elaboration
Starting simulation data flow analysis
Completed simulation data flow analysis
Time Resolution for simulation is 1ps
Compiling package xil_defaultlib.$unit_dataflow_monitor_sv
Compiling module xil_defaultlib.hdv_engine_flow_control_loop_pip...
Compiling module xil_defaultlib.hdv_engine_hdv_engine_Pipeline_V...
Compiling module xil_defaultlib.hdv_engine_hdv_engine_Pipeline_V...
Compiling module xil_defaultlib.hdv_engine_hdv_engine_Pipeline_V...
Compiling module xil_defaultlib.hdv_engine_mul_32s_15ns_47_1_1(N...
Compiling module xil_defaultlib.hdv_engine_mux_3_2_32_1_1(ID=1,d...
Compiling module xil_defaultlib.hdv_engine_mul_17ns_17ns_34_1_1(...
Compiling module xil_defaultlib.hdv_engine_udiv_64s_34ns_32_68_1...
Compiling module xil_defaultlib.hdv_engine_udiv_64s_34ns_32_68_1...
Compiling module xil_defaultlib.hdv_engine_hdv_engine_Pipeline_V...
Compiling module xil_defaultlib.hdv_engine_hdv_engine_Pipeline_V...
Compiling module xil_defaultlib.hdv_engine_mul_11ns_11ns_22_1_1(...
Compiling module xil_defaultlib.hdv_engine_mac_muladd_11ns_11ns_...
Compiling module xil_defaultlib.hdv_engine_mac_muladd_11ns_11ns_...
Compiling module xil_defaultlib.hdv_engine_regslice_both(DataWid...
Compiling module xil_defaultlib.hdv_engine_regslice_both(DataWid...
Compiling module xil_defaultlib.hdv_engine
Compiling module xil_defaultlib.fifo(DEPTH=0)
Compiling module xil_defaultlib.fifo(DEPTH=0,WIDTH=1)
Compiling module xil_defaultlib.AESL_axi_s_sdata_i
Compiling module xil_defaultlib.AESL_deadlock_idx0_monitor
Compiling module xil_defaultlib.AESL_deadlock_kernel_monitor_top...
Compiling module xil_defaultlib.nodf_module_intf
Compiling module xil_defaultlib.upc_loop_intf(FSM_WIDTH=1)
Compiling module xil_defaultlib.upc_loop_intf(FSM_WIDTH=5)
Compiling module xil_defaultlib.dataflow_monitor_1
Compiling module xil_defaultlib.apatb_hdv_engine_top
Compiling module work.glbl
Built simulation snapshot hdv_engine
