INFO: [SIM 2] *************** CSIM start ***************
INFO: [SIM 4] CSIM will launch GCC as the compiler.
   Compiling ../../../../../src/hw/hls_xilinx/tb/tb.cpp in debug mode
   Compiling ../../../../../src/hw/hls_xilinx/main.cpp in debug mode
   Generating csim.exe
Test index: 0, Correct Label: 0, Predicted: 0, Percentage: 0%
[--------------------]
Accuracy: 1
Precision: 0.333333
Test index: 1, Correct Label: 0, Predicted: 0, Percentage: 0%
[--------------------]
Accuracy: 1
Precision: 0.333333
Test index: 2, Correct Label: 0, Predicted: 0, Percentage: 0%
[--------------------]
Accuracy: 1
Precision: 0.333333
Test index: 3, Correct Label: 0, Predicted: 1, Percentage: 0%
[--------------------]
Accuracy: 0.75
Precision: 0.333333
Test index: 4, Correct Label: 1, Predicted: 1, Percentage: 0%
[--------------------]
Accuracy: 0.8
Precision: 0.5
Test index: 5, Correct Label: 0, Predicted: 0, Percentage: 0%
[--------------------]
Accuracy: 0.833333
Precision: 0.5
Test index: 6, Correct Label: 0, Predicted: 0, Percentage: 1%
[--------------------]
Accuracy: 0.857143
Precision: 0.5
Test index: 7, Correct Label: 0, Predicted: 0, Percentage: 1%
[--------------------]
Accuracy: 0.875
Precision: 0.5
Test index: 8, Correct Label: 0, Predicted: 0, Percentage: 1%
[--------------------]
Accuracy: 0.888889
Precision: 0.5
Test index: 9, Correct Label: 1, Predicted: 1, Percentage: 1%
[--------------------]
Accuracy: 0.9
Precision: 0.555556
Test index: 10, Correct Label: 2, Predicted: 1, Percentage: 1%
[--------------------]
Accuracy: 0.818182
Precision: 0.5
Test index: 11, Correct Label: 0, Predicted: 0, Percentage: 2%
[--------------------]
Accuracy: 0.833333
Precision: 0.5
Test index: 12, Correct Label: 0, Predicted: 0, Percentage: 2%
[--------------------]
Accuracy: 0.846154
Precision: 0.5
Test index: 13, Correct Label: 0, Predicted: 0, Percentage: 2%
[--------------------]
Accuracy: 0.857143
Precision: 0.5
Test index: 14, Correct Label: 0, Predicted: 0, Percentage: 2%
[--------------------]
Accuracy: 0.866667
Precision: 0.5
Test index: 15, Correct Label: 0, Predicted: 0, Percentage: 2%
[--------------------]
Accuracy: 0.875
Precision: 0.5
Test index: 16, Correct Label: 0, Predicted: 0, Percentage: 3%
[--------------------]
Accuracy: 0.882353
Precision: 0.5
Test index: 17, Correct Label: 0, Predicted: 0, Percentage: 3%
[--------------------]
Accuracy: 0.888889
Precision: 0.5
Test index: 18, Correct Label: 0, Predicted: 0, Percentage: 3%
[--------------------]
Accuracy: 0.894737
Precision: 0.5
Test index: 19, Correct Label: 1, Predicted: 1, Percentage: 3%
[--------------------]
Accuracy: 0.9
Precision: 0.533333
Test index: 20, Correct Label: 0, Predicted: 0, Percentage: 3%
[--------------------]
Accuracy: 0.904762
Precision: 0.533333
Test index: 21, Correct Label: 0, Predicted: 0, Percentage: 3%
[--------------------]
Accuracy: 0.909091
Precision: 0.533333
Test index: 22, Correct Label: 0, Predicted: 0, Percentage: 4%
[--------------------]
Accuracy: 0.913043
Precision: 0.533333
Test index: 23, Correct Label: 2, Predicted: 2, Percentage: 4%
[--------------------]
Accuracy: 0.916667
Precision: 0.866667
Test index: 24, Correct Label: 0, Predicted: 0, Percentage: 4%
[--------------------]
Accuracy: 0.92
Precision: 0.866667
Test index: 25, Correct Label: 0, Predicted: 0, Percentage: 4%
[--------------------]
Accuracy: 0.923077
Precision: 0.866667
Test index: 26, Correct Label: 0, Predicted: 0, Percentage: 4%
[--------------------]
Accuracy: 0.925926
Precision: 0.866667
Test index: 27, Correct Label: 1, Predicted: 1, Percentage: 5%
[#-------------------]
Accuracy: 0.928571
Precision: 0.888889
Test index: 28, Correct Label: 0, Predicted: 0, Percentage: 5%
[#-------------------]
Accuracy: 0.931035
Precision: 0.888889
Test index: 29, Correct Label: 1, Predicted: 1, Percentage: 5%
[#-------------------]
Accuracy: 0.933333
Precision: 0.904762
Test index: 30, Correct Label: 0, Predicted: 0, Percentage: 5%
[#-------------------]
Accuracy: 0.935484
Precision: 0.904762
Test index: 31, Correct Label: 0, Predicted: 0, Percentage: 5%
[#-------------------]
Accuracy: 0.9375
Precision: 0.904762
Test index: 32, Correct Label: 0, Predicted: 0, Percentage: 6%
[#-------------------]
Accuracy: 0.939394
Precision: 0.904762
Test index: 33, Correct Label: 0, Predicted: 0, Percentage: 6%
[#-------------------]
Accuracy: 0.941176
Precision: 0.904762
Test index: 34, Correct Label: 0, Predicted: 2, Percentage: 6%
[#-------------------]
Accuracy: 0.914286
Precision: 0.738095
Test index: 35, Correct Label: 0, Predicted: 0, Percentage: 6%
[#-------------------]
Accuracy: 0.916667
Precision: 0.738095
Test index: 36, Correct Label: 1, Predicted: 1, Percentage: 6%
[#-------------------]
Accuracy: 0.918919
Precision: 0.75
Test index: 37, Correct Label: 0, Predicted: 0, Percentage: 6%
[#-------------------]
Accuracy: 0.921053
Precision: 0.75
Test index: 38, Correct Label: 2, Predicted: 1, Percentage: 7%
[#-------------------]
Accuracy: 0.897436
Precision: 0.722222
Test index: 39, Correct Label: 0, Predicted: 0, Percentage: 7%
[#-------------------]
Accuracy: 0.9
Precision: 0.722222
Test index: 40, Correct Label: 0, Predicted: 1, Percentage: 7%
[#-------------------]
Accuracy: 0.878049
Precision: 0.7
Test index: 41, Correct Label: 1, Predicted: 1, Percentage: 7%
[#-------------------]
Accuracy: 0.880952
Precision: 0.712121
Test index: 42, Correct Label: 0, Predicted: 0, Percentage: 7%
[#-------------------]
Accuracy: 0.883721
Precision: 0.712121
Test index: 43, Correct Label: 0, Predicted: 1, Percentage: 8%
[#-------------------]
Accuracy: 0.863636
Precision: 0.694444
Test index: 44, Correct Label: 1, Predicted: 1, Percentage: 8%
[#-------------------]
Accuracy: 0.866667
Precision: 0.705128
Test index: 45, Correct Label: 0, Predicted: 0, Percentage: 8%
[#-------------------]
Accuracy: 0.869565
Precision: 0.705128
Test index: 46, Correct Label: 0, Predicted: 0, Percentage: 8%
[#-------------------]
Accuracy: 0.87234
Precision: 0.705128
Test index: 47, Correct Label: 0, Predicted: 0, Percentage: 8%
[#-------------------]
Accuracy: 0.875
Precision: 0.705128
Test index: 48, Correct Label: 0, Predicted: 0, Percentage: 9%
[#-------------------]
Accuracy: 0.877551
Precision: 0.705128
Test index: 49, Correct Label: 0, Predicted: 0, Percentage: 9%
[#-------------------]
Accuracy: 0.88
Precision: 0.705128
Test index: 50, Correct Label: 0, Predicted: 0, Percentage: 9%
[#-------------------]
Accuracy: 0.882353
Precision: 0.705128
Test index: 51, Correct Label: 0, Predicted: 0, Percentage: 9%
[#-------------------]
Accuracy: 0.884615
Precision: 0.705128
Test index: 52, Correct Label: 1, Predicted: 1, Percentage: 9%
[#-------------------]
Accuracy: 0.886792
Precision: 0.714286
Test index: 53, Correct Label: 0, Predicted: 0, Percentage: 9%
[#-------------------]
Accuracy: 0.888889
Precision: 0.714286
Test index: 54, Correct Label: 0, Predicted: 0, Percentage: 10%
[##------------------]
Accuracy: 0.890909
Precision: 0.714286
Test index: 55, Correct Label: 0, Predicted: 0, Percentage: 10%
[##------------------]
Accuracy: 0.892857
Precision: 0.714286
Test index: 56, Correct Label: 0, Predicted: 0, Percentage: 10%
[##------------------]
Accuracy: 0.894737
Precision: 0.714286
Test index: 57, Correct Label: 0, Predicted: 0, Percentage: 10%
[##------------------]
Accuracy: 0.896552
Precision: 0.714286
Test index: 58, Correct Label: 1, Predicted: 0, Percentage: 10%
[##------------------]
Accuracy: 0.881356
Precision: 0.706534
Test index: 59, Correct Label: 0, Predicted: 0, Percentage: 11%
[##------------------]
Accuracy: 0.883333
Precision: 0.70671
Test index: 60, Correct Label: 0, Predicted: 0, Percentage: 11%
[##------------------]
Accuracy: 0.885246
Precision: 0.706878
Test index: 61, Correct Label: 0, Predicted: 0, Percentage: 11%
[##------------------]
Accuracy: 0.887097
Precision: 0.707039
Test index: 62, Correct Label: 0, Predicted: 1, Percentage: 11%
[##------------------]
Accuracy: 0.873016
Precision: 0.692754
Test index: 63, Correct Label: 1, Predicted: 1, Percentage: 11%
[##------------------]
Accuracy: 0.875
Precision: 0.701087
Test index: 64, Correct Label: 0, Predicted: 0, Percentage: 12%
[##------------------]
Accuracy: 0.876923
Precision: 0.701241
Test index: 65, Correct Label: 1, Predicted: 1, Percentage: 12%
[##------------------]
Accuracy: 0.878788
Precision: 0.708594
Test index: 66, Correct Label: 0, Predicted: 0, Percentage: 12%
[##------------------]
Accuracy: 0.880597
Precision: 0.708742
Test index: 67, Correct Label: 0, Predicted: 1, Percentage: 12%
[##------------------]
Accuracy: 0.867647
Precision: 0.696759
Test index: 68, Correct Label: 0, Predicted: 0, Percentage: 12%
[##------------------]
Accuracy: 0.869565
Precision: 0.696901
Test index: 69, Correct Label: 0, Predicted: 0, Percentage: 12%
[##------------------]
Accuracy: 0.871429
Precision: 0.697037
Test index: 70, Correct Label: 0, Predicted: 1, Percentage: 13%
[##------------------]
Accuracy: 0.859155
Precision: 0.686316
Test index: 71, Correct Label: 1, Predicted: 0, Percentage: 13%
[##------------------]
Accuracy: 0.847222
Precision: 0.679911
Test index: 72, Correct Label: 0, Predicted: 1, Percentage: 13%
[##------------------]
Accuracy: 0.835616
Precision: 0.670261
Test index: 73, Correct Label: 0, Predicted: 0, Percentage: 13%
[##------------------]
Accuracy: 0.837838
Precision: 0.670513
Test index: 74, Correct Label: 0, Predicted: 0, Percentage: 13%
[##------------------]
Accuracy: 0.84
Precision: 0.670755
Test index: 75, Correct Label: 0, Predicted: 1, Percentage: 14%
[##------------------]
Accuracy: 0.828947
Precision: 0.662025
Test index: 76, Correct Label: 1, Predicted: 1, Percentage: 14%
[##------------------]
Accuracy: 0.831169
Precision: 0.66924
Test index: 77, Correct Label: 0, Predicted: 0, Percentage: 14%
[##------------------]
Accuracy: 0.833333
Precision: 0.669473
Test index: 78, Correct Label: 0, Predicted: 0, Percentage: 14%
[##------------------]
Accuracy: 0.835443
Precision: 0.669697
Test index: 79, Correct Label: 0, Predicted: 0, Percentage: 14%
[##------------------]
Accuracy: 0.8375
Precision: 0.669913
Test index: 80, Correct Label: 0, Predicted: 0, Percentage: 15%
[###-----------------]
Accuracy: 0.839506
Precision: 0.670122
Test index: 81, Correct Label: 0, Predicted: 0, Percentage: 15%
[###-----------------]
Accuracy: 0.841463
Precision: 0.670324
Test index: 82, Correct Label: 0, Predicted: 0, Percentage: 15%
[###-----------------]
Accuracy: 0.843373
Precision: 0.670519
Test index: 83, Correct Label: 0, Predicted: 0, Percentage: 15%
[###-----------------]
Accuracy: 0.845238
Precision: 0.670707
Test index: 84, Correct Label: 0, Predicted: 0, Percentage: 15%
[###-----------------]
Accuracy: 0.847059
Precision: 0.670889
Test index: 85, Correct Label: 0, Predicted: 0, Percentage: 16%
[###-----------------]
Accuracy: 0.848837
Precision: 0.671066
Test index: 86, Correct Label: 0, Predicted: 1, Percentage: 16%
[###-----------------]
Accuracy: 0.83908
Precision: 0.66316
Test index: 87, Correct Label: 0, Predicted: 0, Percentage: 16%
[###-----------------]
Accuracy: 0.840909
Precision: 0.663331
Test index: 88, Correct Label: 0, Predicted: 0, Percentage: 16%
[###-----------------]
Accuracy: 0.842697
Precision: 0.663496
Test index: 89, Correct Label: 0, Predicted: 0, Percentage: 16%
[###-----------------]
Accuracy: 0.844444
Precision: 0.663657
Test index: 90, Correct Label: 1, Predicted: 0, Percentage: 16%
[###-----------------]
Accuracy: 0.835165
Precision: 0.658762
Test index: 91, Correct Label: 0, Predicted: 0, Percentage: 17%
[###-----------------]
Accuracy: 0.836957
Precision: 0.658988
Test index: 92, Correct Label: 0, Predicted: 0, Percentage: 17%
[###-----------------]
Accuracy: 0.83871
Precision: 0.659207
Test index: 93, Correct Label: 0, Predicted: 0, Percentage: 17%
[###-----------------]
Accuracy: 0.840426
Precision: 0.65942
Test index: 94, Correct Label: 1, Predicted: 1, Percentage: 17%
[###-----------------]
Accuracy: 0.842105
Precision: 0.666063
Test index: 95, Correct Label: 0, Predicted: 0, Percentage: 17%
[###-----------------]
Accuracy: 0.84375
Precision: 0.66627
Test index: 96, Correct Label: 0, Predicted: 0, Percentage: 18%
[###-----------------]
Accuracy: 0.845361
Precision: 0.666471
Test index: 97, Correct Label: 0, Predicted: 0, Percentage: 18%
[###-----------------]
Accuracy: 0.846939
Precision: 0.666667
Test index: 98, Correct Label: 0, Predicted: 0, Percentage: 18%
[###-----------------]
Accuracy: 0.848485
Precision: 0.666857
Test index: 99, Correct Label: 1, Predicted: 1, Percentage: 18%
[###-----------------]
Accuracy: 0.85
Precision: 0.672968
Test index: 100, Correct Label: 0, Predicted: 0, Percentage: 18%
[###-----------------]
Accuracy: 0.851485
Precision: 0.673153
Test index: 101, Correct Label: 0, Predicted: 0, Percentage: 19%
[###-----------------]
Accuracy: 0.852941
Precision: 0.673333
Test index: 102, Correct Label: 0, Predicted: 0, Percentage: 19%
[###-----------------]
Accuracy: 0.854369
Precision: 0.673509
Test index: 103, Correct Label: 2, Predicted: 2, Percentage: 19%
[###-----------------]
Accuracy: 0.855769
Precision: 0.729064
Test index: 104, Correct Label: 1, Predicted: 1, Percentage: 19%
[###-----------------]
Accuracy: 0.857143
Precision: 0.734705
Test index: 105, Correct Label: 1, Predicted: 1, Percentage: 19%
[###-----------------]
Accuracy: 0.858491
Precision: 0.739929
Test index: 106, Correct Label: 0, Predicted: 0, Percentage: 19%
[###-----------------]
Accuracy: 0.859813
Precision: 0.740099
Test index: 107, Correct Label: 0, Predicted: 0, Percentage: 20%
[####----------------]
Accuracy: 0.861111
Precision: 0.740266
Test index: 108, Correct Label: 2, Predicted: 2, Percentage: 20%
[####----------------]
Accuracy: 0.862385
Precision: 0.768044
Test index: 109, Correct Label: 1, Predicted: 1, Percentage: 20%
[####----------------]
Accuracy: 0.863636
Precision: 0.772894
Test index: 110, Correct Label: 0, Predicted: 0, Percentage: 20%
[####----------------]
Accuracy: 0.864865
Precision: 0.773056
Test index: 111, Correct Label: 0, Predicted: 0, Percentage: 20%
[####----------------]
Accuracy: 0.866071
Precision: 0.773214
Test index: 112, Correct Label: 0, Predicted: 1, Percentage: 21%
[####----------------]
Accuracy: 0.858407
Precision: 0.766236
Test index: 113, Correct Label: 0, Predicted: 0, Percentage: 21%
[####----------------]
Accuracy: 0.859649
Precision: 0.76639
Test index: 114, Correct Label: 0, Predicted: 0, Percentage: 21%
[####----------------]
Accuracy: 0.86087
Precision: 0.766541
Test index: 115, Correct Label: 0, Predicted: 0, Percentage: 21%
[####----------------]
Accuracy: 0.862069
Precision: 0.766687
Test index: 116, Correct Label: 1, Predicted: 1, Percentage: 21%
[####----------------]
Accuracy: 0.863248
Precision: 0.771285
Test index: 117, Correct Label: 1, Predicted: 1, Percentage: 22%
[####----------------]
Accuracy: 0.864407
Precision: 0.775586
Test index: 118, Correct Label: 0, Predicted: 1, Percentage: 22%
[####----------------]
Accuracy: 0.857143
Precision: 0.769202
Test index: 119, Correct Label: 0, Predicted: 1, Percentage: 22%
[####----------------]
Accuracy: 0.85
Precision: 0.763204
Test index: 120, Correct Label: 2, Predicted: 2, Percentage: 22%
[####----------------]
Accuracy: 0.85124
Precision: 0.779871
Test index: 121, Correct Label: 1, Predicted: 1, Percentage: 22%
[####----------------]
Accuracy: 0.852459
Precision: 0.78403
Test index: 122, Correct Label: 0, Predicted: 0, Percentage: 22%
[####----------------]
Accuracy: 0.853659
Precision: 0.784174
Test index: 123, Correct Label: 0, Predicted: 0, Percentage: 23%
[####----------------]
Accuracy: 0.854839
Precision: 0.784314
Test index: 124, Correct Label: 0, Predicted: 0, Percentage: 23%
[####----------------]
Accuracy: 0.856
Precision: 0.784451
Test index: 125, Correct Label: 0, Predicted: 0, Percentage: 23%
[####----------------]
Accuracy: 0.857143
Precision: 0.784584
Test index: 126, Correct Label: 0, Predicted: 0, Percentage: 23%
[####----------------]
Accuracy: 0.858268
Precision: 0.784715
Test index: 127, Correct Label: 0, Predicted: 0, Percentage: 23%
[####----------------]
Accuracy: 0.859375
Precision: 0.784842
Test index: 128, Correct Label: 0, Predicted: 0, Percentage: 24%
[####----------------]
Accuracy: 0.860465
Precision: 0.784967
Test index: 129, Correct Label: 2, Predicted: 1, Percentage: 24%
[####----------------]
Accuracy: 0.853846
Precision: 0.779365
Test index: 130, Correct Label: 0, Predicted: 0, Percentage: 24%
[####----------------]
Accuracy: 0.854962
Precision: 0.779487
Test index: 131, Correct Label: 0, Predicted: 0, Percentage: 24%
[####----------------]
Accuracy: 0.856061
Precision: 0.779607
Test index: 132, Correct Label: 0, Predicted: 1, Percentage: 24%
[####----------------]
Accuracy: 0.849624
Precision: 0.774316
Test index: 133, Correct Label: 1, Predicted: 1, Percentage: 25%
[#####---------------]
Accuracy: 0.850746
Precision: 0.77832
Test index: 134, Correct Label: 2, Predicted: 2, Percentage: 25%
[#####---------------]
Accuracy: 0.851852
Precision: 0.789431
Test index: 135, Correct Label: 0, Predicted: 0, Percentage: 25%
[#####---------------]
Accuracy: 0.852941
Precision: 0.789548
Test index: 136, Correct Label: 1, Predicted: 1, Percentage: 25%
[#####---------------]
Accuracy: 0.854015
Precision: 0.793341
Test index: 137, Correct Label: 0, Predicted: 0, Percentage: 25%
[#####---------------]
Accuracy: 0.855072
Precision: 0.793455
Test index: 138, Correct Label: 0, Predicted: 0, Percentage: 25%
[#####---------------]
Accuracy: 0.856115
Precision: 0.793567
Test index: 139, Correct Label: 0, Predicted: 2, Percentage: 26%
[#####---------------]
Accuracy: 0.85
Precision: 0.753885
Test index: 140, Correct Label: 0, Predicted: 0, Percentage: 26%
[#####---------------]
Accuracy: 0.851064
Precision: 0.753994
Test index: 141, Correct Label: 0, Predicted: 1, Percentage: 26%
[#####---------------]
Accuracy: 0.84507
Precision: 0.749046
Test index: 142, Correct Label: 0, Predicted: 0, Percentage: 26%
[#####---------------]
Accuracy: 0.846154
Precision: 0.749153
Test index: 143, Correct Label: 1, Predicted: 1, Percentage: 26%
[#####---------------]
Accuracy: 0.847222
Precision: 0.752786
Test index: 144, Correct Label: 0, Predicted: 1, Percentage: 27%
[#####---------------]
Accuracy: 0.841379
Precision: 0.748111
Test index: 145, Correct Label: 1, Predicted: 1, Percentage: 27%
[#####---------------]
Accuracy: 0.842466
Precision: 0.751595
Test index: 146, Correct Label: 2, Predicted: 1, Percentage: 27%
[#####---------------]
Accuracy: 0.836735
Precision: 0.747166
Test index: 147, Correct Label: 0, Predicted: 0, Percentage: 27%
[#####---------------]
Accuracy: 0.837838
Precision: 0.747271
Test index: 148, Correct Label: 0, Predicted: 0, Percentage: 27%
[#####---------------]
Accuracy: 0.838926
Precision: 0.747374
Test index: 149, Correct Label: 0, Predicted: 0, Percentage: 28%
[#####---------------]
Accuracy: 0.84
Precision: 0.747475
Test index: 150, Correct Label: 0, Predicted: 0, Percentage: 28%
[#####---------------]
Accuracy: 0.84106
Precision: 0.747574
Test index: 151, Correct Label: 0, Predicted: 0, Percentage: 28%
[#####---------------]
Accuracy: 0.842105
Precision: 0.747671
Test index: 152, Correct Label: 0, Predicted: 0, Percentage: 28%
[#####---------------]
Accuracy: 0.843137
Precision: 0.747766
Test index: 153, Correct Label: 1, Predicted: 1, Percentage: 28%
[#####---------------]
Accuracy: 0.844156
Precision: 0.751114
Test index: 154, Correct Label: 0, Predicted: 0, Percentage: 29%
[#####---------------]
Accuracy: 0.845161
Precision: 0.751207
Test index: 155, Correct Label: 0, Predicted: 0, Percentage: 29%
[#####---------------]
Accuracy: 0.846154
Precision: 0.751299
Test index: 156, Correct Label: 0, Predicted: 0, Percentage: 29%
[#####---------------]
Accuracy: 0.847134
Precision: 0.751389
Test index: 157, Correct Label: 0, Predicted: 0, Percentage: 29%
[#####---------------]
Accuracy: 0.848101
Precision: 0.751477
Test index: 158, Correct Label: 0, Predicted: 1, Percentage: 29%
[#####---------------]
Accuracy: 0.842767
Precision: 0.747268
Test index: 159, Correct Label: 0, Predicted: 2, Percentage: 29%
[#####---------------]
Accuracy: 0.8375
Precision: 0.717506
Test index: 160, Correct Label: 1, Predicted: 1, Percentage: 30%
[######--------------]
Accuracy: 0.838509
Precision: 0.720727
Test index: 161, Correct Label: 0, Predicted: 2, Percentage: 30%
[######--------------]
Accuracy: 0.833333
Precision: 0.697578
Test index: 162, Correct Label: 0, Predicted: 0, Percentage: 30%
[######--------------]
Accuracy: 0.834356
Precision: 0.697665
Test index: 163, Correct Label: 0, Predicted: 0, Percentage: 30%
[######--------------]
Accuracy: 0.835366
Precision: 0.69775
Test index: 164, Correct Label: 0, Predicted: 0, Percentage: 30%
[######--------------]
Accuracy: 0.836364
Precision: 0.697833
Test index: 165, Correct Label: 0, Predicted: 0, Percentage: 31%
[######--------------]
Accuracy: 0.837349
Precision: 0.697915
Test index: 166, Correct Label: 0, Predicted: 0, Percentage: 31%
[######--------------]
Accuracy: 0.838323
Precision: 0.697996
Test index: 167, Correct Label: 0, Predicted: 0, Percentage: 31%
[######--------------]
Accuracy: 0.839286
Precision: 0.698075
Test index: 168, Correct Label: 0, Predicted: 0, Percentage: 31%
[######--------------]
Accuracy: 0.840237
Precision: 0.698152
Test index: 169, Correct Label: 0, Predicted: 0, Percentage: 31%
[######--------------]
Accuracy: 0.841176
Precision: 0.698229
Test index: 170, Correct Label: 0, Predicted: 2, Percentage: 32%
[######--------------]
Accuracy: 0.836257
Precision: 0.67971
Test index: 171, Correct Label: 0, Predicted: 2, Percentage: 32%
[######--------------]
Accuracy: 0.831395
Precision: 0.664559
Test index: 172, Correct Label: 0, Predicted: 0, Percentage: 32%
[######--------------]
Accuracy: 0.83237
Precision: 0.664634
Test index: 173, Correct Label: 0, Predicted: 0, Percentage: 32%
[######--------------]
Accuracy: 0.833333
Precision: 0.664707
Test index: 174, Correct Label: 0, Predicted: 0, Percentage: 32%
[######--------------]
Accuracy: 0.834286
Precision: 0.66478
Test index: 175, Correct Label: 0, Predicted: 0, Percentage: 32%
[######--------------]
Accuracy: 0.835227
Precision: 0.664851
Test index: 176, Correct Label: 0, Predicted: 0, Percentage: 33%
[######--------------]
Accuracy: 0.836158
Precision: 0.664921
Test index: 177, Correct Label: 2, Predicted: 2, Percentage: 33%
[######--------------]
Accuracy: 0.837079
Precision: 0.680072
Test index: 178, Correct Label: 0, Predicted: 0, Percentage: 33%
[######--------------]
Accuracy: 0.837989
Precision: 0.680141
Test index: 179, Correct Label: 0, Predicted: 0, Percentage: 33%
[######--------------]
Accuracy: 0.838889
Precision: 0.680209
Test index: 180, Correct Label: 0, Predicted: 0, Percentage: 33%
[######--------------]
Accuracy: 0.839779
Precision: 0.680276
Test index: 181, Correct Label: 0, Predicted: 0, Percentage: 34%
[######--------------]
Accuracy: 0.840659
Precision: 0.680341
Test index: 182, Correct Label: 0, Predicted: 0, Percentage: 34%
[######--------------]
Accuracy: 0.84153
Precision: 0.680406
Test index: 183, Correct Label: 0, Predicted: 0, Percentage: 34%
[######--------------]
Accuracy: 0.842391
Precision: 0.680469
Test index: 184, Correct Label: 0, Predicted: 0, Percentage: 34%
[######--------------]
Accuracy: 0.843243
Precision: 0.680532
Test index: 185, Correct Label: 0, Predicted: 0, Percentage: 34%
[######--------------]
Accuracy: 0.844086
Precision: 0.680593
Test index: 186, Correct Label: 2, Predicted: 2, Percentage: 35%
[#######-------------]
Accuracy: 0.84492
Precision: 0.693414
Test index: 187, Correct Label: 0, Predicted: 0, Percentage: 35%
[#######-------------]
Accuracy: 0.845745
Precision: 0.693474
Test index: 188, Correct Label: 1, Predicted: 1, Percentage: 35%
[#######-------------]
Accuracy: 0.846561
Precision: 0.696558
Test index: 189, Correct Label: 2, Predicted: 1, Percentage: 35%
[#######-------------]
Accuracy: 0.842105
Precision: 0.692569
Test index: 190, Correct Label: 0, Predicted: 2, Percentage: 35%
[#######-------------]
Accuracy: 0.837696
Precision: 0.679748
Test index: 191, Correct Label: 0, Predicted: 0, Percentage: 35%
[#######-------------]
Accuracy: 0.838542
Precision: 0.679808
Test index: 192, Correct Label: 0, Predicted: 0, Percentage: 36%
[#######-------------]
Accuracy: 0.839378
Precision: 0.679866
Test index: 193, Correct Label: 0, Predicted: 0, Percentage: 36%
[#######-------------]
Accuracy: 0.840206
Precision: 0.679924
Test index: 194, Correct Label: 0, Predicted: 0, Percentage: 36%
[#######-------------]
Accuracy: 0.841026
Precision: 0.679981
Test index: 195, Correct Label: 0, Predicted: 0, Percentage: 36%
[#######-------------]
Accuracy: 0.841837
Precision: 0.680037
Test index: 196, Correct Label: 2, Predicted: 2, Percentage: 36%
[#######-------------]
Accuracy: 0.84264
Precision: 0.691148
Test index: 197, Correct Label: 2, Predicted: 1, Percentage: 37%
[#######-------------]
Accuracy: 0.838384
Precision: 0.687322
Test index: 198, Correct Label: 0, Predicted: 0, Percentage: 37%
[#######-------------]
Accuracy: 0.839196
Precision: 0.687377
Test index: 199, Correct Label: 2, Predicted: 2, Percentage: 37%
[#######-------------]
Accuracy: 0.84
Precision: 0.697099
Test index: 200, Correct Label: 0, Predicted: 1, Percentage: 37%
[#######-------------]
Accuracy: 0.835821
Precision: 0.693426
Test index: 201, Correct Label: 1, Predicted: 0, Percentage: 37%
[#######-------------]
Accuracy: 0.831683
Precision: 0.691029
Test index: 202, Correct Label: 2, Predicted: 2, Percentage: 38%
[#######-------------]
Accuracy: 0.832512
Precision: 0.699608
Test index: 203, Correct Label: 0, Predicted: 1, Percentage: 38%
[#######-------------]
Accuracy: 0.828431
Precision: 0.696078
Test index: 204, Correct Label: 2, Predicted: 0, Percentage: 38%
[#######-------------]
Accuracy: 0.82439
Precision: 0.693717
Test index: 205, Correct Label: 0, Predicted: 0, Percentage: 38%
[#######-------------]
Accuracy: 0.825243
Precision: 0.693805
Test index: 206, Correct Label: 0, Predicted: 1, Percentage: 38%
[#######-------------]
Accuracy: 0.821256
Precision: 0.690411
Test index: 207, Correct Label: 0, Predicted: 0, Percentage: 38%
[#######-------------]
Accuracy: 0.822115
Precision: 0.690498
Test index: 208, Correct Label: 0, Predicted: 0, Percentage: 39%
[#######-------------]
Accuracy: 0.822967
Precision: 0.690584
Test index: 209, Correct Label: 1, Predicted: 1, Percentage: 39%
[#######-------------]
Accuracy: 0.82381
Precision: 0.693608
Test index: 210, Correct Label: 0, Predicted: 0, Percentage: 39%
[#######-------------]
Accuracy: 0.824645
Precision: 0.693692
Test index: 211, Correct Label: 0, Predicted: 0, Percentage: 39%
[#######-------------]
Accuracy: 0.825472
Precision: 0.693775
Test index: 212, Correct Label: 0, Predicted: 0, Percentage: 39%
[#######-------------]
Accuracy: 0.826291
Precision: 0.693857
Test index: 213, Correct Label: 2, Predicted: 1, Percentage: 40%
[########------------]
Accuracy: 0.82243
Precision: 0.690596
Test index: 214, Correct Label: 0, Predicted: 1, Percentage: 40%
[########------------]
Accuracy: 0.818605
Precision: 0.687454
Test index: 215, Correct Label: 0, Predicted: 0, Percentage: 40%
[########------------]
Accuracy: 0.819444
Precision: 0.687535
Test index: 216, Correct Label: 0, Predicted: 0, Percentage: 40%
[########------------]
Accuracy: 0.820276
Precision: 0.687615
Test index: 217, Correct Label: 0, Predicted: 0, Percentage: 40%
[########------------]
Accuracy: 0.821101
Precision: 0.687693
Test index: 218, Correct Label: 1, Predicted: 1, Percentage: 41%
[########------------]
Accuracy: 0.821918
Precision: 0.690615
Test index: 219, Correct Label: 0, Predicted: 0, Percentage: 41%
[########------------]
Accuracy: 0.822727
Precision: 0.690693
Test index: 220, Correct Label: 1, Predicted: 1, Percentage: 41%
[########------------]
Accuracy: 0.823529
Precision: 0.693512
Test index: 221, Correct Label: 0, Predicted: 0, Percentage: 41%
[########------------]
Accuracy: 0.824324
Precision: 0.693589
Test index: 222, Correct Label: 2, Predicted: 2, Percentage: 41%
[########------------]
Accuracy: 0.825112
Precision: 0.701214
Test index: 223, Correct Label: 0, Predicted: 0, Percentage: 41%
[########------------]
Accuracy: 0.825893
Precision: 0.70129
Test index: 224, Correct Label: 0, Predicted: 0, Percentage: 42%
[########------------]
Accuracy: 0.826667
Precision: 0.701365
Test index: 225, Correct Label: 0, Predicted: 0, Percentage: 42%
[########------------]
Accuracy: 0.827434
Precision: 0.701438
Test index: 226, Correct Label: 0, Predicted: 0, Percentage: 42%
[########------------]
Accuracy: 0.828194
Precision: 0.701511
Test index: 227, Correct Label: 1, Predicted: 0, Percentage: 42%
[########------------]
Accuracy: 0.824561
Precision: 0.699404
Test index: 228, Correct Label: 2, Predicted: 2, Percentage: 42%
[########------------]
Accuracy: 0.825328
Precision: 0.706226
Test index: 229, Correct Label: 0, Predicted: 0, Percentage: 43%
[########------------]
Accuracy: 0.826087
Precision: 0.706311
Test index: 230, Correct Label: 0, Predicted: 1, Percentage: 43%
[########------------]
Accuracy: 0.822511
Precision: 0.703286
Test index: 231, Correct Label: 1, Predicted: 1, Percentage: 43%
[########------------]
Accuracy: 0.823276
Precision: 0.706014
Test index: 232, Correct Label: 0, Predicted: 0, Percentage: 43%
[########------------]
Accuracy: 0.824034
Precision: 0.706098
Test index: 233, Correct Label: 0, Predicted: 0, Percentage: 43%
[########------------]
Accuracy: 0.824786
Precision: 0.70618
Test index: 234, Correct Label: 0, Predicted: 0, Percentage: 44%
[########------------]
Accuracy: 0.825532
Precision: 0.706262
Test index: 235, Correct Label: 0, Predicted: 0, Percentage: 44%
[########------------]
Accuracy: 0.826271
Precision: 0.706343
Test index: 236, Correct Label: 2, Predicted: 2, Percentage: 44%
[########------------]
Accuracy: 0.827004
Precision: 0.712483
Test index: 237, Correct Label: 1, Predicted: 0, Percentage: 44%
[########------------]
Accuracy: 0.823529
Precision: 0.710466
Test index: 238, Correct Label: 0, Predicted: 0, Percentage: 44%
[########------------]
Accuracy: 0.824268
Precision: 0.710558
Test index: 239, Correct Label: 0, Predicted: 2, Percentage: 45%
[#########-----------]
Accuracy: 0.820833
Precision: 0.70024
Test index: 240, Correct Label: 1, Predicted: 1, Percentage: 45%
[#########-----------]
Accuracy: 0.821577
Precision: 0.702877
Test index: 241, Correct Label: 2, Predicted: 2, Percentage: 45%
[#########-----------]
Accuracy: 0.822314
Precision: 0.708649
Test index: 242, Correct Label: 0, Predicted: 2, Percentage: 45%
[#########-----------]
Accuracy: 0.81893
Precision: 0.699426
Test index: 243, Correct Label: 0, Predicted: 0, Percentage: 45%
[#########-----------]
Accuracy: 0.819672
Precision: 0.699517
Test index: 244, Correct Label: 0, Predicted: 0, Percentage: 45%
[#########-----------]
Accuracy: 0.820408
Precision: 0.699606
Test index: 245, Correct Label: 0, Predicted: 0, Percentage: 46%
[#########-----------]
Accuracy: 0.821138
Precision: 0.699695
Test index: 246, Correct Label: 0, Predicted: 0, Percentage: 46%
[#########-----------]
Accuracy: 0.821862
Precision: 0.699782
Test index: 247, Correct Label: 0, Predicted: 0, Percentage: 46%
[#########-----------]
Accuracy: 0.822581
Precision: 0.699868
Test index: 248, Correct Label: 0, Predicted: 0, Percentage: 46%
[#########-----------]
Accuracy: 0.823293
Precision: 0.699953
Test index: 249, Correct Label: 0, Predicted: 0, Percentage: 46%
[#########-----------]
Accuracy: 0.824
Precision: 0.700038
Test index: 250, Correct Label: 1, Predicted: 0, Percentage: 47%
[#########-----------]
Accuracy: 0.820717
Precision: 0.698137
Test index: 251, Correct Label: 0, Predicted: 0, Percentage: 47%
[#########-----------]
Accuracy: 0.821429
Precision: 0.698231
Test index: 252, Correct Label: 0, Predicted: 0, Percentage: 47%
[#########-----------]
Accuracy: 0.822134
Precision: 0.698323
Test index: 253, Correct Label: 0, Predicted: 0, Percentage: 47%
[#########-----------]
Accuracy: 0.822835
Precision: 0.698415
Test index: 254, Correct Label: 0, Predicted: 0, Percentage: 47%
[#########-----------]
Accuracy: 0.823529
Precision: 0.698506
Test index: 255, Correct Label: 1, Predicted: 1, Percentage: 48%
[#########-----------]
Accuracy: 0.824219
Precision: 0.701056
Test index: 256, Correct Label: 2, Predicted: 2, Percentage: 48%
[#########-----------]
Accuracy: 0.824903
Precision: 0.706491
Test index: 257, Correct Label: 0, Predicted: 0, Percentage: 48%
[#########-----------]
Accuracy: 0.825581
Precision: 0.70658
Test index: 258, Correct Label: 0, Predicted: 0, Percentage: 48%
[#########-----------]
Accuracy: 0.826255
Precision: 0.706669
Test index: 259, Correct Label: 0, Predicted: 1, Percentage: 48%
[#########-----------]
Accuracy: 0.823077
Precision: 0.70376
Test index: 260, Correct Label: 1, Predicted: 1, Percentage: 48%
[#########-----------]
Accuracy: 0.823755
Precision: 0.706235
Test index: 261, Correct Label: 0, Predicted: 2, Percentage: 49%
[#########-----------]
Accuracy: 0.820611
Precision: 0.697902
Test index: 262, Correct Label: 0, Predicted: 1, Percentage: 49%
[#########-----------]
Accuracy: 0.817491
Precision: 0.695091
Test index: 263, Correct Label: 0, Predicted: 0, Percentage: 49%
[#########-----------]
Accuracy: 0.818182
Precision: 0.695179
Test index: 264, Correct Label: 0, Predicted: 0, Percentage: 49%
[#########-----------]
Accuracy: 0.818868
Precision: 0.695265
Test index: 265, Correct Label: 0, Predicted: 1, Percentage: 49%
[#########-----------]
Accuracy: 0.815789
Precision: 0.692541
Test index: 266, Correct Label: 0, Predicted: 2, Percentage: 50%
[##########----------]
Accuracy: 0.812734
Precision: 0.684848
Test index: 267, Correct Label: 1, Predicted: 1, Percentage: 50%
[##########----------]
Accuracy: 0.813433
Precision: 0.687257
Test index: 268, Correct Label: 0, Predicted: 0, Percentage: 50%
[##########----------]
Accuracy: 0.814126
Precision: 0.687343
Test index: 269, Correct Label: 2, Predicted: 2, Percentage: 50%
[##########----------]
Accuracy: 0.814815
Precision: 0.692566
Test index: 270, Correct Label: 0, Predicted: 2, Percentage: 50%
[##########----------]
Accuracy: 0.811808
Precision: 0.685511
Test index: 271, Correct Label: 2, Predicted: 1, Percentage: 51%
[##########----------]
Accuracy: 0.808824
Precision: 0.682873
Test index: 272, Correct Label: 0, Predicted: 0, Percentage: 51%
[##########----------]
Accuracy: 0.809524
Precision: 0.682958
Test index: 273, Correct Label: 2, Predicted: 1, Percentage: 51%
[##########----------]
Accuracy: 0.806569
Precision: 0.680397
Test index: 274, Correct Label: 0, Predicted: 0, Percentage: 51%
[##########----------]
Accuracy: 0.807273
Precision: 0.680481
Test index: 275, Correct Label: 0, Predicted: 0, Percentage: 51%
[##########----------]
Accuracy: 0.807971
Precision: 0.680563
Test index: 276, Correct Label: 0, Predicted: 0, Percentage: 51%
[##########----------]
Accuracy: 0.808664
Precision: 0.680645
Test index: 277, Correct Label: 1, Predicted: 1, Percentage: 52%
[##########----------]
Accuracy: 0.809353
Precision: 0.68299
Test index: 278, Correct Label: 0, Predicted: 1, Percentage: 52%
[##########----------]
Accuracy: 0.806452
Precision: 0.680505
Test index: 279, Correct Label: 0, Predicted: 0, Percentage: 52%
[##########----------]
Accuracy: 0.807143
Precision: 0.680586
Test index: 280, Correct Label: 0, Predicted: 0, Percentage: 52%
[##########----------]
Accuracy: 0.807829
Precision: 0.680666
Test index: 281, Correct Label: 0, Predicted: 0, Percentage: 52%
[##########----------]
Accuracy: 0.808511
Precision: 0.680745
Test index: 282, Correct Label: 0, Predicted: 0, Percentage: 53%
[##########----------]
Accuracy: 0.809187
Precision: 0.680824
Test index: 283, Correct Label: 0, Predicted: 0, Percentage: 53%
[##########----------]
Accuracy: 0.809859
Precision: 0.680901
Test index: 284, Correct Label: 0, Predicted: 0, Percentage: 53%
[##########----------]
Accuracy: 0.810526
Precision: 0.680978
Test index: 285, Correct Label: 0, Predicted: 0, Percentage: 53%
[##########----------]
Accuracy: 0.811189
Precision: 0.681054
Test index: 286, Correct Label: 1, Predicted: 1, Percentage: 53%
[##########----------]
Accuracy: 0.811847
Precision: 0.683334
Test index: 287, Correct Label: 2, Predicted: 2, Percentage: 54%
[##########----------]
Accuracy: 0.8125
Precision: 0.68826
Test index: 288, Correct Label: 1, Predicted: 0, Percentage: 54%
[##########----------]
Accuracy: 0.809689
Precision: 0.686572
Test index: 289, Correct Label: 1, Predicted: 1, Percentage: 54%
[##########----------]
Accuracy: 0.810345
Precision: 0.688789
Test index: 290, Correct Label: 0, Predicted: 0, Percentage: 54%
[##########----------]
Accuracy: 0.810997
Precision: 0.688872
Test index: 291, Correct Label: 1, Predicted: 1, Percentage: 54%
[##########----------]
Accuracy: 0.811644
Precision: 0.691028
Test index: 292, Correct Label: 0, Predicted: 1, Percentage: 54%
[##########----------]
Accuracy: 0.808874
Precision: 0.688622
Test index: 293, Correct Label: 2, Predicted: 2, Percentage: 55%
[###########---------]
Accuracy: 0.809524
Precision: 0.693219
Test index: 294, Correct Label: 0, Predicted: 2, Percentage: 55%
[###########---------]
Accuracy: 0.80678
Precision: 0.686768
Test index: 295, Correct Label: 0, Predicted: 0, Percentage: 55%
[###########---------]
Accuracy: 0.807432
Precision: 0.686851
Test index: 296, Correct Label: 2, Predicted: 2, Percentage: 55%
[###########---------]
Accuracy: 0.808081
Precision: 0.691219
Test index: 297, Correct Label: 0, Predicted: 0, Percentage: 55%
[###########---------]
Accuracy: 0.808725
Precision: 0.691301
Test index: 298, Correct Label: 2, Predicted: 2, Percentage: 56%
[###########---------]
Accuracy: 0.809365
Precision: 0.695404
Test index: 299, Correct Label: 2, Predicted: 2, Percentage: 56%
[###########---------]
Accuracy: 0.81
Precision: 0.699266
Test index: 300, Correct Label: 0, Predicted: 0, Percentage: 56%
[###########---------]
Accuracy: 0.810631
Precision: 0.699347
Test index: 301, Correct Label: 0, Predicted: 0, Percentage: 56%
[###########---------]
Accuracy: 0.811258
Precision: 0.699427
Test index: 302, Correct Label: 0, Predicted: 1, Percentage: 56%
[###########---------]
Accuracy: 0.808581
Precision: 0.697085
Test index: 303, Correct Label: 2, Predicted: 1, Percentage: 57%
[###########---------]
Accuracy: 0.805921
Precision: 0.694804
Test index: 304, Correct Label: 0, Predicted: 0, Percentage: 57%
[###########---------]
Accuracy: 0.806557
Precision: 0.694884
Test index: 305, Correct Label: 2, Predicted: 2, Percentage: 57%
[###########---------]
Accuracy: 0.80719
Precision: 0.698525
Test index: 306, Correct Label: 0, Predicted: 1, Percentage: 57%
[###########---------]
Accuracy: 0.80456
Precision: 0.696304
Test index: 307, Correct Label: 1, Predicted: 1, Percentage: 57%
[###########---------]
Accuracy: 0.805195
Precision: 0.698413
Test index: 308, Correct Label: 0, Predicted: 0, Percentage: 58%
[###########---------]
Accuracy: 0.805825
Precision: 0.698491
Test index: 309, Correct Label: 2, Predicted: 2, Percentage: 58%
[###########---------]
Accuracy: 0.806452
Precision: 0.70193
Test index: 310, Correct Label: 0, Predicted: 0, Percentage: 58%
[###########---------]
Accuracy: 0.807074
Precision: 0.702008
Test index: 311, Correct Label: 0, Predicted: 0, Percentage: 58%
[###########---------]
Accuracy: 0.807692
Precision: 0.702085
Test index: 312, Correct Label: 0, Predicted: 0, Percentage: 58%
[###########---------]
Accuracy: 0.808307
Precision: 0.702161
Test index: 313, Correct Label: 0, Predicted: 0, Percentage: 58%
[###########---------]
Accuracy: 0.808917
Precision: 0.702236
Test index: 314, Correct Label: 0, Predicted: 1, Percentage: 59%
[###########---------]
Accuracy: 0.806349
Precision: 0.700073
Test index: 315, Correct Label: 0, Predicted: 0, Percentage: 59%
[###########---------]
Accuracy: 0.806962
Precision: 0.700147
Test index: 316, Correct Label: 0, Predicted: 0, Percentage: 59%
[###########---------]
Accuracy: 0.807571
Precision: 0.700221
Test index: 317, Correct Label: 0, Predicted: 0, Percentage: 59%
[###########---------]
Accuracy: 0.808176
Precision: 0.700294
Test index: 318, Correct Label: 0, Predicted: 2, Percentage: 59%
[###########---------]
Accuracy: 0.805643
Precision: 0.694539
Test index: 319, Correct Label: 2, Predicted: 1, Percentage: 60%
[############--------]
Accuracy: 0.803125
Precision: 0.692429
Test index: 320, Correct Label: 0, Predicted: 0, Percentage: 60%
[############--------]
Accuracy: 0.803738
Precision: 0.692501
Test index: 321, Correct Label: 0, Predicted: 0, Percentage: 60%
[############--------]
Accuracy: 0.804348
Precision: 0.692573
Test index: 322, Correct Label: 0, Predicted: 0, Percentage: 60%
[############--------]
Accuracy: 0.804954
Precision: 0.692644
Test index: 323, Correct Label: 0, Predicted: 0, Percentage: 60%
[############--------]
Accuracy: 0.805556
Precision: 0.692714
Test index: 324, Correct Label: 1, Predicted: 0, Percentage: 61%
[############--------]
Accuracy: 0.803077
Precision: 0.691182
Test index: 325, Correct Label: 0, Predicted: 0, Percentage: 61%
[############--------]
Accuracy: 0.803681
Precision: 0.691258
Test index: 326, Correct Label: 0, Predicted: 1, Percentage: 61%
[############--------]
Accuracy: 0.801223
Precision: 0.689201
Test index: 327, Correct Label: 0, Predicted: 0, Percentage: 61%
[############--------]
Accuracy: 0.801829
Precision: 0.689277
Test index: 328, Correct Label: 0, Predicted: 0, Percentage: 61%
[############--------]
Accuracy: 0.802432
Precision: 0.689352
Test index: 329, Correct Label: 0, Predicted: 1, Percentage: 61%
[############--------]
Accuracy: 0.8
Precision: 0.687344
Test index: 330, Correct Label: 0, Predicted: 1, Percentage: 62%
[############--------]
Accuracy: 0.797583
Precision: 0.685385
Test index: 331, Correct Label: 2, Predicted: 1, Percentage: 62%
[############--------]
Accuracy: 0.795181
Precision: 0.683473
Test index: 332, Correct Label: 0, Predicted: 0, Percentage: 62%
[############--------]
Accuracy: 0.795796
Precision: 0.683547
Test index: 333, Correct Label: 0, Predicted: 0, Percentage: 62%
[############--------]
Accuracy: 0.796407
Precision: 0.683621
Test index: 334, Correct Label: 0, Predicted: 0, Percentage: 62%
[############--------]
Accuracy: 0.797015
Precision: 0.683694
Test index: 335, Correct Label: 2, Predicted: 2, Percentage: 63%
[############--------]
Accuracy: 0.797619
Precision: 0.687013
Test index: 336, Correct Label: 2, Predicted: 2, Percentage: 63%
[############--------]
Accuracy: 0.79822
Precision: 0.690162
Test index: 337, Correct Label: 0, Predicted: 0, Percentage: 63%
[############--------]
Accuracy: 0.798817
Precision: 0.690235
Test index: 338, Correct Label: 1, Predicted: 1, Percentage: 63%
[############--------]
Accuracy: 0.79941
Precision: 0.692289
Test index: 339, Correct Label: 1, Predicted: 1, Percentage: 63%
[############--------]
Accuracy: 0.8
Precision: 0.694295
Test index: 340, Correct Label: 0, Predicted: 1, Percentage: 64%
[############--------]
Accuracy: 0.797654
Precision: 0.692424
Test index: 341, Correct Label: 1, Predicted: 1, Percentage: 64%
[############--------]
Accuracy: 0.798246
Precision: 0.694383
Test index: 342, Correct Label: 0, Predicted: 0, Percentage: 64%
[############--------]
Accuracy: 0.798834
Precision: 0.694455
Test index: 343, Correct Label: 1, Predicted: 0, Percentage: 64%
[############--------]
Accuracy: 0.796512
Precision: 0.69299
Test index: 344, Correct Label: 0, Predicted: 1, Percentage: 64%
[############--------]
Accuracy: 0.794203
Precision: 0.69116
Test index: 345, Correct Label: 0, Predicted: 0, Percentage: 64%
[############--------]
Accuracy: 0.794798
Precision: 0.691238
Test index: 346, Correct Label: 0, Predicted: 0, Percentage: 65%
[#############-------]
Accuracy: 0.795389
Precision: 0.691315
Test index: 347, Correct Label: 0, Predicted: 0, Percentage: 65%
[#############-------]
Accuracy: 0.795977
Precision: 0.691391
Test index: 348, Correct Label: 0, Predicted: 0, Percentage: 65%
[#############-------]
Accuracy: 0.796562
Precision: 0.691466
Test index: 349, Correct Label: 0, Predicted: 0, Percentage: 65%
[#############-------]
Accuracy: 0.797143
Precision: 0.691541
Test index: 350, Correct Label: 0, Predicted: 1, Percentage: 65%
[#############-------]
Accuracy: 0.794872
Precision: 0.689751
Test index: 351, Correct Label: 0, Predicted: 0, Percentage: 66%
[#############-------]
Accuracy: 0.795455
Precision: 0.689825
Test index: 352, Correct Label: 0, Predicted: 1, Percentage: 66%
[#############-------]
Accuracy: 0.793201
Precision: 0.688075
Test index: 353, Correct Label: 0, Predicted: 0, Percentage: 66%
[#############-------]
Accuracy: 0.793785
Precision: 0.688149
Test index: 354, Correct Label: 1, Predicted: 1, Percentage: 66%
[#############-------]
Accuracy: 0.794366
Precision: 0.69006
Test index: 355, Correct Label: 0, Predicted: 0, Percentage: 66%
[#############-------]
Accuracy: 0.794944
Precision: 0.690133
Test index: 356, Correct Label: 0, Predicted: 0, Percentage: 67%
[#############-------]
Accuracy: 0.795518
Precision: 0.690205
Test index: 357, Correct Label: 0, Predicted: 0, Percentage: 67%
[#############-------]
Accuracy: 0.796089
Precision: 0.690276
Test index: 358, Correct Label: 0, Predicted: 0, Percentage: 67%
[#############-------]
Accuracy: 0.796657
Precision: 0.690347
Test index: 359, Correct Label: 0, Predicted: 0, Percentage: 67%
[#############-------]
Accuracy: 0.797222
Precision: 0.690417
Test index: 360, Correct Label: 0, Predicted: 0, Percentage: 67%
[#############-------]
Accuracy: 0.797784
Precision: 0.690487
Test index: 361, Correct Label: 0, Predicted: 0, Percentage: 67%
[#############-------]
Accuracy: 0.798343
Precision: 0.690556
Test index: 362, Correct Label: 0, Predicted: 1, Percentage: 68%
[#############-------]
Accuracy: 0.796143
Precision: 0.688842
Test index: 363, Correct Label: 0, Predicted: 0, Percentage: 68%
[#############-------]
Accuracy: 0.796703
Precision: 0.68891
Test index: 364, Correct Label: 0, Predicted: 0, Percentage: 68%
[#############-------]
Accuracy: 0.79726
Precision: 0.688978
Test index: 365, Correct Label: 0, Predicted: 0, Percentage: 68%
[#############-------]
Accuracy: 0.797814
Precision: 0.689045
Test index: 366, Correct Label: 0, Predicted: 0, Percentage: 68%
[#############-------]
Accuracy: 0.798365
Precision: 0.689112
Test index: 367, Correct Label: 0, Predicted: 0, Percentage: 69%
[#############-------]
Accuracy: 0.798913
Precision: 0.689178
Test index: 368, Correct Label: 1, Predicted: 1, Percentage: 69%
[#############-------]
Accuracy: 0.799458
Precision: 0.691046
Test index: 369, Correct Label: 1, Predicted: 0, Percentage: 69%
[#############-------]
Accuracy: 0.797297
Precision: 0.689705
Test index: 370, Correct Label: 2, Predicted: 1, Percentage: 69%
[#############-------]
Accuracy: 0.795148
Precision: 0.688026
Test index: 371, Correct Label: 0, Predicted: 0, Percentage: 69%
[#############-------]
Accuracy: 0.795699
Precision: 0.688097
Test index: 372, Correct Label: 0, Predicted: 0, Percentage: 70%
[##############------]
Accuracy: 0.796247
Precision: 0.688167
Test index: 373, Correct Label: 0, Predicted: 0, Percentage: 70%
[##############------]
Accuracy: 0.796791
Precision: 0.688237
Test index: 374, Correct Label: 0, Predicted: 0, Percentage: 70%
[##############------]
Accuracy: 0.797333
Precision: 0.688306
Test index: 375, Correct Label: 0, Predicted: 0, Percentage: 70%
[##############------]
Accuracy: 0.797872
Precision: 0.688374
Test index: 376, Correct Label: 0, Predicted: 0, Percentage: 70%
[##############------]
Accuracy: 0.798409
Precision: 0.688442
Test index: 377, Correct Label: 0, Predicted: 0, Percentage: 70%
[##############------]
Accuracy: 0.798942
Precision: 0.68851
Test index: 378, Correct Label: 0, Predicted: 0, Percentage: 71%
[##############------]
Accuracy: 0.799472
Precision: 0.688577
Test index: 379, Correct Label: 0, Predicted: 2, Percentage: 71%
[##############------]
Accuracy: 0.797368
Precision: 0.683235
Test index: 380, Correct Label: 0, Predicted: 0, Percentage: 71%
[##############------]
Accuracy: 0.7979
Precision: 0.683301
Test index: 381, Correct Label: 2, Predicted: 1, Percentage: 71%
[##############------]
Accuracy: 0.795812
Precision: 0.681657
Test index: 382, Correct Label: 0, Predicted: 0, Percentage: 71%
[##############------]
Accuracy: 0.796345
Precision: 0.681722
Test index: 383, Correct Label: 0, Predicted: 0, Percentage: 72%
[##############------]
Accuracy: 0.796875
Precision: 0.681788
Test index: 384, Correct Label: 0, Predicted: 0, Percentage: 72%
[##############------]
Accuracy: 0.797403
Precision: 0.681852
Test index: 385, Correct Label: 0, Predicted: 0, Percentage: 72%
[##############------]
Accuracy: 0.797927
Precision: 0.681917
Test index: 386, Correct Label: 0, Predicted: 0, Percentage: 72%
[##############------]
Accuracy: 0.79845
Precision: 0.68198
Test index: 387, Correct Label: 0, Predicted: 2, Percentage: 72%
[##############------]
Accuracy: 0.796392
Precision: 0.676899
Test index: 388, Correct Label: 0, Predicted: 0, Percentage: 73%
[##############------]
Accuracy: 0.796915
Precision: 0.676962
Test index: 389, Correct Label: 0, Predicted: 1, Percentage: 73%
[##############------]
Accuracy: 0.794872
Precision: 0.675352
Test index: 390, Correct Label: 2, Predicted: 2, Percentage: 73%
[##############------]
Accuracy: 0.795396
Precision: 0.678449
Test index: 391, Correct Label: 0, Predicted: 1, Percentage: 73%
[##############------]
Accuracy: 0.793367
Precision: 0.676871
Test index: 392, Correct Label: 0, Predicted: 0, Percentage: 73%
[##############------]
Accuracy: 0.793893
Precision: 0.676933
Test index: 393, Correct Label: 0, Predicted: 0, Percentage: 74%
[##############------]
Accuracy: 0.794416
Precision: 0.676996
Test index: 394, Correct Label: 0, Predicted: 1, Percentage: 74%
[##############------]
Accuracy: 0.792405
Precision: 0.67545
Test index: 395, Correct Label: 0, Predicted: 0, Percentage: 74%
[##############------]
Accuracy: 0.792929
Precision: 0.675511
Test index: 396, Correct Label: 0, Predicted: 0, Percentage: 74%
[##############------]
Accuracy: 0.793451
Precision: 0.675573
Test index: 397, Correct Label: 0, Predicted: 1, Percentage: 74%
[##############------]
Accuracy: 0.791457
Precision: 0.674058
Test index: 398, Correct Label: 0, Predicted: 0, Percentage: 74%
[##############------]
Accuracy: 0.79198
Precision: 0.674118
Test index: 399, Correct Label: 1, Predicted: 0, Percentage: 75%
[###############-----]
Accuracy: 0.79
Precision: 0.672887
Test index: 400, Correct Label: 0, Predicted: 0, Percentage: 75%
[###############-----]
Accuracy: 0.790524
Precision: 0.672952
Test index: 401, Correct Label: 0, Predicted: 0, Percentage: 75%
[###############-----]
Accuracy: 0.791045
Precision: 0.673016
Test index: 402, Correct Label: 0, Predicted: 0, Percentage: 75%
[###############-----]
Accuracy: 0.791563
Precision: 0.67308
Test index: 403, Correct Label: 0, Predicted: 0, Percentage: 75%
[###############-----]
Accuracy: 0.792079
Precision: 0.673143
Test index: 404, Correct Label: 0, Predicted: 2, Percentage: 76%
[###############-----]
Accuracy: 0.790123
Precision: 0.668344
Test index: 405, Correct Label: 2, Predicted: 2, Percentage: 76%
[###############-----]
Accuracy: 0.79064
Precision: 0.671339
Test index: 406, Correct Label: 0, Predicted: 1, Percentage: 76%
[###############-----]
Accuracy: 0.788698
Precision: 0.669854
Test index: 407, Correct Label: 0, Predicted: 2, Percentage: 76%
[###############-----]
Accuracy: 0.786765
Precision: 0.665309
Test index: 408, Correct Label: 0, Predicted: 0, Percentage: 76%
[###############-----]
Accuracy: 0.787286
Precision: 0.665372
Test index: 409, Correct Label: 0, Predicted: 0, Percentage: 77%
[###############-----]
Accuracy: 0.787805
Precision: 0.665434
Test index: 410, Correct Label: 0, Predicted: 0, Percentage: 77%
[###############-----]
Accuracy: 0.788321
Precision: 0.665496
Test index: 411, Correct Label: 0, Predicted: 2, Percentage: 77%
[###############-----]
Accuracy: 0.786408
Precision: 0.661148
Test index: 412, Correct Label: 0, Predicted: 2, Percentage: 77%
[###############-----]
Accuracy: 0.784504
Precision: 0.656985
Test index: 413, Correct Label: 0, Predicted: 0, Percentage: 77%
[###############-----]
Accuracy: 0.785024
Precision: 0.657047
Test index: 414, Correct Label: 0, Predicted: 1, Percentage: 77%
[###############-----]
Accuracy: 0.783133
Precision: 0.655591
Test index: 415, Correct Label: 0, Predicted: 0, Percentage: 78%
[###############-----]
Accuracy: 0.783654
Precision: 0.655652
Test index: 416, Correct Label: 0, Predicted: 1, Percentage: 78%
[###############-----]
Accuracy: 0.781775
Precision: 0.654224
Test index: 417, Correct Label: 0, Predicted: 0, Percentage: 78%
[###############-----]
Accuracy: 0.782297
Precision: 0.654285
Test index: 418, Correct Label: 0, Predicted: 0, Percentage: 78%
[###############-----]
Accuracy: 0.782816
Precision: 0.654345
Test index: 419, Correct Label: 0, Predicted: 0, Percentage: 78%
[###############-----]
Accuracy: 0.783333
Precision: 0.654404
Test index: 420, Correct Label: 0, Predicted: 0, Percentage: 79%
[###############-----]
Accuracy: 0.783848
Precision: 0.654464
Test index: 421, Correct Label: 1, Predicted: 1, Percentage: 79%
[###############-----]
Accuracy: 0.78436
Precision: 0.656268
Test index: 422, Correct Label: 0, Predicted: 0, Percentage: 79%
[###############-----]
Accuracy: 0.78487
Precision: 0.656327
Test index: 423, Correct Label: 0, Predicted: 2, Percentage: 79%
[###############-----]
Accuracy: 0.783019
Precision: 0.652338
Test index: 424, Correct Label: 0, Predicted: 1, Percentage: 79%
[###############-----]
Accuracy: 0.781176
Precision: 0.650934
Test index: 425, Correct Label: 0, Predicted: 0, Percentage: 80%
[################----]
Accuracy: 0.78169
Precision: 0.650992
Test index: 426, Correct Label: 0, Predicted: 0, Percentage: 80%
[################----]
Accuracy: 0.782201
Precision: 0.65105
Test index: 427, Correct Label: 0, Predicted: 0, Percentage: 80%
[################----]
Accuracy: 0.78271
Precision: 0.651107
Test index: 428, Correct Label: 0, Predicted: 0, Percentage: 80%
[################----]
Accuracy: 0.783217
Precision: 0.651165
Test index: 429, Correct Label: 0, Predicted: 1, Percentage: 80%
[################----]
Accuracy: 0.781395
Precision: 0.649787
Test index: 430, Correct Label: 0, Predicted: 0, Percentage: 80%
[################----]
Accuracy: 0.781903
Precision: 0.649844
Test index: 431, Correct Label: 0, Predicted: 0, Percentage: 81%
[################----]
Accuracy: 0.782407
Precision: 0.6499
Test index: 432, Correct Label: 1, Predicted: 1, Percentage: 81%
[################----]
Accuracy: 0.78291
Precision: 0.651663
Test index: 433, Correct Label: 0, Predicted: 0, Percentage: 81%
[################----]
Accuracy: 0.78341
Precision: 0.651719
Test index: 434, Correct Label: 1, Predicted: 1, Percentage: 81%
[################----]
Accuracy: 0.783908
Precision: 0.65345
Test index: 435, Correct Label: 0, Predicted: 0, Percentage: 81%
[################----]
Accuracy: 0.784404
Precision: 0.653505
Test index: 436, Correct Label: 0, Predicted: 0, Percentage: 82%
[################----]
Accuracy: 0.784897
Precision: 0.65356
Test index: 437, Correct Label: 0, Predicted: 0, Percentage: 82%
[################----]
Accuracy: 0.785388
Precision: 0.653615
Test index: 438, Correct Label: 0, Predicted: 0, Percentage: 82%
[################----]
Accuracy: 0.785877
Precision: 0.653669
Test index: 439, Correct Label: 0, Predicted: 0, Percentage: 82%
[################----]
Accuracy: 0.786364
Precision: 0.653723
Test index: 440, Correct Label: 0, Predicted: 0, Percentage: 82%
[################----]
Accuracy: 0.786848
Precision: 0.653777
Test index: 441, Correct Label: 1, Predicted: 2, Percentage: 83%
[################----]
Accuracy: 0.785068
Precision: 0.64995
Test index: 442, Correct Label: 0, Predicted: 0, Percentage: 83%
[################----]
Accuracy: 0.785553
Precision: 0.650003
Test index: 443, Correct Label: 0, Predicted: 0, Percentage: 83%
[################----]
Accuracy: 0.786036
Precision: 0.650056
Test index: 444, Correct Label: 0, Predicted: 0, Percentage: 83%
[################----]
Accuracy: 0.786517
Precision: 0.650109
Test index: 445, Correct Label: 0, Predicted: 1, Percentage: 83%
[################----]
Accuracy: 0.784753
Precision: 0.64875
Test index: 446, Correct Label: 0, Predicted: 0, Percentage: 83%
[################----]
Accuracy: 0.785235
Precision: 0.648802
Test index: 447, Correct Label: 1, Predicted: 1, Percentage: 84%
[################----]
Accuracy: 0.785714
Precision: 0.650497
Test index: 448, Correct Label: 0, Predicted: 0, Percentage: 84%
[################----]
Accuracy: 0.786192
Precision: 0.650549
Test index: 449, Correct Label: 0, Predicted: 0, Percentage: 84%
[################----]
Accuracy: 0.786667
Precision: 0.6506
Test index: 450, Correct Label: 0, Predicted: 1, Percentage: 84%
[################----]
Accuracy: 0.784922
Precision: 0.649263
Test index: 451, Correct Label: 0, Predicted: 0, Percentage: 84%
[################----]
Accuracy: 0.785398
Precision: 0.649314
Test index: 452, Correct Label: 0, Predicted: 0, Percentage: 85%
[#################---]
Accuracy: 0.785872
Precision: 0.649364
Test index: 453, Correct Label: 0, Predicted: 0, Percentage: 85%
[#################---]
Accuracy: 0.786344
Precision: 0.649415
Test index: 454, Correct Label: 0, Predicted: 0, Percentage: 85%
[#################---]
Accuracy: 0.786813
Precision: 0.649465
Test index: 455, Correct Label: 0, Predicted: 0, Percentage: 85%
[#################---]
Accuracy: 0.787281
Precision: 0.649514
Test index: 456, Correct Label: 0, Predicted: 0, Percentage: 85%
[#################---]
Accuracy: 0.787746
Precision: 0.649564
Test index: 457, Correct Label: 0, Predicted: 0, Percentage: 86%
[#################---]
Accuracy: 0.78821
Precision: 0.649613
Test index: 458, Correct Label: 0, Predicted: 0, Percentage: 86%
[#################---]
Accuracy: 0.788671
Precision: 0.649661
Test index: 459, Correct Label: 2, Predicted: 2, Percentage: 86%
[#################---]
Accuracy: 0.78913
Precision: 0.652654
Test index: 460, Correct Label: 2, Predicted: 2, Percentage: 86%
[#################---]
Accuracy: 0.789588
Precision: 0.65553
Test index: 461, Correct Label: 0, Predicted: 0, Percentage: 86%
[#################---]
Accuracy: 0.790043
Precision: 0.655579
Test index: 462, Correct Label: 0, Predicted: 0, Percentage: 87%
[#################---]
Accuracy: 0.790497
Precision: 0.655627
Test index: 463, Correct Label: 0, Predicted: 0, Percentage: 87%
[#################---]
Accuracy: 0.790948
Precision: 0.655674
Test index: 464, Correct Label: 0, Predicted: 2, Percentage: 87%
[#################---]
Accuracy: 0.789247
Precision: 0.652029
Test index: 465, Correct Label: 1, Predicted: 1, Percentage: 87%
[#################---]
Accuracy: 0.7897
Precision: 0.653691
Test index: 466, Correct Label: 0, Predicted: 0, Percentage: 87%
[#################---]
Accuracy: 0.79015
Precision: 0.653739
Test index: 467, Correct Label: 0, Predicted: 0, Percentage: 87%
[#################---]
Accuracy: 0.790598
Precision: 0.653786
Test index: 468, Correct Label: 0, Predicted: 1, Percentage: 88%
[#################---]
Accuracy: 0.788913
Precision: 0.652469
Test index: 469, Correct Label: 1, Predicted: 1, Percentage: 88%
[#################---]
Accuracy: 0.789362
Precision: 0.654099
Test index: 470, Correct Label: 0, Predicted: 1, Percentage: 88%
[#################---]
Accuracy: 0.787686
Precision: 0.652802
Test index: 471, Correct Label: 0, Predicted: 1, Percentage: 88%
[#################---]
Accuracy: 0.786017
Precision: 0.651528
Test index: 472, Correct Label: 1, Predicted: 0, Percentage: 88%
[#################---]
Accuracy: 0.784355
Precision: 0.650482
Test index: 473, Correct Label: 1, Predicted: 1, Percentage: 89%
[#################---]
Accuracy: 0.78481
Precision: 0.652078
Test index: 474, Correct Label: 0, Predicted: 2, Percentage: 89%
[#################---]
Accuracy: 0.783158
Precision: 0.648571
Test index: 475, Correct Label: 0, Predicted: 0, Percentage: 89%
[#################---]
Accuracy: 0.783613
Precision: 0.648621
Test index: 476, Correct Label: 0, Predicted: 0, Percentage: 89%
[#################---]
Accuracy: 0.784067
Precision: 0.648671
Test index: 477, Correct Label: 0, Predicted: 0, Percentage: 89%
[#################---]
Accuracy: 0.784519
Precision: 0.64872
Test index: 478, Correct Label: 1, Predicted: 1, Percentage: 90%
[##################--]
Accuracy: 0.784969
Precision: 0.650289
Test index: 479, Correct Label: 1, Predicted: 1, Percentage: 90%
[##################--]
Accuracy: 0.785417
Precision: 0.651832
Test index: 480, Correct Label: 0, Predicted: 0, Percentage: 90%
[##################--]
Accuracy: 0.785863
Precision: 0.651881
Test index: 481, Correct Label: 0, Predicted: 0, Percentage: 90%
[##################--]
Accuracy: 0.786307
Precision: 0.65193
Test index: 482, Correct Label: 0, Predicted: 1, Percentage: 90%
[##################--]
Accuracy: 0.784679
Precision: 0.65067
Test index: 483, Correct Label: 0, Predicted: 0, Percentage: 90%
[##################--]
Accuracy: 0.785124
Precision: 0.650718
Test index: 484, Correct Label: 1, Predicted: 1, Percentage: 91%
[##################--]
Accuracy: 0.785567
Precision: 0.652233
Test index: 485, Correct Label: 0, Predicted: 1, Percentage: 91%
[##################--]
Accuracy: 0.783951
Precision: 0.650991
Test index: 486, Correct Label: 0, Predicted: 0, Percentage: 91%
[##################--]
Accuracy: 0.784394
Precision: 0.651039
Test index: 487, Correct Label: 0, Predicted: 0, Percentage: 91%
[##################--]
Accuracy: 0.784836
Precision: 0.651087
Test index: 488, Correct Label: 0, Predicted: 1, Percentage: 91%
[##################--]
Accuracy: 0.783231
Precision: 0.649865
Test index: 489, Correct Label: 0, Predicted: 0, Percentage: 92%
[##################--]
Accuracy: 0.783673
Precision: 0.649913
Test index: 490, Correct Label: 0, Predicted: 0, Percentage: 92%
[##################--]
Accuracy: 0.784114
Precision: 0.64996
Test index: 491, Correct Label: 0, Predicted: 0, Percentage: 92%
[##################--]
Accuracy: 0.784553
Precision: 0.650007
Test index: 492, Correct Label: 1, Predicted: 0, Percentage: 92%
[##################--]
Accuracy: 0.782961
Precision: 0.649002
Test index: 493, Correct Label: 0, Predicted: 0, Percentage: 92%
[##################--]
Accuracy: 0.783401
Precision: 0.649051
Test index: 494, Correct Label: 0, Predicted: 0, Percentage: 93%
[##################--]
Accuracy: 0.783838
Precision: 0.649101
Test index: 495, Correct Label: 0, Predicted: 0, Percentage: 93%
[##################--]
Accuracy: 0.784274
Precision: 0.64915
Test index: 496, Correct Label: 0, Predicted: 0, Percentage: 93%
[##################--]
Accuracy: 0.784708
Precision: 0.649198
Test index: 497, Correct Label: 0, Predicted: 0, Percentage: 93%
[##################--]
Accuracy: 0.785141
Precision: 0.649247
Test index: 498, Correct Label: 2, Predicted: 1, Percentage: 93%
[##################--]
Accuracy: 0.783567
Precision: 0.648045
Test index: 499, Correct Label: 0, Predicted: 0, Percentage: 93%
[##################--]
Accuracy: 0.784
Precision: 0.648093
Test index: 500, Correct Label: 2, Predicted: 2, Percentage: 94%
[##################--]
Accuracy: 0.784431
Precision: 0.650888
Test index: 501, Correct Label: 0, Predicted: 0, Percentage: 94%
[##################--]
Accuracy: 0.784861
Precision: 0.650936
Test index: 502, Correct Label: 0, Predicted: 0, Percentage: 94%
[##################--]
Accuracy: 0.785288
Precision: 0.650983
Test index: 503, Correct Label: 0, Predicted: 0, Percentage: 94%
[##################--]
Accuracy: 0.785714
Precision: 0.651031
Test index: 504, Correct Label: 0, Predicted: 0, Percentage: 94%
[##################--]
Accuracy: 0.786139
Precision: 0.651077
Test index: 505, Correct Label: 0, Predicted: 1, Percentage: 95%
[###################-]
Accuracy: 0.784585
Precision: 0.649895
Test index: 506, Correct Label: 0, Predicted: 1, Percentage: 95%
[###################-]
Accuracy: 0.783037
Precision: 0.648731
Test index: 507, Correct Label: 0, Predicted: 0, Percentage: 95%
[###################-]
Accuracy: 0.783465
Precision: 0.648777
Test index: 508, Correct Label: 0, Predicted: 0, Percentage: 95%
[###################-]
Accuracy: 0.78389
Precision: 0.648824
Test index: 509, Correct Label: 0, Predicted: 0, Percentage: 95%
[###################-]
Accuracy: 0.784314
Precision: 0.64887
Test index: 510, Correct Label: 0, Predicted: 0, Percentage: 96%
[###################-]
Accuracy: 0.784736
Precision: 0.648915
Test index: 511, Correct Label: 0, Predicted: 0, Percentage: 96%
[###################-]
Accuracy: 0.785156
Precision: 0.648961
Test index: 512, Correct Label: 1, Predicted: 1, Percentage: 96%
[###################-]
Accuracy: 0.785575
Precision: 0.65044
Test index: 513, Correct Label: 2, Predicted: 2, Percentage: 96%
[###################-]
Accuracy: 0.785992
Precision: 0.653133
Test index: 514, Correct Label: 1, Predicted: 1, Percentage: 96%
[###################-]
Accuracy: 0.786408
Precision: 0.654589
Test index: 515, Correct Label: 2, Predicted: 2, Percentage: 96%
[###################-]
Accuracy: 0.786822
Precision: 0.657187
Test index: 516, Correct Label: 0, Predicted: 1, Percentage: 97%
[###################-]
Accuracy: 0.7853
Precision: 0.656036
Test index: 517, Correct Label: 2, Predicted: 2, Percentage: 97%
[###################-]
Accuracy: 0.785714
Precision: 0.658542
Test index: 518, Correct Label: 0, Predicted: 0, Percentage: 97%
[###################-]
Accuracy: 0.786127
Precision: 0.658588
Test index: 519, Correct Label: 2, Predicted: 1, Percentage: 97%
[###################-]
Accuracy: 0.784615
Precision: 0.657455
Test index: 520, Correct Label: 0, Predicted: 0, Percentage: 97%
[###################-]
Accuracy: 0.785029
Precision: 0.6575
Test index: 521, Correct Label: 0, Predicted: 0, Percentage: 98%
[###################-]
Accuracy: 0.785441
Precision: 0.657544
Test index: 522, Correct Label: 0, Predicted: 0, Percentage: 98%
[###################-]
Accuracy: 0.785851
Precision: 0.657589
Test index: 523, Correct Label: 0, Predicted: 0, Percentage: 98%
[###################-]
Accuracy: 0.78626
Precision: 0.657633
Test index: 524, Correct Label: 0, Predicted: 0, Percentage: 98%
[###################-]
Accuracy: 0.786667
Precision: 0.657677
Test index: 525, Correct Label: 0, Predicted: 0, Percentage: 98%
[###################-]
Accuracy: 0.787072
Precision: 0.65772
Test index: 526, Correct Label: 0, Predicted: 0, Percentage: 99%
[###################-]
Accuracy: 0.787476
Precision: 0.657764
Test index: 527, Correct Label: 0, Predicted: 0, Percentage: 99%
[###################-]
Accuracy: 0.787879
Precision: 0.657807
Test index: 528, Correct Label: 0, Predicted: 0, Percentage: 99%
[###################-]
Accuracy: 0.78828
Precision: 0.65785
Test index: 529, Correct Label: 0, Predicted: 0, Percentage: 99%
[###################-]
Accuracy: 0.788679
Precision: 0.657892
Test index: 530, Correct Label: 0, Predicted: 0, Percentage: 99%
[###################-]
Accuracy: 0.789077
Precision: 0.657935
Test index: 531, Correct Label: 0, Predicted: 0, Percentage: 100%
[####################]
Accuracy: 0.789474
Precision: 0.657977
INFO [HLS SIM]: The maximum depth reached by any hls::stream() instance in the design is 89376
WARNING [HLS SIM]: hls::stream 'hls::stream<hls::axis<ap_uint<8>, 1ull, 1ull, 1ull>, 0>0' contains leftover data, which may result in RTL simulation hanging.
INFO: [SIM 1] CSim done with 0 errors.
INFO: [SIM 3] *************** CSIM finish ***************
