                             latency        interval
transaction       0:               5               6
transaction       1:               4               5
transaction       2:               4               5
transaction       3:               4               5
transaction       4:               4               5
transaction       5:               4               5
transaction       6:               4               5
transaction       7:               4               5
transaction       8:               4               5
transaction       9:               4               5
transaction      10:               4               5
transaction      11:               4               5
transaction      12:               4               5
transaction      13:               4               5
transaction      14:               4               5
transaction      15:               4               5
transaction      16:               4               5
transaction      17:               4               5
transaction      18:               4               5
transaction      19:               4               5
transaction      20:               4               5
transaction      21:               4               5
transaction      22:              23              24
transaction      23:              22              23
transaction      24:              22              23
transaction      25:              22              23
transaction      26:               4               5
transaction      27:               4               5
transaction      28:               4               5
transaction      29:               4               5
transaction      30:               4               5
transaction      31:               4               5
transaction      32:               4               5
transaction      33:               4               5
transaction      34:               4               5
transaction      35:               4               5
transaction      36:               4               5
transaction      37:               4               5
transaction      38:               4               5
transaction      39:               4               5
transaction      40:               4               5
transaction      41:               4               5
transaction      42:               4               5
transaction      43:               4               5
transaction      44:               4               5
transaction      45:               4               5
transaction      46:              23              24
transaction      47:              22              23
transaction      48:              22              23
transaction      49:              22              23
transaction      50:               4               5
transaction      51:               4               5
transaction      52:               4               5
transaction      53:               4               5
transaction      54:               4               5
transaction      55:               4               5
transaction      56:               4               5
transaction      57:               4               5
transaction      58:               4               5
transaction      59:               4               5
transaction      60:               4               5
transaction      61:               4               5
transaction      62:               4               5
transaction      63:               4               5
transaction      64:               4               5
transaction      65:               4               5
transaction      66:               4               5
transaction      67:               4               5
transaction      68:               4               5
transaction      69:               4               5
transaction      70:              23              24
transaction      71:              22              23
transaction      72:              22              23
transaction      73:              22              23
transaction      74:               4               5
transaction      75:               4               5
transaction      76:               4               5
transaction      77:               4               5
transaction      78:               4               5
transaction      79:               4               5
transaction      80:               4               5
transaction      81:               4               5
transaction      82:               4               5
transaction      83:               4               5
transaction      84:               4               5
transaction      85:               4               5
transaction      86:               4               5
transaction      87:               4               5
transaction      88:               4               5
transaction      89:               4               5
transaction      90:               4               5
transaction      91:               4               5
transaction      92:               4               5
transaction      93:               4               5
transaction      94:              23              24
transaction      95:              22              23
transaction      96:              22              23
transaction      97:              22              23
transaction      98:               4               5
transaction      99:               4               5
transaction     100:               4               5
transaction     101:               4               5
transaction     102:               4               5
transaction     103:               4               5
transaction     104:               4               5
transaction     105:               4               5
transaction     106:               4               5
transaction     107:               4               5
transaction     108:               4               5
transaction     109:               4               5
transaction     110:               4               5
transaction     111:               4               5
transaction     112:               4               5
transaction     113:               4               5
transaction     114:               4               5
transaction     115:               4               5
transaction     116:               4               5
transaction     117:               4               5
transaction     118:              23              24
transaction     119:              22              23
transaction     120:              22              23
transaction     121:              22              23
transaction     122:               4               5
transaction     123:               4               5
transaction     124:               4               5
transaction     125:               4               5
transaction     126:               4               5
transaction     127:               4               5
transaction     128:               4               5
transaction     129:               4               5
transaction     130:               4               5
transaction     131:               4               5
transaction     132:               4               5
transaction     133:               4               5
transaction     134:               4               5
transaction     135:               4               5
transaction     136:               4               5
transaction     137:               4               5
transaction     138:               4               5
transaction     139:               4               5
transaction     140:               4               5
transaction     141:               4               5
transaction     142:              23              24
transaction     143:              22              23
transaction     144:              22              23
transaction     145:              22              23
transaction     146:               4               5
transaction     147:               4               5
transaction     148:               4               5
transaction     149:               4               5
transaction     150:               4               5
transaction     151:               4               5
transaction     152:               4               5
transaction     153:               4               5
transaction     154:               4               5
transaction     155:               4               5
transaction     156:               4               5
transaction     157:               4               5
transaction     158:               4               5
transaction     159:               4               5
transaction     160:               4               5
transaction     161:               4               5
transaction     162:               4               5
transaction     163:               4               5
transaction     164:               4               5
transaction     165:               4               5
transaction     166:              23              24
transaction     167:              22              23
transaction     168:              22              23
transaction     169:              22              23
transaction     170:               4               5
transaction     171:               4               5
transaction     172:               4               5
transaction     173:               4               5
transaction     174:               4               5
transaction     175:               4               5
transaction     176:               4               5
transaction     177:               4               5
transaction     178:               4               5
transaction     179:               4               5
transaction     180:               4               5
transaction     181:               4               5
transaction     182:               4               5
transaction     183:               4               5
transaction     184:               4               5
transaction     185:               4               5
transaction     186:               4               5
transaction     187:               4               5
transaction     188:               4               5
transaction     189:               4               5
transaction     190:              23              24
transaction     191:              22              23
transaction     192:              22              23
transaction     193:              26              27
transaction     194:               4               5
transaction     195:               4               5
transaction     196:               4               5
transaction     197:               4               5
transaction     198:               4               5
transaction     199:               4               5
transaction     200:               4               5
transaction     201:               4               5
transaction     202:               4               5
transaction     203:               4               5
transaction     204:               4               5
transaction     205:               4               5
transaction     206:               4               5
transaction     207:               4               5
transaction     208:               4               5
transaction     209:               4               5
transaction     210:               4               5
transaction     211:               4               5
transaction     212:               4               5
transaction     213:               4               5
transaction     214:              23              24
transaction     215:              22              23
transaction     216:              22              23
transaction     217:              22              23
transaction     218:               4               5
transaction     219:               4               5
transaction     220:               4               5
transaction     221:               4               5
transaction     222:               4               5
transaction     223:               4               5
transaction     224:               4               5
transaction     225:               4               5
transaction     226:               4               5
transaction     227:               4               5
transaction     228:               4               5
transaction     229:               4               5
transaction     230:               4               5
transaction     231:               4               5
transaction     232:               4               5
transaction     233:               4               5
transaction     234:               4               5
transaction     235:               4               5
transaction     236:               4               5
transaction     237:               4               5
transaction     238:              23              24
transaction     239:              22              23
transaction     240:              22              23
transaction     241:              22              23
transaction     242:               4               5
transaction     243:               4               5
transaction     244:               4               5
transaction     245:               4               5
transaction     246:               4               5
transaction     247:               4               5
transaction     248:               4               5
transaction     249:               4               5
transaction     250:               4               5
transaction     251:               4               5
transaction     252:               4               5
transaction     253:               4               5
transaction     254:               4               5
transaction     255:               4               5
transaction     256:               4               5
transaction     257:               4               5
transaction     258:               4               5
transaction     259:               4               5
transaction     260:               4               5
transaction     261:               4               5
transaction     262:              23              24
transaction     263:              22              23
transaction     264:              22              23
transaction     265:              22              23
transaction     266:               4               5
transaction     267:               4               5
transaction     268:               4               5
transaction     269:               4               5
transaction     270:               4               5
transaction     271:               4               5
transaction     272:               4               5
transaction     273:               4               5
transaction     274:               4               5
transaction     275:               4               5
transaction     276:               4               5
transaction     277:               4               5
transaction     278:               4               5
transaction     279:               4               5
transaction     280:               4               5
transaction     281:               4               5
transaction     282:               4               5
transaction     283:               4               5
transaction     284:               4               5
transaction     285:               4               5
transaction     286:              23              24
transaction     287:              22              23
transaction     288:              22              23
transaction     289:              22              23
transaction     290:               4               5
transaction     291:               4               5
transaction     292:               4               5
transaction     293:               4               5
transaction     294:               4               5
transaction     295:               4               5
transaction     296:               4               5
transaction     297:               4               5
transaction     298:               4               5
transaction     299:               4               5
transaction     300:               4               5
transaction     301:               4               5
transaction     302:               4               5
transaction     303:               4               5
transaction     304:               4               5
transaction     305:               4               5
transaction     306:               4               5
transaction     307:               4               5
transaction     308:               4               5
transaction     309:               4               5
transaction     310:              23              24
transaction     311:              22              23
transaction     312:              22              23
transaction     313:              22              23
transaction     314:               4               5
transaction     315:               4               5
transaction     316:               4               5
transaction     317:               4               5
transaction     318:               4               5
transaction     319:               4               5
transaction     320:               4               5
transaction     321:               4               5
transaction     322:               4               5
transaction     323:               4               5
transaction     324:               4               5
transaction     325:               4               5
transaction     326:               4               5
transaction     327:               4               5
transaction     328:               4               5
transaction     329:               4               5
transaction     330:               4               5
transaction     331:               4               5
transaction     332:               4               5
transaction     333:               4               5
transaction     334:              23              24
transaction     335:              22              23
transaction     336:              22              23
transaction     337:              22              23
transaction     338:               4               5
transaction     339:               4               5
transaction     340:               4               5
transaction     341:               4               5
transaction     342:               4               5
transaction     343:               4               5
transaction     344:               4               5
transaction     345:               4               5
transaction     346:               4               5
transaction     347:               4               5
transaction     348:               4               5
transaction     349:               4               5
transaction     350:               4               5
transaction     351:               4               5
transaction     352:               4               5
transaction     353:               4               5
transaction     354:               4               5
transaction     355:               4               5
transaction     356:               4               5
transaction     357:               4               5
transaction     358:              23              24
transaction     359:              22              23
transaction     360:              22              23
transaction     361:              22              23
transaction     362:               4               5
transaction     363:               4               5
transaction     364:               4               5
transaction     365:               4               5
transaction     366:               4               5
transaction     367:               4               5
transaction     368:               4               5
transaction     369:               4               5
transaction     370:               4               5
transaction     371:               4               5
transaction     372:               4               5
transaction     373:               4               5
transaction     374:               4               5
transaction     375:               4               5
transaction     376:               4               5
transaction     377:               4               5
transaction     378:               4               5
transaction     379:               4               5
transaction     380:               4               5
transaction     381:               4               5
transaction     382:              23              24
transaction     383:              22              23
transaction     384:              22              23
transaction     385:              26              27
transaction     386:               4               5
transaction     387:               4               5
transaction     388:               4               5
transaction     389:               4               5
transaction     390:               4               5
transaction     391:               4               5
transaction     392:               4               5
transaction     393:               4               5
transaction     394:               4               5
transaction     395:               4               5
transaction     396:               4               5
transaction     397:               4               5
transaction     398:               4               5
transaction     399:               4               5
transaction     400:               4               5
transaction     401:               4               5
transaction     402:               4               5
transaction     403:               4               5
transaction     404:               4               5
transaction     405:               4               5
transaction     406:              23              24
transaction     407:              22              23
transaction     408:              22              23
transaction     409:              22              23
transaction     410:               4               5
transaction     411:               4               5
transaction     412:               4               5
transaction     413:               4               5
transaction     414:               4               5
transaction     415:               4               5
transaction     416:               4               5
transaction     417:               4               5
transaction     418:               4               5
transaction     419:               4               5
transaction     420:               4               5
transaction     421:               4               5
transaction     422:               4               5
transaction     423:               4               5
transaction     424:               4               5
transaction     425:               4               5
transaction     426:               4               5
transaction     427:               4               5
transaction     428:               4               5
transaction     429:               4               5
transaction     430:              23              24
transaction     431:              22              23
transaction     432:              22              23
transaction     433:              22              23
transaction     434:               4               5
transaction     435:               4               5
transaction     436:               4               5
transaction     437:               4               5
transaction     438:               4               5
transaction     439:               4               5
transaction     440:               4               5
transaction     441:               4               5
transaction     442:               4               5
transaction     443:               4               5
transaction     444:               4               5
transaction     445:               4               5
transaction     446:               4               5
transaction     447:               4               5
transaction     448:               4               5
transaction     449:               4               5
transaction     450:               4               5
transaction     451:               4               5
transaction     452:               4               5
transaction     453:               4               5
transaction     454:              23              24
transaction     455:              22              23
transaction     456:              22              23
transaction     457:              22              23
transaction     458:               4               5
transaction     459:               4               5
transaction     460:               4               5
transaction     461:               4               5
transaction     462:               4               5
transaction     463:               4               5
transaction     464:               4               5
transaction     465:               4               5
transaction     466:               4               5
transaction     467:               4               5
transaction     468:               4               5
transaction     469:               4               5
transaction     470:               4               5
transaction     471:               4               5
transaction     472:               4               5
transaction     473:               4               5
transaction     474:               4               5
transaction     475:               4               5
transaction     476:               4               5
transaction     477:               4               5
transaction     478:              23              24
transaction     479:              22              23
transaction     480:              22              23
transaction     481:              22              23
transaction     482:               4               5
transaction     483:               4               5
transaction     484:               4               5
transaction     485:               4               5
transaction     486:               4               5
transaction     487:               4               5
transaction     488:               4               5
transaction     489:               4               5
transaction     490:               4               5
transaction     491:               4               5
transaction     492:               4               5
transaction     493:               4               5
transaction     494:               4               5
transaction     495:               4               5
transaction     496:               4               5
transaction     497:               4               5
transaction     498:               4               5
transaction     499:               4               5
transaction     500:               4               5
transaction     501:               4               5
transaction     502:              23              24
transaction     503:              22              23
transaction     504:              22              23
transaction     505:              22              23
transaction     506:               4               5
transaction     507:               4               5
transaction     508:               4               5
transaction     509:               4               5
transaction     510:               4               5
transaction     511:               4               5
transaction     512:               4               5
transaction     513:               4               5
transaction     514:               4               5
transaction     515:               4               5
transaction     516:               4               5
transaction     517:               4               5
transaction     518:               4               5
transaction     519:               4               5
transaction     520:               4               5
transaction     521:               4               5
transaction     522:               4               5
transaction     523:               4               5
transaction     524:               4               5
transaction     525:               4               5
transaction     526:              23              24
transaction     527:              22              23
transaction     528:              22              23
transaction     529:              22              23
transaction     530:               4               5
transaction     531:               4               5
transaction     532:               4               5
transaction     533:               4               5
transaction     534:               4               5
transaction     535:               4               5
transaction     536:               4               5
transaction     537:               4               5
transaction     538:               4               5
transaction     539:               4               5
transaction     540:               4               5
transaction     541:               4               5
transaction     542:               4               5
transaction     543:               4               5
transaction     544:               4               5
transaction     545:               4               5
transaction     546:               4               5
transaction     547:               4               5
transaction     548:               4               5
transaction     549:               4               5
transaction     550:              23              24
transaction     551:              22              23
transaction     552:              22              23
transaction     553:              22              23
transaction     554:               4               5
transaction     555:               4               5
transaction     556:               4               5
transaction     557:               4               5
transaction     558:               4               5
transaction     559:               4               5
transaction     560:               4               5
transaction     561:               4               5
transaction     562:               4               5
transaction     563:               4               5
transaction     564:               4               5
transaction     565:               4               5
transaction     566:               4               5
transaction     567:               4               5
transaction     568:               4               5
transaction     569:               4               5
transaction     570:               4               5
transaction     571:               4               5
transaction     572:               4               5
transaction     573:               4               5
transaction     574:              23              24
transaction     575:              22              23
transaction     576:              22              23
transaction     577:              26               x
