Test index: 0, Correct Label: 0, Predicted: 0, Percentage: 0%
[--------------------]
Accuracy: 1
Precision: 0.333333
Test index: 1, Correct Label: 0, Predicted: 0, Percentage: 50%
[##########----------]
Accuracy: 1
Precision: 0.333333
Test index: 2, Correct Label: 0, Predicted: 0, Percentage: 100%
[####################]
Accuracy: 1
Precision: 0.333333
INFO [HLS SIM]: The maximum depth reached by any hls::stream() instance in the design is 504
WARNING [HLS SIM]: hls::stream 'hls::stream<hls::axis<ap_uint<8>, 1ull, 1ull, 1ull>, 0>0' contains leftover data, which may result in RTL simulation hanging.

C:\Reconfigurable_HDC_Platform-1\main\_hdc_hls_xilinx\solution1\sim\verilog>set PATH= 

C:\Reconfigurable_HDC_Platform-1\main\_hdc_hls_xilinx\solution1\sim\verilog>call C:/Xilinx/Vivado/2023.1/bin/xelab xil_defaultlib.apatb_hdv_engine_top glbl -Oenable_linking_all_libraries  -prj hdv_engine.prj -L smartconnect_v1_0 -L axi_protocol_checker_v1_1_12 -L axi_protocol_checker_v1_1_13 -L axis_protocol_checker_v1_1_11 -L axis_protocol_checker_v1_1_12 -L xil_defaultlib -L unisims_ver -L xpm  -L floating_point_v7_1_15 -L floating_point_v7_0_20 --lib "ieee_proposed=./ieee_proposed" -s hdv_engine -debug all 
Vivado Simulator v2023.1
Copyright 1986-2022 Xilinx, Inc. All Rights Reserved.
Copyright 2022-2023 Advanced Micro Devices, Inc. All Rights Reserved.
Running: C:/Xilinx/Vivado/2023.1/bin/unwrapped/win64.o/xelab.exe xil_defaultlib.apatb_hdv_engine_top glbl -Oenable_linking_all_libraries -prj hdv_engine.prj -L smartconnect_v1_0 -L axi_protocol_checker_v1_1_12 -L axi_protocol_checker_v1_1_13 -L axis_protocol_checker_v1_1_11 -L axis_protocol_checker_v1_1_12 -L xil_defaultlib -L unisims_ver -L xpm -L floating_point_v7_1_15 -L floating_point_v7_0_20 --lib ieee_proposed=./ieee_proposed -s hdv_engine -debug all 
Multi-threading is on. Using 22 slave threads.
INFO: [VRFC 10-2263] Analyzing SystemVerilog file "C:/Reconfigurable_HDC_Platform-1/main/_hdc_hls_xilinx/solution1/sim/verilog/glbl.v" into library work
INFO: [VRFC 10-311] analyzing module glbl
INFO: [VRFC 10-2263] Analyzing SystemVerilog file "C:/Reconfigurable_HDC_Platform-1/main/_hdc_hls_xilinx/solution1/sim/verilog/AESL_axi_s_sdata_i.v" into library xil_defaultlib
INFO: [VRFC 10-311] analyzing module AESL_axi_s_sdata_i
INFO: [VRFC 10-2263] Analyzing SystemVerilog file "C:/Reconfigurable_HDC_Platform-1/main/_hdc_hls_xilinx/solution1/sim/verilog/AESL_deadlock_idx0_monitor.v" into library xil_defaultlib
INFO: [VRFC 10-311] analyzing module AESL_deadlock_idx0_monitor
INFO: [VRFC 10-2263] Analyzing SystemVerilog file "C:/Reconfigurable_HDC_Platform-1/main/_hdc_hls_xilinx/solution1/sim/verilog/AESL_deadlock_kernel_monitor_top.v" into library xil_defaultlib
INFO: [VRFC 10-311] analyzing module AESL_deadlock_kernel_monitor_top
INFO: [VRFC 10-2263] Analyzing SystemVerilog file "C:/Reconfigurable_HDC_Platform-1/main/_hdc_hls_xilinx/solution1/sim/verilog/AESL_fifo.v" into library xil_defaultlib
INFO: [VRFC 10-311] analyzing module fifo
INFO: [VRFC 10-2263] Analyzing SystemVerilog file "C:/Reconfigurable_HDC_Platform-1/main/_hdc_hls_xilinx/solution1/sim/verilog/hdv_engine.autotb.v" into library xil_defaultlib
INFO: [VRFC 10-311] analyzing module apatb_hdv_engine_top
INFO: [VRFC 10-2263] Analyzing SystemVerilog file "C:/Reconfigurable_HDC_Platform-1/main/_hdc_hls_xilinx/solution1/sim/verilog/hdv_engine.v" into library xil_defaultlib
INFO: [VRFC 10-311] analyzing module hdv_engine
INFO: [VRFC 10-2263] Analyzing SystemVerilog file "C:/Reconfigurable_HDC_Platform-1/main/_hdc_hls_xilinx/solution1/sim/verilog/hdv_engine_flow_control_loop_pipe_sequential_init.v" into library xil_defaultlib
INFO: [VRFC 10-311] analyzing module hdv_engine_flow_control_loop_pipe_sequential_init
INFO: [VRFC 10-2263] Analyzing SystemVerilog file "C:/Reconfigurable_HDC_Platform-1/main/_hdc_hls_xilinx/solution1/sim/verilog/hdv_engine_hdv_engine_Pipeline_VITIS_LOOP_286_1.v" into library xil_defaultlib
INFO: [VRFC 10-311] analyzing module hdv_engine_hdv_engine_Pipeline_VITIS_LOOP_286_1
INFO: [VRFC 10-2263] Analyzing SystemVerilog file "C:/Reconfigurable_HDC_Platform-1/main/_hdc_hls_xilinx/solution1/sim/verilog/hdv_engine_hdv_engine_Pipeline_VITIS_LOOP_294_2.v" into library xil_defaultlib
INFO: [VRFC 10-311] analyzing module hdv_engine_hdv_engine_Pipeline_VITIS_LOOP_294_2
INFO: [VRFC 10-2263] Analyzing SystemVerilog file "C:/Reconfigurable_HDC_Platform-1/main/_hdc_hls_xilinx/solution1/sim/verilog/hdv_engine_hdv_engine_Pipeline_VITIS_LOOP_511_4.v" into library xil_defaultlib
INFO: [VRFC 10-311] analyzing module hdv_engine_hdv_engine_Pipeline_VITIS_LOOP_511_4
INFO: [VRFC 10-2263] Analyzing SystemVerilog file "C:/Reconfigurable_HDC_Platform-1/main/_hdc_hls_xilinx/solution1/sim/verilog/hdv_engine_hdv_engine_Pipeline_VITIS_LOOP_916_7.v" into library xil_defaultlib
INFO: [VRFC 10-311] analyzing module hdv_engine_hdv_engine_Pipeline_VITIS_LOOP_916_7
INFO: [VRFC 10-2263] Analyzing SystemVerilog file "C:/Reconfigurable_HDC_Platform-1/main/_hdc_hls_xilinx/solution1/sim/verilog/hdv_engine_hdv_engine_Pipeline_VITIS_LOOP_929_8.v" into library xil_defaultlib
INFO: [VRFC 10-311] analyzing module hdv_engine_hdv_engine_Pipeline_VITIS_LOOP_929_8
INFO: [VRFC 10-2263] Analyzing SystemVerilog file "C:/Reconfigurable_HDC_Platform-1/main/_hdc_hls_xilinx/solution1/sim/verilog/hdv_engine_mac_muladd_11ns_11ns_22ns_23_4_1.v" into library xil_defaultlib
INFO: [VRFC 10-311] analyzing module hdv_engine_mac_muladd_11ns_11ns_22ns_23_4_1_DSP48_0
INFO: [VRFC 10-311] analyzing module hdv_engine_mac_muladd_11ns_11ns_22ns_23_4_1
INFO: [VRFC 10-2263] Analyzing SystemVerilog file "C:/Reconfigurable_HDC_Platform-1/main/_hdc_hls_xilinx/solution1/sim/verilog/hdv_engine_mul_11ns_11ns_22_1_1.v" into library xil_defaultlib
INFO: [VRFC 10-311] analyzing module hdv_engine_mul_11ns_11ns_22_1_1
INFO: [VRFC 10-2263] Analyzing SystemVerilog file "C:/Reconfigurable_HDC_Platform-1/main/_hdc_hls_xilinx/solution1/sim/verilog/hdv_engine_mul_17ns_17ns_34_1_1.v" into library xil_defaultlib
INFO: [VRFC 10-311] analyzing module hdv_engine_mul_17ns_17ns_34_1_1
INFO: [VRFC 10-2263] Analyzing SystemVerilog file "C:/Reconfigurable_HDC_Platform-1/main/_hdc_hls_xilinx/solution1/sim/verilog/hdv_engine_mul_32s_15ns_47_1_1.v" into library xil_defaultlib
INFO: [VRFC 10-311] analyzing module hdv_engine_mul_32s_15ns_47_1_1
INFO: [VRFC 10-2263] Analyzing SystemVerilog file "C:/Reconfigurable_HDC_Platform-1/main/_hdc_hls_xilinx/solution1/sim/verilog/hdv_engine_mux_3_2_32_1_1.v" into library xil_defaultlib
INFO: [VRFC 10-311] analyzing module hdv_engine_mux_3_2_32_1_1
INFO: [VRFC 10-2263] Analyzing SystemVerilog file "C:/Reconfigurable_HDC_Platform-1/main/_hdc_hls_xilinx/solution1/sim/verilog/hdv_engine_regslice_both.v" into library xil_defaultlib
INFO: [VRFC 10-311] analyzing module hdv_engine_regslice_both
INFO: [VRFC 10-311] analyzing module hdv_engine_regslice_both_w1
INFO: [VRFC 10-2263] Analyzing SystemVerilog file "C:/Reconfigurable_HDC_Platform-1/main/_hdc_hls_xilinx/solution1/sim/verilog/hdv_engine_udiv_64s_34ns_32_68_1.v" into library xil_defaultlib
INFO: [VRFC 10-311] analyzing module hdv_engine_udiv_64s_34ns_32_68_1_divider
INFO: [VRFC 10-311] analyzing module hdv_engine_udiv_64s_34ns_32_68_1
INFO: [VRFC 10-2263] Analyzing SystemVerilog file "C:/Reconfigurable_HDC_Platform-1/main/_hdc_hls_xilinx/solution1/sim/verilog/dataflow_monitor.sv" into library xil_defaultlib
INFO: [VRFC 10-311] analyzing module dataflow_monitor
Starting static elaboration
Pass Through NonSizing Optimizer
WARNING: [VRFC 10-3705] select index -1 into 'write_address' is out of bounds [C:/Reconfigurable_HDC_Platform-1/main/_hdc_hls_xilinx/solution1/sim/verilog/AESL_fifo.v:39]
WARNING: [VRFC 10-3705] select index -1 into 'write_address' is out of bounds [C:/Reconfigurable_HDC_Platform-1/main/_hdc_hls_xilinx/solution1/sim/verilog/AESL_fifo.v:40]
WARNING: [VRFC 10-3705] select index -1 into 'read_address' is out of bounds [C:/Reconfigurable_HDC_Platform-1/main/_hdc_hls_xilinx/solution1/sim/verilog/AESL_fifo.v:66]
WARNING: [VRFC 10-3705] select index -1 into 'write_address' is out of bounds [C:/Reconfigurable_HDC_Platform-1/main/_hdc_hls_xilinx/solution1/sim/verilog/AESL_fifo.v:82]
WARNING: [VRFC 10-3705] select index -1 into 'read_address' is out of bounds [C:/Reconfigurable_HDC_Platform-1/main/_hdc_hls_xilinx/solution1/sim/verilog/AESL_fifo.v:83]
WARNING: [VRFC 10-3705] select index -1 into 'read_address' is out of bounds [C:/Reconfigurable_HDC_Platform-1/main/_hdc_hls_xilinx/solution1/sim/verilog/AESL_fifo.v:84]
WARNING: [VRFC 10-3705] select index -1 into 'write_address' is out of bounds [C:/Reconfigurable_HDC_Platform-1/main/_hdc_hls_xilinx/solution1/sim/verilog/AESL_fifo.v:100]
WARNING: [VRFC 10-3705] select index -1 into 'read_address' is out of bounds [C:/Reconfigurable_HDC_Platform-1/main/_hdc_hls_xilinx/solution1/sim/verilog/AESL_fifo.v:101]
WARNING: [VRFC 10-3705] select index -1 into 'read_address' is out of bounds [C:/Reconfigurable_HDC_Platform-1/main/_hdc_hls_xilinx/solution1/sim/verilog/AESL_fifo.v:102]
WARNING: [VRFC 10-3705] select index -1 into 'write_address' is out of bounds [C:/Reconfigurable_HDC_Platform-1/main/_hdc_hls_xilinx/solution1/sim/verilog/AESL_fifo.v:110]
WARNING: [VRFC 10-3705] select index -1 into 'read_address' is out of bounds [C:/Reconfigurable_HDC_Platform-1/main/_hdc_hls_xilinx/solution1/sim/verilog/AESL_fifo.v:112]
WARNING: [VRFC 10-3705] select index -1 into 'write_address' is out of bounds [C:/Reconfigurable_HDC_Platform-1/main/_hdc_hls_xilinx/solution1/sim/verilog/AESL_fifo.v:114]
WARNING: [VRFC 10-3705] select index -1 into 'write_address' is out of bounds [C:/Reconfigurable_HDC_Platform-1/main/_hdc_hls_xilinx/solution1/sim/verilog/AESL_fifo.v:123]
WARNING: [VRFC 10-3705] select index -1 into 'read_address' is out of bounds [C:/Reconfigurable_HDC_Platform-1/main/_hdc_hls_xilinx/solution1/sim/verilog/AESL_fifo.v:124]
WARNING: [VRFC 10-3705] select index -1 into 'read_address' is out of bounds [C:/Reconfigurable_HDC_Platform-1/main/_hdc_hls_xilinx/solution1/sim/verilog/AESL_fifo.v:134]
WARNING: [VRFC 10-3705] select index -1 into 'read_address' is out of bounds [C:/Reconfigurable_HDC_Platform-1/main/_hdc_hls_xilinx/solution1/sim/verilog/AESL_fifo.v:135]
WARNING: [VRFC 10-3705] select index -1 into 'write_address' is out of bounds [C:/Reconfigurable_HDC_Platform-1/main/_hdc_hls_xilinx/solution1/sim/verilog/AESL_fifo.v:144]
WARNING: [VRFC 10-3705] select index -1 into 'read_address' is out of bounds [C:/Reconfigurable_HDC_Platform-1/main/_hdc_hls_xilinx/solution1/sim/verilog/AESL_fifo.v:145]
WARNING: [VRFC 10-3705] select index -1 into 'read_address' is out of bounds [C:/Reconfigurable_HDC_Platform-1/main/_hdc_hls_xilinx/solution1/sim/verilog/AESL_fifo.v:146]
WARNING: [VRFC 10-3705] select index -1 into 'write_address' is out of bounds [C:/Reconfigurable_HDC_Platform-1/main/_hdc_hls_xilinx/solution1/sim/verilog/AESL_fifo.v:189]
WARNING: [VRFC 10-3705] select index -1 into 'read_address' is out of bounds [C:/Reconfigurable_HDC_Platform-1/main/_hdc_hls_xilinx/solution1/sim/verilog/AESL_fifo.v:190]
WARNING: [VRFC 10-3705] select index -1 into 'read_address' is out of bounds [C:/Reconfigurable_HDC_Platform-1/main/_hdc_hls_xilinx/solution1/sim/verilog/AESL_fifo.v:191]
Completed static elaboration
Starting simulation data flow analysis
Completed simulation data flow analysis
Time Resolution for simulation is 1ps
Compiling package xil_defaultlib.$unit_dataflow_monitor_sv
Compiling module xil_defaultlib.hdv_engine_flow_control_loop_pip...
Compiling module xil_defaultlib.hdv_engine_hdv_engine_Pipeline_V...
Compiling module xil_defaultlib.hdv_engine_hdv_engine_Pipeline_V...
Compiling module xil_defaultlib.hdv_engine_hdv_engine_Pipeline_V...
Compiling module xil_defaultlib.hdv_engine_mul_32s_15ns_47_1_1(N...
Compiling module xil_defaultlib.hdv_engine_mux_3_2_32_1_1(ID=1,d...
Compiling module xil_defaultlib.hdv_engine_mul_17ns_17ns_34_1_1(...
Compiling module xil_defaultlib.hdv_engine_udiv_64s_34ns_32_68_1...
Compiling module xil_defaultlib.hdv_engine_udiv_64s_34ns_32_68_1...
Compiling module xil_defaultlib.hdv_engine_hdv_engine_Pipeline_V...
Compiling module xil_defaultlib.hdv_engine_hdv_engine_Pipeline_V...
Compiling module xil_defaultlib.hdv_engine_mul_11ns_11ns_22_1_1(...
Compiling module xil_defaultlib.hdv_engine_mac_muladd_11ns_11ns_...
Compiling module xil_defaultlib.hdv_engine_mac_muladd_11ns_11ns_...
Compiling module xil_defaultlib.hdv_engine_regslice_both(DataWid...
Compiling module xil_defaultlib.hdv_engine_regslice_both(DataWid...
Compiling module xil_defaultlib.hdv_engine
Compiling module xil_defaultlib.fifo(DEPTH=0)
Compiling module xil_defaultlib.fifo(DEPTH=0,WIDTH=1)
Compiling module xil_defaultlib.AESL_axi_s_sdata_i
Compiling module xil_defaultlib.AESL_deadlock_idx0_monitor
Compiling module xil_defaultlib.AESL_deadlock_kernel_monitor_top...
Compiling module xil_defaultlib.nodf_module_intf
Compiling module xil_defaultlib.upc_loop_intf(FSM_WIDTH=1)
Compiling module xil_defaultlib.upc_loop_intf(FSM_WIDTH=5)
Compiling module xil_defaultlib.dataflow_monitor_1
Compiling module xil_defaultlib.apatb_hdv_engine_top
Compiling module work.glbl
Built simulation snapshot hdv_engine

****** xsim v2023.1 (64-bit)
  **** SW Build 3865809 on Sun May  7 15:05:29 MDT 2023
  **** IP Build 3864474 on Sun May  7 20:36:21 MDT 2023
  **** SharedData Build 3865790 on Sun May 07 13:33:03 MDT 2023
    ** Copyright 1986-2022 Xilinx, Inc. All Rights Reserved.
    ** Copyright 2022-2023 Advanced Micro Devices, Inc. All Rights Reserved.

source xsim.dir/hdv_engine/xsim_script.tcl
# xsim {hdv_engine} -view {{hdv_engine_dataflow_ana.wcfg}} -tclbatch {hdv_engine.tcl} -protoinst {hdv_engine.protoinst}
INFO: [Wavedata 42-565] Reading protoinst file hdv_engine.protoinst
INFO: [Wavedata 42-564]   Found protocol instance at /apatb_hdv_engine_top/AESL_inst_hdv_engine//AESL_inst_hdv_engine_activity
INFO: [Wavedata 42-564]   Found protocol instance at /apatb_hdv_engine_top/AESL_inst_hdv_engine/grp_hdv_engine_Pipeline_VITIS_LOOP_286_1_fu_948/grp_hdv_engine_Pipeline_VITIS_LOOP_286_1_fu_948_activity
INFO: [Wavedata 42-564]   Found protocol instance at /apatb_hdv_engine_top/AESL_inst_hdv_engine/grp_hdv_engine_Pipeline_VITIS_LOOP_294_2_fu_966/grp_hdv_engine_Pipeline_VITIS_LOOP_294_2_fu_966_activity
INFO: [Wavedata 42-564]   Found protocol instance at /apatb_hdv_engine_top/AESL_inst_hdv_engine/grp_hdv_engine_Pipeline_VITIS_LOOP_511_4_fu_988/grp_hdv_engine_Pipeline_VITIS_LOOP_511_4_fu_988_activity
INFO: [Wavedata 42-564]   Found protocol instance at /apatb_hdv_engine_top/AESL_inst_hdv_engine/grp_hdv_engine_Pipeline_VITIS_LOOP_916_7_fu_1377/grp_hdv_engine_Pipeline_VITIS_LOOP_916_7_fu_1377_activity
INFO: [Wavedata 42-564]   Found protocol instance at /apatb_hdv_engine_top/AESL_inst_hdv_engine/grp_hdv_engine_Pipeline_VITIS_LOOP_929_8_fu_1396/grp_hdv_engine_Pipeline_VITIS_LOOP_929_8_fu_1396_activity
Time resolution is 1 ps
open_wave_config hdv_engine_dataflow_ana.wcfg
source hdv_engine.tcl
## log_wave -r /
WARNING: [Simtcl 6-197] One or more HDL objects could not be logged because of object type or size limitations.  To see details please rerun the command with -verbose (-v).
## set designtopgroup [add_wave_group "Design Top Signals"]
## set coutputgroup [add_wave_group "C Outputs" -into $designtopgroup]
## set return_group [add_wave_group return(wire) -into $coutputgroup]
## add_wave /apatb_hdv_engine_top/AESL_inst_hdv_engine/status_o -into $return_group -radix hex
## add_wave /apatb_hdv_engine_top/AESL_inst_hdv_engine/pred_class_o -into $return_group -radix hex
## set cinputgroup [add_wave_group "C Inputs" -into $designtopgroup]
## set return_group [add_wave_group return(wire) -into $cinputgroup]
## add_wave /apatb_hdv_engine_top/AESL_inst_hdv_engine/lhv_i -into $return_group -radix hex
## add_wave /apatb_hdv_engine_top/AESL_inst_hdv_engine/bhv_i -into $return_group -radix hex
## add_wave /apatb_hdv_engine_top/AESL_inst_hdv_engine/chv_i -into $return_group -radix hex
## add_wave /apatb_hdv_engine_top/AESL_inst_hdv_engine/sdata_i_TDEST -into $return_group -radix hex
## add_wave /apatb_hdv_engine_top/AESL_inst_hdv_engine/sdata_i_TID -into $return_group -radix hex
## add_wave /apatb_hdv_engine_top/AESL_inst_hdv_engine/sdata_i_TLAST -into $return_group -color #ffff00 -radix hex
## add_wave /apatb_hdv_engine_top/AESL_inst_hdv_engine/sdata_i_TUSER -into $return_group -radix hex
## add_wave /apatb_hdv_engine_top/AESL_inst_hdv_engine/sdata_i_TSTRB -into $return_group -radix hex
## add_wave /apatb_hdv_engine_top/AESL_inst_hdv_engine/sdata_i_TKEEP -into $return_group -radix hex
## add_wave /apatb_hdv_engine_top/AESL_inst_hdv_engine/sdata_i_TREADY -into $return_group -color #ffff00 -radix hex
## add_wave /apatb_hdv_engine_top/AESL_inst_hdv_engine/sdata_i_TVALID -into $return_group -color #ffff00 -radix hex
## add_wave /apatb_hdv_engine_top/AESL_inst_hdv_engine/sdata_i_TDATA -into $return_group -radix hex
## add_wave /apatb_hdv_engine_top/AESL_inst_hdv_engine/frame_in -into $return_group -radix hex
## add_wave /apatb_hdv_engine_top/AESL_inst_hdv_engine/op_mode_i -into $return_group -radix hex
## add_wave /apatb_hdv_engine_top/AESL_inst_hdv_engine/nrst_i -into $return_group -radix hex
## set blocksiggroup [add_wave_group "Block-level IO Handshake" -into $designtopgroup]
## add_wave /apatb_hdv_engine_top/AESL_inst_hdv_engine/ap_start -into $blocksiggroup
## add_wave /apatb_hdv_engine_top/AESL_inst_hdv_engine/ap_done -into $blocksiggroup
## add_wave /apatb_hdv_engine_top/AESL_inst_hdv_engine/ap_idle -into $blocksiggroup
## add_wave /apatb_hdv_engine_top/AESL_inst_hdv_engine/ap_ready -into $blocksiggroup
## set resetgroup [add_wave_group "Reset" -into $designtopgroup]
## add_wave /apatb_hdv_engine_top/AESL_inst_hdv_engine/ap_rst_n -into $resetgroup
## set clockgroup [add_wave_group "Clock" -into $designtopgroup]
## add_wave /apatb_hdv_engine_top/AESL_inst_hdv_engine/ap_clk -into $clockgroup
## set testbenchgroup [add_wave_group "Test Bench Signals"]
## set tbinternalsiggroup [add_wave_group "Internal Signals" -into $testbenchgroup]
## set tb_simstatus_group [add_wave_group "Simulation Status" -into $tbinternalsiggroup]
## set tb_portdepth_group [add_wave_group "Port Depth" -into $tbinternalsiggroup]
## add_wave /apatb_hdv_engine_top/AUTOTB_TRANSACTION_NUM -into $tb_simstatus_group -radix hex
## add_wave /apatb_hdv_engine_top/ready_cnt -into $tb_simstatus_group -radix hex
## add_wave /apatb_hdv_engine_top/done_cnt -into $tb_simstatus_group -radix hex
## add_wave /apatb_hdv_engine_top/LENGTH_bhv_i -into $tb_portdepth_group -radix hex
## add_wave /apatb_hdv_engine_top/LENGTH_chv_i -into $tb_portdepth_group -radix hex
## add_wave /apatb_hdv_engine_top/LENGTH_frame_in -into $tb_portdepth_group -radix hex
## add_wave /apatb_hdv_engine_top/LENGTH_lhv_i -into $tb_portdepth_group -radix hex
## add_wave /apatb_hdv_engine_top/LENGTH_nrst_i -into $tb_portdepth_group -radix hex
## add_wave /apatb_hdv_engine_top/LENGTH_op_mode_i -into $tb_portdepth_group -radix hex
## add_wave /apatb_hdv_engine_top/LENGTH_pred_class_o -into $tb_portdepth_group -radix hex
## add_wave /apatb_hdv_engine_top/LENGTH_sdata_i_V_data_V -into $tb_portdepth_group -radix hex
## add_wave /apatb_hdv_engine_top/LENGTH_sdata_i_V_dest_V -into $tb_portdepth_group -radix hex
## add_wave /apatb_hdv_engine_top/LENGTH_sdata_i_V_id_V -into $tb_portdepth_group -radix hex
## add_wave /apatb_hdv_engine_top/LENGTH_sdata_i_V_keep_V -into $tb_portdepth_group -radix hex
## add_wave /apatb_hdv_engine_top/LENGTH_sdata_i_V_last_V -into $tb_portdepth_group -radix hex
## add_wave /apatb_hdv_engine_top/LENGTH_sdata_i_V_strb_V -into $tb_portdepth_group -radix hex
## add_wave /apatb_hdv_engine_top/LENGTH_sdata_i_V_user_V -into $tb_portdepth_group -radix hex
## add_wave /apatb_hdv_engine_top/LENGTH_status_o -into $tb_portdepth_group -radix hex
## set tbcoutputgroup [add_wave_group "C Outputs" -into $testbenchgroup]
## set tb_return_group [add_wave_group return(wire) -into $tbcoutputgroup]
## add_wave /apatb_hdv_engine_top/status_o -into $tb_return_group -radix hex
## add_wave /apatb_hdv_engine_top/pred_class_o -into $tb_return_group -radix hex
## set tbcinputgroup [add_wave_group "C Inputs" -into $testbenchgroup]
## set tb_return_group [add_wave_group return(wire) -into $tbcinputgroup]
## add_wave /apatb_hdv_engine_top/lhv_i -into $tb_return_group -radix hex
## add_wave /apatb_hdv_engine_top/bhv_i -into $tb_return_group -radix hex
## add_wave /apatb_hdv_engine_top/chv_i -into $tb_return_group -radix hex
## add_wave /apatb_hdv_engine_top/sdata_i_TDEST -into $tb_return_group -radix hex
## add_wave /apatb_hdv_engine_top/sdata_i_TID -into $tb_return_group -radix hex
## add_wave /apatb_hdv_engine_top/sdata_i_TLAST -into $tb_return_group -color #ffff00 -radix hex
## add_wave /apatb_hdv_engine_top/sdata_i_TUSER -into $tb_return_group -radix hex
## add_wave /apatb_hdv_engine_top/sdata_i_TSTRB -into $tb_return_group -radix hex
## add_wave /apatb_hdv_engine_top/sdata_i_TKEEP -into $tb_return_group -radix hex
## add_wave /apatb_hdv_engine_top/sdata_i_TREADY -into $tb_return_group -color #ffff00 -radix hex
## add_wave /apatb_hdv_engine_top/sdata_i_TVALID -into $tb_return_group -color #ffff00 -radix hex
## add_wave /apatb_hdv_engine_top/sdata_i_TDATA -into $tb_return_group -radix hex
## add_wave /apatb_hdv_engine_top/frame_in -into $tb_return_group -radix hex
## add_wave /apatb_hdv_engine_top/op_mode_i -into $tb_return_group -radix hex
## add_wave /apatb_hdv_engine_top/nrst_i -into $tb_return_group -radix hex
## save_wave_config hdv_engine.wcfg
## run all
////////////////////////////////////////////////////////////////////////////////////
// Inter-Transaction Progress: Completed Transaction / Total Transaction
// Intra-Transaction Progress: Measured Latency / Latency Estimation * 100%
//
// RTL Simulation : "Inter-Transaction Progress" ["Intra-Transaction Progress"] @ "Simulation Time"
////////////////////////////////////////////////////////////////////////////////////
// RTL Simulation : 0 / 578 [n/a] @ "113000"
// RTL Simulation : 1 / 578 [n/a] @ "148000"
// RTL Simulation : 2 / 578 [n/a] @ "183000"
// RTL Simulation : 3 / 578 [n/a] @ "218000"
// RTL Simulation : 4 / 578 [n/a] @ "253000"
// RTL Simulation : 5 / 578 [n/a] @ "288000"
// RTL Simulation : 6 / 578 [n/a] @ "323000"
// RTL Simulation : 7 / 578 [n/a] @ "358000"
// RTL Simulation : 8 / 578 [n/a] @ "393000"
// RTL Simulation : 9 / 578 [n/a] @ "428000"
// RTL Simulation : 10 / 578 [n/a] @ "463000"
// RTL Simulation : 11 / 578 [n/a] @ "498000"
// RTL Simulation : 12 / 578 [n/a] @ "533000"
// RTL Simulation : 13 / 578 [n/a] @ "568000"
// RTL Simulation : 14 / 578 [n/a] @ "603000"
// RTL Simulation : 15 / 578 [n/a] @ "638000"
// RTL Simulation : 16 / 578 [n/a] @ "673000"
// RTL Simulation : 17 / 578 [n/a] @ "708000"
// RTL Simulation : 18 / 578 [n/a] @ "743000"
// RTL Simulation : 19 / 578 [n/a] @ "778000"
// RTL Simulation : 20 / 578 [n/a] @ "813000"
// RTL Simulation : 21 / 578 [n/a] @ "848000"
// RTL Simulation : 22 / 578 [n/a] @ "883000"
// RTL Simulation : 23 / 578 [n/a] @ "918000"
// RTL Simulation : 24 / 578 [n/a] @ "958000"
// RTL Simulation : 25 / 578 [n/a] @ "998000"
// RTL Simulation : 26 / 578 [n/a] @ "1038000"
// RTL Simulation : 27 / 578 [n/a] @ "1073000"
// RTL Simulation : 28 / 578 [n/a] @ "1108000"
// RTL Simulation : 29 / 578 [n/a] @ "1143000"
// RTL Simulation : 30 / 578 [n/a] @ "1178000"
// RTL Simulation : 31 / 578 [n/a] @ "1213000"
// RTL Simulation : 32 / 578 [n/a] @ "1248000"
// RTL Simulation : 33 / 578 [n/a] @ "1283000"
// RTL Simulation : 34 / 578 [n/a] @ "1318000"
// RTL Simulation : 35 / 578 [n/a] @ "1353000"
// RTL Simulation : 36 / 578 [n/a] @ "1388000"
// RTL Simulation : 37 / 578 [n/a] @ "1423000"
// RTL Simulation : 38 / 578 [n/a] @ "1458000"
// RTL Simulation : 39 / 578 [n/a] @ "1493000"
// RTL Simulation : 40 / 578 [n/a] @ "1528000"
// RTL Simulation : 41 / 578 [n/a] @ "1563000"
// RTL Simulation : 42 / 578 [n/a] @ "1598000"
// RTL Simulation : 43 / 578 [n/a] @ "1633000"
// RTL Simulation : 44 / 578 [n/a] @ "1668000"
// RTL Simulation : 45 / 578 [n/a] @ "1703000"
// RTL Simulation : 46 / 578 [n/a] @ "1738000"
// RTL Simulation : 47 / 578 [n/a] @ "1773000"
// RTL Simulation : 48 / 578 [n/a] @ "1813000"
// RTL Simulation : 49 / 578 [n/a] @ "1853000"
// RTL Simulation : 50 / 578 [n/a] @ "1893000"
// RTL Simulation : 51 / 578 [n/a] @ "1928000"
// RTL Simulation : 52 / 578 [n/a] @ "1963000"
// RTL Simulation : 53 / 578 [n/a] @ "1998000"
// RTL Simulation : 54 / 578 [n/a] @ "2033000"
// RTL Simulation : 55 / 578 [n/a] @ "2068000"
// RTL Simulation : 56 / 578 [n/a] @ "2103000"
// RTL Simulation : 57 / 578 [n/a] @ "2138000"
// RTL Simulation : 58 / 578 [n/a] @ "2173000"
// RTL Simulation : 59 / 578 [n/a] @ "2208000"
// RTL Simulation : 60 / 578 [n/a] @ "2243000"
// RTL Simulation : 61 / 578 [n/a] @ "2278000"
// RTL Simulation : 62 / 578 [n/a] @ "2313000"
// RTL Simulation : 63 / 578 [n/a] @ "2348000"
// RTL Simulation : 64 / 578 [n/a] @ "2383000"
// RTL Simulation : 65 / 578 [n/a] @ "2418000"
// RTL Simulation : 66 / 578 [n/a] @ "2453000"
// RTL Simulation : 67 / 578 [n/a] @ "2488000"
// RTL Simulation : 68 / 578 [n/a] @ "2523000"
// RTL Simulation : 69 / 578 [n/a] @ "2558000"
// RTL Simulation : 70 / 578 [n/a] @ "2593000"
// RTL Simulation : 71 / 578 [n/a] @ "2628000"
// RTL Simulation : 72 / 578 [n/a] @ "2668000"
// RTL Simulation : 73 / 578 [n/a] @ "2708000"
// RTL Simulation : 74 / 578 [n/a] @ "2748000"
// RTL Simulation : 75 / 578 [n/a] @ "2783000"
// RTL Simulation : 76 / 578 [n/a] @ "2818000"
// RTL Simulation : 77 / 578 [n/a] @ "2853000"
// RTL Simulation : 78 / 578 [n/a] @ "2888000"
// RTL Simulation : 79 / 578 [n/a] @ "2923000"
// RTL Simulation : 80 / 578 [n/a] @ "2958000"
// RTL Simulation : 81 / 578 [n/a] @ "2993000"
// RTL Simulation : 82 / 578 [n/a] @ "3028000"
// RTL Simulation : 83 / 578 [n/a] @ "3063000"
// RTL Simulation : 84 / 578 [n/a] @ "3098000"
// RTL Simulation : 85 / 578 [n/a] @ "3133000"
// RTL Simulation : 86 / 578 [n/a] @ "3168000"
// RTL Simulation : 87 / 578 [n/a] @ "3203000"
// RTL Simulation : 88 / 578 [n/a] @ "3238000"
// RTL Simulation : 89 / 578 [n/a] @ "3273000"
// RTL Simulation : 90 / 578 [n/a] @ "3308000"
// RTL Simulation : 91 / 578 [n/a] @ "3343000"
// RTL Simulation : 92 / 578 [n/a] @ "3378000"
// RTL Simulation : 93 / 578 [n/a] @ "3413000"
// RTL Simulation : 94 / 578 [n/a] @ "3448000"
// RTL Simulation : 95 / 578 [n/a] @ "3483000"
// RTL Simulation : 96 / 578 [n/a] @ "3523000"
// RTL Simulation : 97 / 578 [n/a] @ "3563000"
// RTL Simulation : 98 / 578 [n/a] @ "3603000"
// RTL Simulation : 99 / 578 [n/a] @ "3638000"
// RTL Simulation : 100 / 578 [n/a] @ "3673000"
// RTL Simulation : 101 / 578 [n/a] @ "3708000"
// RTL Simulation : 102 / 578 [n/a] @ "3743000"
// RTL Simulation : 103 / 578 [n/a] @ "3778000"
// RTL Simulation : 104 / 578 [n/a] @ "3813000"
// RTL Simulation : 105 / 578 [n/a] @ "3848000"
// RTL Simulation : 106 / 578 [n/a] @ "3883000"
// RTL Simulation : 107 / 578 [n/a] @ "3918000"
// RTL Simulation : 108 / 578 [n/a] @ "3953000"
// RTL Simulation : 109 / 578 [n/a] @ "3988000"
// RTL Simulation : 110 / 578 [n/a] @ "4023000"
// RTL Simulation : 111 / 578 [n/a] @ "4058000"
// RTL Simulation : 112 / 578 [n/a] @ "4093000"
// RTL Simulation : 113 / 578 [n/a] @ "4128000"
// RTL Simulation : 114 / 578 [n/a] @ "4163000"
// RTL Simulation : 115 / 578 [n/a] @ "4198000"
// RTL Simulation : 116 / 578 [n/a] @ "4233000"
// RTL Simulation : 117 / 578 [n/a] @ "4268000"
// RTL Simulation : 118 / 578 [n/a] @ "4303000"
// RTL Simulation : 119 / 578 [n/a] @ "4338000"
// RTL Simulation : 120 / 578 [n/a] @ "4378000"
// RTL Simulation : 121 / 578 [n/a] @ "4418000"
// RTL Simulation : 122 / 578 [n/a] @ "4458000"
// RTL Simulation : 123 / 578 [n/a] @ "4493000"
// RTL Simulation : 124 / 578 [n/a] @ "4528000"
// RTL Simulation : 125 / 578 [n/a] @ "4563000"
// RTL Simulation : 126 / 578 [n/a] @ "4598000"
// RTL Simulation : 127 / 578 [n/a] @ "4633000"
// RTL Simulation : 128 / 578 [n/a] @ "4668000"
// RTL Simulation : 129 / 578 [n/a] @ "4703000"
// RTL Simulation : 130 / 578 [n/a] @ "4738000"
// RTL Simulation : 131 / 578 [n/a] @ "4773000"
// RTL Simulation : 132 / 578 [n/a] @ "4808000"
// RTL Simulation : 133 / 578 [n/a] @ "4843000"
// RTL Simulation : 134 / 578 [n/a] @ "4878000"
// RTL Simulation : 135 / 578 [n/a] @ "4913000"
// RTL Simulation : 136 / 578 [n/a] @ "4948000"
// RTL Simulation : 137 / 578 [n/a] @ "4983000"
// RTL Simulation : 138 / 578 [n/a] @ "5018000"
// RTL Simulation : 139 / 578 [n/a] @ "5053000"
// RTL Simulation : 140 / 578 [n/a] @ "5088000"
// RTL Simulation : 141 / 578 [n/a] @ "5123000"
// RTL Simulation : 142 / 578 [n/a] @ "5158000"
// RTL Simulation : 143 / 578 [n/a] @ "5193000"
// RTL Simulation : 144 / 578 [n/a] @ "5233000"
// RTL Simulation : 145 / 578 [n/a] @ "5273000"
// RTL Simulation : 146 / 578 [n/a] @ "5313000"
// RTL Simulation : 147 / 578 [n/a] @ "5348000"
// RTL Simulation : 148 / 578 [n/a] @ "5383000"
// RTL Simulation : 149 / 578 [n/a] @ "5418000"
// RTL Simulation : 150 / 578 [n/a] @ "5453000"
// RTL Simulation : 151 / 578 [n/a] @ "5488000"
// RTL Simulation : 152 / 578 [n/a] @ "5523000"
// RTL Simulation : 153 / 578 [n/a] @ "5558000"
// RTL Simulation : 154 / 578 [n/a] @ "5593000"
// RTL Simulation : 155 / 578 [n/a] @ "5628000"
// RTL Simulation : 156 / 578 [n/a] @ "5663000"
// RTL Simulation : 157 / 578 [n/a] @ "5698000"
// RTL Simulation : 158 / 578 [n/a] @ "5733000"
// RTL Simulation : 159 / 578 [n/a] @ "5768000"
// RTL Simulation : 160 / 578 [n/a] @ "5803000"
// RTL Simulation : 161 / 578 [n/a] @ "5838000"
// RTL Simulation : 162 / 578 [n/a] @ "5873000"
// RTL Simulation : 163 / 578 [n/a] @ "5908000"
// RTL Simulation : 164 / 578 [n/a] @ "5943000"
// RTL Simulation : 165 / 578 [n/a] @ "5978000"
// RTL Simulation : 166 / 578 [n/a] @ "6013000"
// RTL Simulation : 167 / 578 [n/a] @ "6048000"
// RTL Simulation : 168 / 578 [n/a] @ "6088000"
// RTL Simulation : 169 / 578 [n/a] @ "6128000"
// RTL Simulation : 170 / 578 [n/a] @ "6168000"
// RTL Simulation : 171 / 578 [n/a] @ "6203000"
// RTL Simulation : 172 / 578 [n/a] @ "6238000"
// RTL Simulation : 173 / 578 [n/a] @ "6273000"
// RTL Simulation : 174 / 578 [n/a] @ "6308000"
// RTL Simulation : 175 / 578 [n/a] @ "6343000"
// RTL Simulation : 176 / 578 [n/a] @ "6378000"
// RTL Simulation : 177 / 578 [n/a] @ "6413000"
// RTL Simulation : 178 / 578 [n/a] @ "6448000"
// RTL Simulation : 179 / 578 [n/a] @ "6483000"
// RTL Simulation : 180 / 578 [n/a] @ "6518000"
// RTL Simulation : 181 / 578 [n/a] @ "6553000"
// RTL Simulation : 182 / 578 [n/a] @ "6588000"
// RTL Simulation : 183 / 578 [n/a] @ "6623000"
// RTL Simulation : 184 / 578 [n/a] @ "6658000"
// RTL Simulation : 185 / 578 [n/a] @ "6693000"
// RTL Simulation : 186 / 578 [n/a] @ "6728000"
// RTL Simulation : 187 / 578 [n/a] @ "6763000"
// RTL Simulation : 188 / 578 [n/a] @ "6798000"
// RTL Simulation : 189 / 578 [n/a] @ "6833000"
// RTL Simulation : 190 / 578 [n/a] @ "6868000"
// RTL Simulation : 191 / 578 [n/a] @ "6903000"
// RTL Simulation : 192 / 578 [n/a] @ "6943000"
// RTL Simulation : 193 / 578 [n/a] @ "6983000"
// RTL Simulation : 194 / 578 [n/a] @ "7478000"
// RTL Simulation : 195 / 578 [n/a] @ "7513000"
// RTL Simulation : 196 / 578 [n/a] @ "7548000"
// RTL Simulation : 197 / 578 [n/a] @ "7583000"
// RTL Simulation : 198 / 578 [n/a] @ "7618000"
// RTL Simulation : 199 / 578 [n/a] @ "7653000"
// RTL Simulation : 200 / 578 [n/a] @ "7688000"
// RTL Simulation : 201 / 578 [n/a] @ "7723000"
// RTL Simulation : 202 / 578 [n/a] @ "7758000"
// RTL Simulation : 203 / 578 [n/a] @ "7793000"
// RTL Simulation : 204 / 578 [n/a] @ "7828000"
// RTL Simulation : 205 / 578 [n/a] @ "7863000"
// RTL Simulation : 206 / 578 [n/a] @ "7898000"
// RTL Simulation : 207 / 578 [n/a] @ "7933000"
// RTL Simulation : 208 / 578 [n/a] @ "7968000"
// RTL Simulation : 209 / 578 [n/a] @ "8003000"
// RTL Simulation : 210 / 578 [n/a] @ "8038000"
// RTL Simulation : 211 / 578 [n/a] @ "8073000"
// RTL Simulation : 212 / 578 [n/a] @ "8108000"
// RTL Simulation : 213 / 578 [n/a] @ "8143000"
// RTL Simulation : 214 / 578 [n/a] @ "8178000"
// RTL Simulation : 215 / 578 [n/a] @ "8213000"
// RTL Simulation : 216 / 578 [n/a] @ "8253000"
// RTL Simulation : 217 / 578 [n/a] @ "8293000"
// RTL Simulation : 218 / 578 [n/a] @ "8333000"
// RTL Simulation : 219 / 578 [n/a] @ "8368000"
// RTL Simulation : 220 / 578 [n/a] @ "8403000"
// RTL Simulation : 221 / 578 [n/a] @ "8438000"
// RTL Simulation : 222 / 578 [n/a] @ "8473000"
// RTL Simulation : 223 / 578 [n/a] @ "8508000"
// RTL Simulation : 224 / 578 [n/a] @ "8543000"
// RTL Simulation : 225 / 578 [n/a] @ "8578000"
// RTL Simulation : 226 / 578 [n/a] @ "8613000"
// RTL Simulation : 227 / 578 [n/a] @ "8648000"
// RTL Simulation : 228 / 578 [n/a] @ "8683000"
// RTL Simulation : 229 / 578 [n/a] @ "8718000"
// RTL Simulation : 230 / 578 [n/a] @ "8753000"
// RTL Simulation : 231 / 578 [n/a] @ "8788000"
// RTL Simulation : 232 / 578 [n/a] @ "8823000"
// RTL Simulation : 233 / 578 [n/a] @ "8858000"
// RTL Simulation : 234 / 578 [n/a] @ "8893000"
// RTL Simulation : 235 / 578 [n/a] @ "8928000"
// RTL Simulation : 236 / 578 [n/a] @ "8963000"
// RTL Simulation : 237 / 578 [n/a] @ "8998000"
// RTL Simulation : 238 / 578 [n/a] @ "9033000"
// RTL Simulation : 239 / 578 [n/a] @ "9068000"
// RTL Simulation : 240 / 578 [n/a] @ "9108000"
// RTL Simulation : 241 / 578 [n/a] @ "9148000"
// RTL Simulation : 242 / 578 [n/a] @ "9188000"
// RTL Simulation : 243 / 578 [n/a] @ "9223000"
// RTL Simulation : 244 / 578 [n/a] @ "9258000"
// RTL Simulation : 245 / 578 [n/a] @ "9293000"
// RTL Simulation : 246 / 578 [n/a] @ "9328000"
// RTL Simulation : 247 / 578 [n/a] @ "9363000"
// RTL Simulation : 248 / 578 [n/a] @ "9398000"
// RTL Simulation : 249 / 578 [n/a] @ "9433000"
// RTL Simulation : 250 / 578 [n/a] @ "9468000"
// RTL Simulation : 251 / 578 [n/a] @ "9503000"
// RTL Simulation : 252 / 578 [n/a] @ "9538000"
// RTL Simulation : 253 / 578 [n/a] @ "9573000"
// RTL Simulation : 254 / 578 [n/a] @ "9608000"
// RTL Simulation : 255 / 578 [n/a] @ "9643000"
// RTL Simulation : 256 / 578 [n/a] @ "9678000"
// RTL Simulation : 257 / 578 [n/a] @ "9713000"
// RTL Simulation : 258 / 578 [n/a] @ "9748000"
// RTL Simulation : 259 / 578 [n/a] @ "9783000"
// RTL Simulation : 260 / 578 [n/a] @ "9818000"
// RTL Simulation : 261 / 578 [n/a] @ "9853000"
// RTL Simulation : 262 / 578 [n/a] @ "9888000"
// RTL Simulation : 263 / 578 [n/a] @ "9923000"
// RTL Simulation : 264 / 578 [n/a] @ "9963000"
// RTL Simulation : 265 / 578 [n/a] @ "10003000"
// RTL Simulation : 266 / 578 [n/a] @ "10043000"
// RTL Simulation : 267 / 578 [n/a] @ "10078000"
// RTL Simulation : 268 / 578 [n/a] @ "10113000"
// RTL Simulation : 269 / 578 [n/a] @ "10148000"
// RTL Simulation : 270 / 578 [n/a] @ "10183000"
// RTL Simulation : 271 / 578 [n/a] @ "10218000"
// RTL Simulation : 272 / 578 [n/a] @ "10253000"
// RTL Simulation : 273 / 578 [n/a] @ "10288000"
// RTL Simulation : 274 / 578 [n/a] @ "10323000"
// RTL Simulation : 275 / 578 [n/a] @ "10358000"
// RTL Simulation : 276 / 578 [n/a] @ "10393000"
// RTL Simulation : 277 / 578 [n/a] @ "10428000"
// RTL Simulation : 278 / 578 [n/a] @ "10463000"
// RTL Simulation : 279 / 578 [n/a] @ "10498000"
// RTL Simulation : 280 / 578 [n/a] @ "10533000"
// RTL Simulation : 281 / 578 [n/a] @ "10568000"
// RTL Simulation : 282 / 578 [n/a] @ "10603000"
// RTL Simulation : 283 / 578 [n/a] @ "10638000"
// RTL Simulation : 284 / 578 [n/a] @ "10673000"
// RTL Simulation : 285 / 578 [n/a] @ "10708000"
// RTL Simulation : 286 / 578 [n/a] @ "10743000"
// RTL Simulation : 287 / 578 [n/a] @ "10778000"
// RTL Simulation : 288 / 578 [n/a] @ "10818000"
// RTL Simulation : 289 / 578 [n/a] @ "10858000"
// RTL Simulation : 290 / 578 [n/a] @ "10898000"
// RTL Simulation : 291 / 578 [n/a] @ "10933000"
// RTL Simulation : 292 / 578 [n/a] @ "10968000"
// RTL Simulation : 293 / 578 [n/a] @ "11003000"
// RTL Simulation : 294 / 578 [n/a] @ "11038000"
// RTL Simulation : 295 / 578 [n/a] @ "11073000"
// RTL Simulation : 296 / 578 [n/a] @ "11108000"
// RTL Simulation : 297 / 578 [n/a] @ "11143000"
// RTL Simulation : 298 / 578 [n/a] @ "11178000"
// RTL Simulation : 299 / 578 [n/a] @ "11213000"
// RTL Simulation : 300 / 578 [n/a] @ "11248000"
// RTL Simulation : 301 / 578 [n/a] @ "11283000"
// RTL Simulation : 302 / 578 [n/a] @ "11318000"
// RTL Simulation : 303 / 578 [n/a] @ "11353000"
// RTL Simulation : 304 / 578 [n/a] @ "11388000"
// RTL Simulation : 305 / 578 [n/a] @ "11423000"
// RTL Simulation : 306 / 578 [n/a] @ "11458000"
// RTL Simulation : 307 / 578 [n/a] @ "11493000"
// RTL Simulation : 308 / 578 [n/a] @ "11528000"
// RTL Simulation : 309 / 578 [n/a] @ "11563000"
// RTL Simulation : 310 / 578 [n/a] @ "11598000"
// RTL Simulation : 311 / 578 [n/a] @ "11633000"
// RTL Simulation : 312 / 578 [n/a] @ "11673000"
// RTL Simulation : 313 / 578 [n/a] @ "11713000"
// RTL Simulation : 314 / 578 [n/a] @ "11753000"
// RTL Simulation : 315 / 578 [n/a] @ "11788000"
// RTL Simulation : 316 / 578 [n/a] @ "11823000"
// RTL Simulation : 317 / 578 [n/a] @ "11858000"
// RTL Simulation : 318 / 578 [n/a] @ "11893000"
// RTL Simulation : 319 / 578 [n/a] @ "11928000"
// RTL Simulation : 320 / 578 [n/a] @ "11963000"
// RTL Simulation : 321 / 578 [n/a] @ "11998000"
// RTL Simulation : 322 / 578 [n/a] @ "12033000"
// RTL Simulation : 323 / 578 [n/a] @ "12068000"
// RTL Simulation : 324 / 578 [n/a] @ "12103000"
// RTL Simulation : 325 / 578 [n/a] @ "12138000"
// RTL Simulation : 326 / 578 [n/a] @ "12173000"
// RTL Simulation : 327 / 578 [n/a] @ "12208000"
// RTL Simulation : 328 / 578 [n/a] @ "12243000"
// RTL Simulation : 329 / 578 [n/a] @ "12278000"
// RTL Simulation : 330 / 578 [n/a] @ "12313000"
// RTL Simulation : 331 / 578 [n/a] @ "12348000"
// RTL Simulation : 332 / 578 [n/a] @ "12383000"
// RTL Simulation : 333 / 578 [n/a] @ "12418000"
// RTL Simulation : 334 / 578 [n/a] @ "12453000"
// RTL Simulation : 335 / 578 [n/a] @ "12488000"
// RTL Simulation : 336 / 578 [n/a] @ "12528000"
// RTL Simulation : 337 / 578 [n/a] @ "12568000"
// RTL Simulation : 338 / 578 [n/a] @ "12608000"
// RTL Simulation : 339 / 578 [n/a] @ "12643000"
// RTL Simulation : 340 / 578 [n/a] @ "12678000"
// RTL Simulation : 341 / 578 [n/a] @ "12713000"
// RTL Simulation : 342 / 578 [n/a] @ "12748000"
// RTL Simulation : 343 / 578 [n/a] @ "12783000"
// RTL Simulation : 344 / 578 [n/a] @ "12818000"
// RTL Simulation : 345 / 578 [n/a] @ "12853000"
// RTL Simulation : 346 / 578 [n/a] @ "12888000"
// RTL Simulation : 347 / 578 [n/a] @ "12923000"
// RTL Simulation : 348 / 578 [n/a] @ "12958000"
// RTL Simulation : 349 / 578 [n/a] @ "12993000"
// RTL Simulation : 350 / 578 [n/a] @ "13028000"
// RTL Simulation : 351 / 578 [n/a] @ "13063000"
// RTL Simulation : 352 / 578 [n/a] @ "13098000"
// RTL Simulation : 353 / 578 [n/a] @ "13133000"
// RTL Simulation : 354 / 578 [n/a] @ "13168000"
// RTL Simulation : 355 / 578 [n/a] @ "13203000"
// RTL Simulation : 356 / 578 [n/a] @ "13238000"
// RTL Simulation : 357 / 578 [n/a] @ "13273000"
// RTL Simulation : 358 / 578 [n/a] @ "13308000"
// RTL Simulation : 359 / 578 [n/a] @ "13343000"
// RTL Simulation : 360 / 578 [n/a] @ "13383000"
// RTL Simulation : 361 / 578 [n/a] @ "13423000"
// RTL Simulation : 362 / 578 [n/a] @ "13463000"
// RTL Simulation : 363 / 578 [n/a] @ "13498000"
// RTL Simulation : 364 / 578 [n/a] @ "13533000"
// RTL Simulation : 365 / 578 [n/a] @ "13568000"
// RTL Simulation : 366 / 578 [n/a] @ "13603000"
// RTL Simulation : 367 / 578 [n/a] @ "13638000"
// RTL Simulation : 368 / 578 [n/a] @ "13673000"
// RTL Simulation : 369 / 578 [n/a] @ "13708000"
// RTL Simulation : 370 / 578 [n/a] @ "13743000"
// RTL Simulation : 371 / 578 [n/a] @ "13778000"
// RTL Simulation : 372 / 578 [n/a] @ "13813000"
// RTL Simulation : 373 / 578 [n/a] @ "13848000"
// RTL Simulation : 374 / 578 [n/a] @ "13883000"
// RTL Simulation : 375 / 578 [n/a] @ "13918000"
// RTL Simulation : 376 / 578 [n/a] @ "13953000"
// RTL Simulation : 377 / 578 [n/a] @ "13988000"
// RTL Simulation : 378 / 578 [n/a] @ "14023000"
// RTL Simulation : 379 / 578 [n/a] @ "14058000"
// RTL Simulation : 380 / 578 [n/a] @ "14093000"
// RTL Simulation : 381 / 578 [n/a] @ "14128000"
// RTL Simulation : 382 / 578 [n/a] @ "14163000"
// RTL Simulation : 383 / 578 [n/a] @ "14198000"
// RTL Simulation : 384 / 578 [n/a] @ "14238000"
// RTL Simulation : 385 / 578 [n/a] @ "14278000"
// RTL Simulation : 386 / 578 [n/a] @ "14773000"
// RTL Simulation : 387 / 578 [n/a] @ "14808000"
// RTL Simulation : 388 / 578 [n/a] @ "14843000"
// RTL Simulation : 389 / 578 [n/a] @ "14878000"
// RTL Simulation : 390 / 578 [n/a] @ "14913000"
// RTL Simulation : 391 / 578 [n/a] @ "14948000"
// RTL Simulation : 392 / 578 [n/a] @ "14983000"
// RTL Simulation : 393 / 578 [n/a] @ "15018000"
// RTL Simulation : 394 / 578 [n/a] @ "15053000"
// RTL Simulation : 395 / 578 [n/a] @ "15088000"
// RTL Simulation : 396 / 578 [n/a] @ "15123000"
// RTL Simulation : 397 / 578 [n/a] @ "15158000"
// RTL Simulation : 398 / 578 [n/a] @ "15193000"
// RTL Simulation : 399 / 578 [n/a] @ "15228000"
// RTL Simulation : 400 / 578 [n/a] @ "15263000"
// RTL Simulation : 401 / 578 [n/a] @ "15298000"
// RTL Simulation : 402 / 578 [n/a] @ "15333000"
// RTL Simulation : 403 / 578 [n/a] @ "15368000"
// RTL Simulation : 404 / 578 [n/a] @ "15403000"
// RTL Simulation : 405 / 578 [n/a] @ "15438000"
// RTL Simulation : 406 / 578 [n/a] @ "15473000"
// RTL Simulation : 407 / 578 [n/a] @ "15508000"
// RTL Simulation : 408 / 578 [n/a] @ "15548000"
// RTL Simulation : 409 / 578 [n/a] @ "15588000"
// RTL Simulation : 410 / 578 [n/a] @ "15628000"
// RTL Simulation : 411 / 578 [n/a] @ "15663000"
// RTL Simulation : 412 / 578 [n/a] @ "15698000"
// RTL Simulation : 413 / 578 [n/a] @ "15733000"
// RTL Simulation : 414 / 578 [n/a] @ "15768000"
// RTL Simulation : 415 / 578 [n/a] @ "15803000"
// RTL Simulation : 416 / 578 [n/a] @ "15838000"
// RTL Simulation : 417 / 578 [n/a] @ "15873000"
// RTL Simulation : 418 / 578 [n/a] @ "15908000"
// RTL Simulation : 419 / 578 [n/a] @ "15943000"
// RTL Simulation : 420 / 578 [n/a] @ "15978000"
// RTL Simulation : 421 / 578 [n/a] @ "16013000"
// RTL Simulation : 422 / 578 [n/a] @ "16048000"
// RTL Simulation : 423 / 578 [n/a] @ "16083000"
// RTL Simulation : 424 / 578 [n/a] @ "16118000"
// RTL Simulation : 425 / 578 [n/a] @ "16153000"
// RTL Simulation : 426 / 578 [n/a] @ "16188000"
// RTL Simulation : 427 / 578 [n/a] @ "16223000"
// RTL Simulation : 428 / 578 [n/a] @ "16258000"
// RTL Simulation : 429 / 578 [n/a] @ "16293000"
// RTL Simulation : 430 / 578 [n/a] @ "16328000"
// RTL Simulation : 431 / 578 [n/a] @ "16363000"
// RTL Simulation : 432 / 578 [n/a] @ "16403000"
// RTL Simulation : 433 / 578 [n/a] @ "16443000"
// RTL Simulation : 434 / 578 [n/a] @ "16483000"
// RTL Simulation : 435 / 578 [n/a] @ "16518000"
// RTL Simulation : 436 / 578 [n/a] @ "16553000"
// RTL Simulation : 437 / 578 [n/a] @ "16588000"
// RTL Simulation : 438 / 578 [n/a] @ "16623000"
// RTL Simulation : 439 / 578 [n/a] @ "16658000"
// RTL Simulation : 440 / 578 [n/a] @ "16693000"
// RTL Simulation : 441 / 578 [n/a] @ "16728000"
// RTL Simulation : 442 / 578 [n/a] @ "16763000"
// RTL Simulation : 443 / 578 [n/a] @ "16798000"
// RTL Simulation : 444 / 578 [n/a] @ "16833000"
// RTL Simulation : 445 / 578 [n/a] @ "16868000"
// RTL Simulation : 446 / 578 [n/a] @ "16903000"
// RTL Simulation : 447 / 578 [n/a] @ "16938000"
// RTL Simulation : 448 / 578 [n/a] @ "16973000"
// RTL Simulation : 449 / 578 [n/a] @ "17008000"
// RTL Simulation : 450 / 578 [n/a] @ "17043000"
// RTL Simulation : 451 / 578 [n/a] @ "17078000"
// RTL Simulation : 452 / 578 [n/a] @ "17113000"
// RTL Simulation : 453 / 578 [n/a] @ "17148000"
// RTL Simulation : 454 / 578 [n/a] @ "17183000"
// RTL Simulation : 455 / 578 [n/a] @ "17218000"
// RTL Simulation : 456 / 578 [n/a] @ "17258000"
// RTL Simulation : 457 / 578 [n/a] @ "17298000"
// RTL Simulation : 458 / 578 [n/a] @ "17338000"
// RTL Simulation : 459 / 578 [n/a] @ "17373000"
// RTL Simulation : 460 / 578 [n/a] @ "17408000"
// RTL Simulation : 461 / 578 [n/a] @ "17443000"
// RTL Simulation : 462 / 578 [n/a] @ "17478000"
// RTL Simulation : 463 / 578 [n/a] @ "17513000"
// RTL Simulation : 464 / 578 [n/a] @ "17548000"
// RTL Simulation : 465 / 578 [n/a] @ "17583000"
// RTL Simulation : 466 / 578 [n/a] @ "17618000"
// RTL Simulation : 467 / 578 [n/a] @ "17653000"
// RTL Simulation : 468 / 578 [n/a] @ "17688000"
// RTL Simulation : 469 / 578 [n/a] @ "17723000"
// RTL Simulation : 470 / 578 [n/a] @ "17758000"
// RTL Simulation : 471 / 578 [n/a] @ "17793000"
// RTL Simulation : 472 / 578 [n/a] @ "17828000"
// RTL Simulation : 473 / 578 [n/a] @ "17863000"
// RTL Simulation : 474 / 578 [n/a] @ "17898000"
// RTL Simulation : 475 / 578 [n/a] @ "17933000"
// RTL Simulation : 476 / 578 [n/a] @ "17968000"
// RTL Simulation : 477 / 578 [n/a] @ "18003000"
// RTL Simulation : 478 / 578 [n/a] @ "18038000"
// RTL Simulation : 479 / 578 [n/a] @ "18073000"
// RTL Simulation : 480 / 578 [n/a] @ "18113000"
// RTL Simulation : 481 / 578 [n/a] @ "18153000"
// RTL Simulation : 482 / 578 [n/a] @ "18193000"
// RTL Simulation : 483 / 578 [n/a] @ "18228000"
// RTL Simulation : 484 / 578 [n/a] @ "18263000"
// RTL Simulation : 485 / 578 [n/a] @ "18298000"
// RTL Simulation : 486 / 578 [n/a] @ "18333000"
// RTL Simulation : 487 / 578 [n/a] @ "18368000"
// RTL Simulation : 488 / 578 [n/a] @ "18403000"
// RTL Simulation : 489 / 578 [n/a] @ "18438000"
// RTL Simulation : 490 / 578 [n/a] @ "18473000"
// RTL Simulation : 491 / 578 [n/a] @ "18508000"
// RTL Simulation : 492 / 578 [n/a] @ "18543000"
// RTL Simulation : 493 / 578 [n/a] @ "18578000"
// RTL Simulation : 494 / 578 [n/a] @ "18613000"
// RTL Simulation : 495 / 578 [n/a] @ "18648000"
// RTL Simulation : 496 / 578 [n/a] @ "18683000"
// RTL Simulation : 497 / 578 [n/a] @ "18718000"
// RTL Simulation : 498 / 578 [n/a] @ "18753000"
// RTL Simulation : 499 / 578 [n/a] @ "18788000"
// RTL Simulation : 500 / 578 [n/a] @ "18823000"
// RTL Simulation : 501 / 578 [n/a] @ "18858000"
// RTL Simulation : 502 / 578 [n/a] @ "18893000"
// RTL Simulation : 503 / 578 [n/a] @ "18928000"
// RTL Simulation : 504 / 578 [n/a] @ "18968000"
// RTL Simulation : 505 / 578 [n/a] @ "19008000"
// RTL Simulation : 506 / 578 [n/a] @ "19048000"
// RTL Simulation : 507 / 578 [n/a] @ "19083000"
// RTL Simulation : 508 / 578 [n/a] @ "19118000"
// RTL Simulation : 509 / 578 [n/a] @ "19153000"
// RTL Simulation : 510 / 578 [n/a] @ "19188000"
// RTL Simulation : 511 / 578 [n/a] @ "19223000"
// RTL Simulation : 512 / 578 [n/a] @ "19258000"
// RTL Simulation : 513 / 578 [n/a] @ "19293000"
// RTL Simulation : 514 / 578 [n/a] @ "19328000"
// RTL Simulation : 515 / 578 [n/a] @ "19363000"
// RTL Simulation : 516 / 578 [n/a] @ "19398000"
// RTL Simulation : 517 / 578 [n/a] @ "19433000"
// RTL Simulation : 518 / 578 [n/a] @ "19468000"
// RTL Simulation : 519 / 578 [n/a] @ "19503000"
// RTL Simulation : 520 / 578 [n/a] @ "19538000"
// RTL Simulation : 521 / 578 [n/a] @ "19573000"
// RTL Simulation : 522 / 578 [n/a] @ "19608000"
// RTL Simulation : 523 / 578 [n/a] @ "19643000"
// RTL Simulation : 524 / 578 [n/a] @ "19678000"
// RTL Simulation : 525 / 578 [n/a] @ "19713000"
// RTL Simulation : 526 / 578 [n/a] @ "19748000"
// RTL Simulation : 527 / 578 [n/a] @ "19783000"
// RTL Simulation : 528 / 578 [n/a] @ "19823000"
// RTL Simulation : 529 / 578 [n/a] @ "19863000"
// RTL Simulation : 530 / 578 [n/a] @ "19903000"
// RTL Simulation : 531 / 578 [n/a] @ "19938000"
// RTL Simulation : 532 / 578 [n/a] @ "19973000"
// RTL Simulation : 533 / 578 [n/a] @ "20008000"
// RTL Simulation : 534 / 578 [n/a] @ "20043000"
// RTL Simulation : 535 / 578 [n/a] @ "20078000"
// RTL Simulation : 536 / 578 [n/a] @ "20113000"
// RTL Simulation : 537 / 578 [n/a] @ "20148000"
// RTL Simulation : 538 / 578 [n/a] @ "20183000"
// RTL Simulation : 539 / 578 [n/a] @ "20218000"
// RTL Simulation : 540 / 578 [n/a] @ "20253000"
// RTL Simulation : 541 / 578 [n/a] @ "20288000"
// RTL Simulation : 542 / 578 [n/a] @ "20323000"
// RTL Simulation : 543 / 578 [n/a] @ "20358000"
// RTL Simulation : 544 / 578 [n/a] @ "20393000"
// RTL Simulation : 545 / 578 [n/a] @ "20428000"
// RTL Simulation : 546 / 578 [n/a] @ "20463000"
// RTL Simulation : 547 / 578 [n/a] @ "20498000"
// RTL Simulation : 548 / 578 [n/a] @ "20533000"
// RTL Simulation : 549 / 578 [n/a] @ "20568000"
// RTL Simulation : 550 / 578 [n/a] @ "20603000"
// RTL Simulation : 551 / 578 [n/a] @ "20638000"
// RTL Simulation : 552 / 578 [n/a] @ "20678000"
// RTL Simulation : 553 / 578 [n/a] @ "20718000"
// RTL Simulation : 554 / 578 [n/a] @ "20758000"
// RTL Simulation : 555 / 578 [n/a] @ "20793000"
// RTL Simulation : 556 / 578 [n/a] @ "20828000"
// RTL Simulation : 557 / 578 [n/a] @ "20863000"
// RTL Simulation : 558 / 578 [n/a] @ "20898000"
// RTL Simulation : 559 / 578 [n/a] @ "20933000"
// RTL Simulation : 560 / 578 [n/a] @ "20968000"
// RTL Simulation : 561 / 578 [n/a] @ "21003000"
// RTL Simulation : 562 / 578 [n/a] @ "21038000"
// RTL Simulation : 563 / 578 [n/a] @ "21073000"
// RTL Simulation : 564 / 578 [n/a] @ "21108000"
// RTL Simulation : 565 / 578 [n/a] @ "21143000"
// RTL Simulation : 566 / 578 [n/a] @ "21178000"
// RTL Simulation : 567 / 578 [n/a] @ "21213000"
// RTL Simulation : 568 / 578 [n/a] @ "21248000"
// RTL Simulation : 569 / 578 [n/a] @ "21283000"
// RTL Simulation : 570 / 578 [n/a] @ "21318000"
// RTL Simulation : 571 / 578 [n/a] @ "21353000"
// RTL Simulation : 572 / 578 [n/a] @ "21388000"
// RTL Simulation : 573 / 578 [n/a] @ "21423000"
// RTL Simulation : 574 / 578 [n/a] @ "21458000"
// RTL Simulation : 575 / 578 [n/a] @ "21493000"
// RTL Simulation : 576 / 578 [n/a] @ "21533000"
// RTL Simulation : 577 / 578 [n/a] @ "21573000"
// RTL Simulation : 578 / 578 [n/a] @ "22068000"
////////////////////////////////////////////////////////////////////////////////////
$finish called at time : 22097500 ps : File "C:/Reconfigurable_HDC_Platform-1/main/_hdc_hls_xilinx/solution1/sim/verilog/hdv_engine.autotb.v" Line 662
## quit
INFO: [Common 17-206] Exiting xsim at Wed Jun 26 20:24:13 2024...
Test index: 0, Correct Label: 0, Predicted: 0, Percentage: 0%
[--------------------]
Accuracy: 1
Precision: 0.333333
Test index: 1, Correct Label: 0, Predicted: 0, Percentage: 50%
[##########----------]
Accuracy: 1
Precision: 0.333333
Test index: 2, Correct Label: 0, Predicted: 0, Percentage: 100%
[####################]
Accuracy: 1
Precision: 0.333333
INFO [HLS SIM]: The maximum depth reached by any hls::stream() instance in the design is 504
WARNING [HLS SIM]: hls::stream 'hls::stream<hls::axis<ap_uint<8>, 1ull, 1ull, 1ull>, 0>0' contains leftover data, which may result in RTL simulation hanging.
