

================================================================
== Synthesis Summary Report of 'hdv_engine'
================================================================
+ General Information: 
    * Date:           Fri Jun 21 16:47:24 2024
    * Version:        2023.1 (Build 3854077 on May  4 2023)
    * Project:        _hdc_hls_xilinx
    * Solution:       solution1 (Vivado IP Flow Target)
    * Product family: zynquplus
    * Target device:  xczu9eg-ffvb1156-2-e
    

+ Performance & Resource Estimates: 
    
    PS: '+' for module; 'o' for loop; '*' for dataflow
    +-----------------------------------------+------+------+---------+---------+----------+---------+------+----------+------+----+------------+------------+-----+
    |                 Modules                 | Issue|      | Latency | Latency | Iteration|         | Trip |          |      |    |            |            |     |
    |                 & Loops                 | Type | Slack| (cycles)|   (ns)  |  Latency | Interval| Count| Pipelined| BRAM | DSP|     FF     |     LUT    | URAM|
    +-----------------------------------------+------+------+---------+---------+----------+---------+------+----------+------+----+------------+------------+-----+
    |+ hdv_engine                             |     -|  0.03|        -|        -|         -|        -|     -|        no|     -|   -|   9319 (1%)|  17673 (6%)|    -|
    | + hdv_engine_Pipeline_VITIS_LOOP_273_1  |     -|  3.65|        -|        -|         -|        -|     -|        no|     -|   -|     2 (~0%)|    22 (~0%)|    -|
    |  o VITIS_LOOP_273_1                     |     -|  3.65|        -|        -|         1|        1|     -|       yes|     -|   -|           -|           -|    -|
    | + hdv_engine_Pipeline_VITIS_LOOP_281_2  |     -|  2.68|        5|   25.000|         -|        5|     -|        no|     -|   -|     4 (~0%)|    45 (~0%)|    -|
    |  o VITIS_LOOP_281_2                     |     -|  3.65|        3|   15.000|         1|        1|     3|       yes|     -|   -|           -|           -|    -|
    | + hdv_engine_Pipeline_VITIS_LOOP_494_4  |     -|  2.21|        4|   20.000|         -|        4|     -|        no|     -|   -|    68 (~0%)|   3577 (1%)|    -|
    |  o VITIS_LOOP_494_4                     |     -|  3.65|        2|   10.000|         1|        1|     2|       yes|     -|   -|           -|           -|    -|
    | + hdv_engine_Pipeline_VITIS_LOOP_912_9  |     -|  1.38|        5|   25.000|         -|        5|     -|        no|     -|   -|    69 (~0%)|   143 (~0%)|    -|
    |  o VITIS_LOOP_912_9                     |     -|  3.65|        3|   15.000|         1|        1|     3|       yes|     -|   -|           -|           -|    -|
    | + hdv_engine_Pipeline_VITIS_LOOP_766_6  |     -|  1.78|       66|  330.000|         -|       66|     -|        no|     -|   -|  2057 (~0%)|   641 (~0%)|    -|
    |  o VITIS_LOOP_766_6                     |     -|  3.65|       64|  320.000|         1|        1|    64|       yes|     -|   -|           -|           -|    -|
    +-----------------------------------------+------+------+---------+---------+----------+---------+------+----------+------+----+------------+------------+-----+


================================================================
== HW Interfaces
================================================================
* AXIS
+-----------+-----------+---------------+-------+-------+-----+-------+-------+--------+-------+-------+--------+
| Interface | Direction | Register Mode | TDATA | TDEST | TID | TKEEP | TLAST | TREADY | TSTRB | TUSER | TVALID |
+-----------+-----------+---------------+-------+-------+-----+-------+-------+--------+-------+-------+--------+
| sdata_i   | in        | both          | 8     | 1     | 1   | 1     | 1     | 1      | 1     | 1     | 1      |
+-----------+-----------+---------------+-------+-------+-----+-------+-------+--------+-------+-------+--------+

* Other Ports
+---------------+---------+-----------+----------+
| Port          | Mode    | Direction | Bitwidth |
+---------------+---------+-----------+----------+
| bhv_i         | ap_none | in        | 64       |
| chv_i         | ap_none | in        | 2048     |
| chv_o         | ap_vld  | out       | 2048     |
| frame_in      | ap_none | in        | 48       |
| lable_class_i | ap_none | in        | 6        |
| lhv_i         | ap_none | in        | 64       |
| nrst_i        | ap_none | in        | 1        |
| op_mode_i     | ap_none | in        | 16       |
| pred_class_o  | ap_none | out       | 6        |
| status_o      | ap_none | out       | 5        |
+---------------+---------+-----------+----------+

* TOP LEVEL CONTROL
+-----------+------------+-----------------------------------+
| Interface | Type       | Ports                             |
+-----------+------------+-----------------------------------+
| ap_clk    | clock      | ap_clk                            |
| ap_rst_n  | reset      | ap_rst_n                          |
| ap_ctrl   | ap_ctrl_hs | ap_done ap_idle ap_ready ap_start |
+-----------+------------+-----------------------------------+


================================================================
== SW I/O Information
================================================================
* Top Function Arguments
+---------------+-----------+--------------------------------------------+
| Argument      | Direction | Datatype                                   |
+---------------+-----------+--------------------------------------------+
| nrst_i        | in        | bool&                                      |
| op_mode_i     | in        |                                            |
| frame_in      | in        |                                            |
| sdata_i       | in        | stream<hls::axis<ap_uint<8>, 1, 1, 1>, 0>& |
| chv_i         | in        | &                                          |
| chv_o         | out       | pointer                                    |
| bhv_i         | in        | &                                          |
| lhv_i         | in        | &                                          |
| lable_class_i | in        | &                                          |
| pred_class_o  | out       | pointer                                    |
| status_o      | out       | pointer                                    |
+---------------+-----------+--------------------------------------------+

* SW-to-HW Mapping
+---------------+---------------+-----------+
| Argument      | HW Interface  | HW Type   |
+---------------+---------------+-----------+
| nrst_i        | nrst_i        | port      |
| op_mode_i     | op_mode_i     | port      |
| frame_in      | frame_in      | port      |
| sdata_i       | sdata_i       | interface |
| chv_i         | chv_i         | port      |
| chv_o         | chv_o         | port      |
| chv_o         | chv_o_ap_vld  | port      |
| bhv_i         | bhv_i         | port      |
| lhv_i         | lhv_i         | port      |
| lable_class_i | lable_class_i | port      |
| pred_class_o  | pred_class_o  | port      |
| status_o      | status_o      | port      |
+---------------+---------------+-----------+


================================================================
== M_AXI Burst Information
================================================================
 Note: All burst requests might be further partitioned into multiple requests during RTL generation based on max_read_burst_length or max_write_burst_length settings.


================================================================
== Bind Op Report
================================================================
+-----------------------------------------+-----+--------+----------------+-----+--------+---------+
| Name                                    | DSP | Pragma | Variable       | Op  | Impl   | Latency |
+-----------------------------------------+-----+--------+----------------+-----+--------+---------+
| + hdv_engine                            | 0   |        |                |     |        |         |
|   add_ln169_fu_6386_p2                  | -   |        | add_ln169      | add | fabric | 0       |
|   similarity_100_fu_6418_p2             | -   |        | similarity_100 | add | fabric | 0       |
|   add_ln169_2_fu_6446_p2                | -   |        | add_ln169_2    | add | fabric | 0       |
|   similarity_103_fu_6501_p2             | -   |        | similarity_103 | add | fabric | 0       |
|   add_ln169_4_fu_6512_p2                | -   |        | add_ln169_4    | add | fabric | 0       |
|   similarity_106_fu_6543_p2             | -   |        | similarity_106 | add | fabric | 0       |
|   add_ln169_6_fu_6570_p2                | -   |        | add_ln169_6    | add | fabric | 0       |
|   similarity_109_fu_6594_p2             | -   |        | similarity_109 | add | fabric | 0       |
|   add_ln169_8_fu_6621_p2                | -   |        | add_ln169_8    | add | fabric | 0       |
|   similarity_112_fu_6648_p2             | -   |        | similarity_112 | add | fabric | 0       |
|   add_ln169_10_fu_6672_p2               | -   |        | add_ln169_10   | add | fabric | 0       |
|   similarity_115_fu_6699_p2             | -   |        | similarity_115 | add | fabric | 0       |
|   add_ln169_12_fu_6726_p2               | -   |        | add_ln169_12   | add | fabric | 0       |
|   similarity_118_fu_6754_p2             | -   |        | similarity_118 | add | fabric | 0       |
|   add_ln169_14_fu_6781_p2               | -   |        | add_ln169_14   | add | fabric | 0       |
|   similarity_121_fu_6808_p2             | -   |        | similarity_121 | add | fabric | 0       |
|   add_ln169_16_fu_6832_p2               | -   |        | add_ln169_16   | add | fabric | 0       |
|   similarity_124_fu_6859_p2             | -   |        | similarity_124 | add | fabric | 0       |
|   add_ln169_18_fu_6886_p2               | -   |        | add_ln169_18   | add | fabric | 0       |
|   similarity_127_fu_6910_p2             | -   |        | similarity_127 | add | fabric | 0       |
|   add_ln169_20_fu_6937_p2               | -   |        | add_ln169_20   | add | fabric | 0       |
|   similarity_130_fu_6964_p2             | -   |        | similarity_130 | add | fabric | 0       |
|   add_ln169_22_fu_6988_p2               | -   |        | add_ln169_22   | add | fabric | 0       |
|   similarity_133_fu_7015_p2             | -   |        | similarity_133 | add | fabric | 0       |
|   add_ln169_24_fu_7042_p2               | -   |        | add_ln169_24   | add | fabric | 0       |
|   similarity_136_fu_7066_p2             | -   |        | similarity_136 | add | fabric | 0       |
|   add_ln169_26_fu_7093_p2               | -   |        | add_ln169_26   | add | fabric | 0       |
|   similarity_139_fu_7120_p2             | -   |        | similarity_139 | add | fabric | 0       |
|   add_ln169_28_fu_7144_p2               | -   |        | add_ln169_28   | add | fabric | 0       |
|   similarity_142_fu_7175_p2             | -   |        | similarity_142 | add | fabric | 0       |
|   add_ln169_30_fu_7202_p2               | -   |        | add_ln169_30   | add | fabric | 0       |
|   similarity_145_fu_7226_p2             | -   |        | similarity_145 | add | fabric | 0       |
|   add_ln169_32_fu_7253_p2               | -   |        | add_ln169_32   | add | fabric | 0       |
|   similarity_148_fu_7280_p2             | -   |        | similarity_148 | add | fabric | 0       |
|   add_ln169_34_fu_7304_p2               | -   |        | add_ln169_34   | add | fabric | 0       |
|   similarity_151_fu_7331_p2             | -   |        | similarity_151 | add | fabric | 0       |
|   add_ln169_36_fu_7358_p2               | -   |        | add_ln169_36   | add | fabric | 0       |
|   similarity_154_fu_7382_p2             | -   |        | similarity_154 | add | fabric | 0       |
|   add_ln169_38_fu_7409_p2               | -   |        | add_ln169_38   | add | fabric | 0       |
|   similarity_157_fu_7436_p2             | -   |        | similarity_157 | add | fabric | 0       |
|   add_ln169_40_fu_7460_p2               | -   |        | add_ln169_40   | add | fabric | 0       |
|   similarity_160_fu_7487_p2             | -   |        | similarity_160 | add | fabric | 0       |
|   add_ln169_42_fu_7514_p2               | -   |        | add_ln169_42   | add | fabric | 0       |
|   similarity_163_fu_7538_p2             | -   |        | similarity_163 | add | fabric | 0       |
|   add_ln169_44_fu_7565_p2               | -   |        | add_ln169_44   | add | fabric | 0       |
|   similarity_166_fu_7592_p2             | -   |        | similarity_166 | add | fabric | 0       |
|   add_ln169_46_fu_7616_p2               | -   |        | add_ln169_46   | add | fabric | 0       |
|   similarity_169_fu_7643_p2             | -   |        | similarity_169 | add | fabric | 0       |
|   add_ln169_48_fu_7670_p2               | -   |        | add_ln169_48   | add | fabric | 0       |
|   similarity_172_fu_7694_p2             | -   |        | similarity_172 | add | fabric | 0       |
|   add_ln169_50_fu_7721_p2               | -   |        | add_ln169_50   | add | fabric | 0       |
|   similarity_175_fu_7748_p2             | -   |        | similarity_175 | add | fabric | 0       |
|   add_ln169_52_fu_7772_p2               | -   |        | add_ln169_52   | add | fabric | 0       |
|   similarity_178_fu_7799_p2             | -   |        | similarity_178 | add | fabric | 0       |
|   add_ln169_54_fu_7826_p2               | -   |        | add_ln169_54   | add | fabric | 0       |
|   similarity_181_fu_7850_p2             | -   |        | similarity_181 | add | fabric | 0       |
|   add_ln169_56_fu_7877_p2               | -   |        | add_ln169_56   | add | fabric | 0       |
|   similarity_184_fu_7904_p2             | -   |        | similarity_184 | add | fabric | 0       |
|   add_ln169_58_fu_7928_p2               | -   |        | add_ln169_58   | add | fabric | 0       |
|   similarity_187_fu_7955_p2             | -   |        | similarity_187 | add | fabric | 0       |
|   add_ln169_60_fu_7982_p2               | -   |        | add_ln169_60   | add | fabric | 0       |
|   similarity_fu_8023_p2                 | -   |        | similarity     | add | fabric | 0       |
|   add_ln871_fu_8064_p2                  | -   |        | add_ln871      | add | fabric | 0       |
|   add_ln705_fu_8173_p2                  | -   |        | add_ln705      | add | fabric | 0       |
|   sub_ln356_fu_10813_p2                 | -   |        | sub_ln356      | sub | fabric | 0       |
|   sub_ln356_1_fu_10833_p2               | -   |        | sub_ln356_1    | sub | fabric | 0       |
|  + hdv_engine_Pipeline_VITIS_LOOP_281_2 | 0   |        |                |     |        |         |
|    add_ln281_fu_54_p2                   | -   |        | add_ln281      | add | fabric | 0       |
|  + hdv_engine_Pipeline_VITIS_LOOP_494_4 | 0   |        |                |     |        |         |
|    state_2_fu_1584_p2                   | -   |        | state_2        | add | fabric | 0       |
|    add_ln472_fu_2372_p2                 | -   |        | add_ln472      | add | fabric | 0       |
|    add_ln472_1_fu_2388_p2               | -   |        | add_ln472_1    | add | fabric | 0       |
|    add_ln472_2_fu_2404_p2               | -   |        | add_ln472_2    | add | fabric | 0       |
|    add_ln472_3_fu_2420_p2               | -   |        | add_ln472_3    | add | fabric | 0       |
|    add_ln472_4_fu_2436_p2               | -   |        | add_ln472_4    | add | fabric | 0       |
|    add_ln472_5_fu_2452_p2               | -   |        | add_ln472_5    | add | fabric | 0       |
|    add_ln472_6_fu_2468_p2               | -   |        | add_ln472_6    | add | fabric | 0       |
|    add_ln472_7_fu_2484_p2               | -   |        | add_ln472_7    | add | fabric | 0       |
|    add_ln472_8_fu_2500_p2               | -   |        | add_ln472_8    | add | fabric | 0       |
|    add_ln472_9_fu_2516_p2               | -   |        | add_ln472_9    | add | fabric | 0       |
|    add_ln472_10_fu_2532_p2              | -   |        | add_ln472_10   | add | fabric | 0       |
|    add_ln472_11_fu_2548_p2              | -   |        | add_ln472_11   | add | fabric | 0       |
|    add_ln472_12_fu_2564_p2              | -   |        | add_ln472_12   | add | fabric | 0       |
|    add_ln472_13_fu_2580_p2              | -   |        | add_ln472_13   | add | fabric | 0       |
|    add_ln472_14_fu_2596_p2              | -   |        | add_ln472_14   | add | fabric | 0       |
|    add_ln472_15_fu_2612_p2              | -   |        | add_ln472_15   | add | fabric | 0       |
|    add_ln472_16_fu_2628_p2              | -   |        | add_ln472_16   | add | fabric | 0       |
|    add_ln472_17_fu_2644_p2              | -   |        | add_ln472_17   | add | fabric | 0       |
|    add_ln472_18_fu_2660_p2              | -   |        | add_ln472_18   | add | fabric | 0       |
|    add_ln472_19_fu_2676_p2              | -   |        | add_ln472_19   | add | fabric | 0       |
|    add_ln472_20_fu_2692_p2              | -   |        | add_ln472_20   | add | fabric | 0       |
|    add_ln472_21_fu_2708_p2              | -   |        | add_ln472_21   | add | fabric | 0       |
|    add_ln472_22_fu_2724_p2              | -   |        | add_ln472_22   | add | fabric | 0       |
|    add_ln472_23_fu_2740_p2              | -   |        | add_ln472_23   | add | fabric | 0       |
|    add_ln472_24_fu_2756_p2              | -   |        | add_ln472_24   | add | fabric | 0       |
|    add_ln472_25_fu_2772_p2              | -   |        | add_ln472_25   | add | fabric | 0       |
|    add_ln472_26_fu_2788_p2              | -   |        | add_ln472_26   | add | fabric | 0       |
|    add_ln472_27_fu_2804_p2              | -   |        | add_ln472_27   | add | fabric | 0       |
|    add_ln472_28_fu_2820_p2              | -   |        | add_ln472_28   | add | fabric | 0       |
|    add_ln472_29_fu_2836_p2              | -   |        | add_ln472_29   | add | fabric | 0       |
|    add_ln472_30_fu_2852_p2              | -   |        | add_ln472_30   | add | fabric | 0       |
|    add_ln472_31_fu_2868_p2              | -   |        | add_ln472_31   | add | fabric | 0       |
|    add_ln472_32_fu_2884_p2              | -   |        | add_ln472_32   | add | fabric | 0       |
|    add_ln472_33_fu_2900_p2              | -   |        | add_ln472_33   | add | fabric | 0       |
|    add_ln472_34_fu_2916_p2              | -   |        | add_ln472_34   | add | fabric | 0       |
|    add_ln472_35_fu_2932_p2              | -   |        | add_ln472_35   | add | fabric | 0       |
|    add_ln472_36_fu_2948_p2              | -   |        | add_ln472_36   | add | fabric | 0       |
|    add_ln472_37_fu_2964_p2              | -   |        | add_ln472_37   | add | fabric | 0       |
|    add_ln472_38_fu_2980_p2              | -   |        | add_ln472_38   | add | fabric | 0       |
|    add_ln472_39_fu_2996_p2              | -   |        | add_ln472_39   | add | fabric | 0       |
|    add_ln472_40_fu_3012_p2              | -   |        | add_ln472_40   | add | fabric | 0       |
|    add_ln472_41_fu_3028_p2              | -   |        | add_ln472_41   | add | fabric | 0       |
|    add_ln472_42_fu_3044_p2              | -   |        | add_ln472_42   | add | fabric | 0       |
|    add_ln472_43_fu_3060_p2              | -   |        | add_ln472_43   | add | fabric | 0       |
|    add_ln472_44_fu_3076_p2              | -   |        | add_ln472_44   | add | fabric | 0       |
|    add_ln472_45_fu_3092_p2              | -   |        | add_ln472_45   | add | fabric | 0       |
|    add_ln472_46_fu_3108_p2              | -   |        | add_ln472_46   | add | fabric | 0       |
|    add_ln472_47_fu_3124_p2              | -   |        | add_ln472_47   | add | fabric | 0       |
|    add_ln472_48_fu_3140_p2              | -   |        | add_ln472_48   | add | fabric | 0       |
|    add_ln472_49_fu_3156_p2              | -   |        | add_ln472_49   | add | fabric | 0       |
|    add_ln472_50_fu_3172_p2              | -   |        | add_ln472_50   | add | fabric | 0       |
|    add_ln472_51_fu_3188_p2              | -   |        | add_ln472_51   | add | fabric | 0       |
|    add_ln472_52_fu_3204_p2              | -   |        | add_ln472_52   | add | fabric | 0       |
|    add_ln472_53_fu_3220_p2              | -   |        | add_ln472_53   | add | fabric | 0       |
|    add_ln472_54_fu_3236_p2              | -   |        | add_ln472_54   | add | fabric | 0       |
|    add_ln472_55_fu_3252_p2              | -   |        | add_ln472_55   | add | fabric | 0       |
|    add_ln472_56_fu_3268_p2              | -   |        | add_ln472_56   | add | fabric | 0       |
|    add_ln472_57_fu_3284_p2              | -   |        | add_ln472_57   | add | fabric | 0       |
|    add_ln472_58_fu_3300_p2              | -   |        | add_ln472_58   | add | fabric | 0       |
|    add_ln472_59_fu_3316_p2              | -   |        | add_ln472_59   | add | fabric | 0       |
|    add_ln472_60_fu_3332_p2              | -   |        | add_ln472_60   | add | fabric | 0       |
|    add_ln472_61_fu_3348_p2              | -   |        | add_ln472_61   | add | fabric | 0       |
|    add_ln472_62_fu_3364_p2              | -   |        | add_ln472_62   | add | fabric | 0       |
|    add_ln472_63_fu_3380_p2              | -   |        | add_ln472_63   | add | fabric | 0       |
|  + hdv_engine_Pipeline_VITIS_LOOP_912_9 | 0   |        |                |     |        |         |
|    i_2_fu_81_p2                         | -   |        | i_2            | add | fabric | 0       |
|  + hdv_engine_Pipeline_VITIS_LOOP_766_6 | 0   |        |                |     |        |         |
|    add_ln766_fu_2034_p2                 | -   |        | add_ln766      | add | fabric | 0       |
|    p_chv_o_64_fu_2316_p2                | -   |        | p_chv_o_64     | add | fabric | 0       |
+-----------------------------------------+-----+--------+----------------+-----+--------+---------+


================================================================
== Bind Storage Report
================================================================
  No bind storage info in design

================================================================
== Pragma Report
================================================================
* Pragmas with Warnings
+------------+-------------------------------------------------------+---------------------------------------------------+-----------------------------------------------------------------------+
| Type       | Options                                               | Location                                          | Messages                                                              |
+------------+-------------------------------------------------------+---------------------------------------------------+-----------------------------------------------------------------------+
| dependence | variable = similarity_max type=inter distance=16 true | ./../src/hw/hls_xilinx/main.cpp:262 in hdv_engine | Ignoring dependence pragma on local scalar variable 'similarity_max'. |
| unroll     |                                                       | ./../src/hw/hls_xilinx/main.cpp:490 in hdv_engine | '#pragma HLS unroll' can only be applied inside loop body             |
| unroll     |                                                       | ./../src/hw/hls_xilinx/main.cpp:794 in hdv_engine | '#pragma HLS unroll' can only be applied inside loop body             |
| pipeline   | II=5                                                  | ./../src/hw/hls_xilinx/main.cpp:818 in hdv_engine | Only for/while/do loop or function body support the pipeline pragma   |
+------------+-------------------------------------------------------+---------------------------------------------------+-----------------------------------------------------------------------+

* Valid Pragma Syntax
+-----------------+-----------------------------------------------------------+---------------------------------------------------------------------------------------------------+
| Type            | Options                                                   | Location                                                                                          |
+-----------------+-----------------------------------------------------------+---------------------------------------------------------------------------------------------------+
| pipeline        |                                                           | ./../src/hw/hls_xilinx/headers/../lib/hdc_lib/../headers/sqrt_approx.hpp:46 in compute            |
| inline          |                                                           | ./../src/hw/hls_xilinx/headers/../lib/hdc_lib/./../../lib/hdc_lib/operations.hpp:12 in add        |
| unroll          |                                                           | ./../src/hw/hls_xilinx/headers/../lib/hdc_lib/./../../lib/hdc_lib/operations.hpp:14 in add        |
| inline          |                                                           | ./../src/hw/hls_xilinx/headers/../lib/hdc_lib/./../../lib/hdc_lib/operations.hpp:20 in multiply   |
| unroll          |                                                           | ./../src/hw/hls_xilinx/headers/../lib/hdc_lib/./../../lib/hdc_lib/operations.hpp:22 in multiply   |
| inline          |                                                           | ./../src/hw/hls_xilinx/headers/../lib/hdc_lib/./../../lib/hdc_lib/operations.hpp:28 in xor_op     |
| unroll          |                                                           | ./../src/hw/hls_xilinx/headers/../lib/hdc_lib/./../../lib/hdc_lib/operations.hpp:30 in xor_op     |
| inline          |                                                           | ./../src/hw/hls_xilinx/headers/../lib/hdc_lib/./../../lib/hdc_lib/operations.hpp:36 in xnor_op    |
| unroll          |                                                           | ./../src/hw/hls_xilinx/headers/../lib/hdc_lib/./../../lib/hdc_lib/operations.hpp:38 in xnor_op    |
| inline          |                                                           | ./../src/hw/hls_xilinx/headers/../lib/hdc_lib/./../../lib/hdc_lib/operations.hpp:44 in or_op      |
| unroll          |                                                           | ./../src/hw/hls_xilinx/headers/../lib/hdc_lib/./../../lib/hdc_lib/operations.hpp:46 in or_op      |
| inline          |                                                           | ./../src/hw/hls_xilinx/headers/../lib/hdc_lib/./../../lib/hdc_lib/operations.hpp:52 in nand_op    |
| unroll          |                                                           | ./../src/hw/hls_xilinx/headers/../lib/hdc_lib/./../../lib/hdc_lib/operations.hpp:54 in nand_op    |
| inline          |                                                           | ./../src/hw/hls_xilinx/headers/../lib/hdc_lib/HDC_class.hpp:126 in similarity_phase1              |
| unroll          |                                                           | ./../src/hw/hls_xilinx/headers/../lib/hdc_lib/HDC_class.hpp:133 in similarity_phase1              |
| unroll          |                                                           | ./../src/hw/hls_xilinx/headers/../lib/hdc_lib/HDC_class.hpp:136 in similarity_phase1              |
| inline          |                                                           | ./../src/hw/hls_xilinx/headers/../lib/hdc_lib/HDC_class.hpp:280 in similarity_phase2              |
| array_partition | variable=Binded_HV complete                               | ./../src/hw/hls_xilinx/headers/../lib/hdc_lib/HDC_class.hpp:368 in bind, Binded_HV                |
| inline          |                                                           | ./../src/hw/hls_xilinx/headers/../lib/hdc_lib/HDC_class.hpp:370 in bind                           |
| unroll          |                                                           | ./../src/hw/hls_xilinx/headers/../lib/hdc_lib/HDC_class.hpp:373 in bind                           |
| inline          |                                                           | ./../src/hw/hls_xilinx/headers/../lib/hdc_lib/HDC_class.hpp:398 in permute                        |
| array_partition | variable=HV2 complete                                     | ./../src/hw/hls_xilinx/headers/../lib/hdc_lib/HDC_class.hpp:453 in bundle, HV2                    |
| inline          |                                                           | ./../src/hw/hls_xilinx/headers/../lib/hdc_lib/HDC_class.hpp:455 in bundle                         |
| unroll          |                                                           | ./../src/hw/hls_xilinx/headers/../lib/hdc_lib/HDC_class.hpp:462 in bundle                         |
| unroll          |                                                           | ./../src/hw/hls_xilinx/headers/../lib/hdc_lib/HDC_class.hpp:465 in bundle                         |
| array_partition | variable=clipped_HV complete                              | ./../src/hw/hls_xilinx/headers/../lib/hdc_lib/HDC_class.hpp:530 in clip, clipped_HV               |
| inline          |                                                           | ./../src/hw/hls_xilinx/headers/../lib/hdc_lib/HDC_class.hpp:534 in clip                           |
| unroll          |                                                           | ./../src/hw/hls_xilinx/headers/../lib/hdc_lib/HDC_class.hpp:550 in clip                           |
| unroll          |                                                           | ./../src/hw/hls_xilinx/headers/../lib/hdc_lib/HDC_class.hpp:608 in clip                           |
| unroll          |                                                           | ./../src/hw/hls_xilinx/headers/../lib/hdc_lib/HDC_class.hpp:628 in clip                           |
| array_partition | variable=baseVector complete                              | ./../src/hw/hls_xilinx/headers/../lib/hdc_lib/HDC_class.hpp:665 in generate_basehvs, baseVector   |
| array_partition | variable=levelVector complete                             | ./../src/hw/hls_xilinx/headers/../lib/hdc_lib/HDC_class.hpp:717 in generate_levelhvs, levelVector |
| unroll          |                                                           | ./../src/hw/hls_xilinx/headers/../lib/hdc_lib/HDC_class.hpp:853 in random_hv                      |
| interface       | ap_none port = nrst_i                                     | ./../src/hw/hls_xilinx/main.cpp:141 in hdv_engine                                                 |
| interface       | axis port = sdata_i depth = 1                             | ./../src/hw/hls_xilinx/main.cpp:144 in hdv_engine                                                 |
| interface       | ap_none port = chv_i                                      | ./../src/hw/hls_xilinx/main.cpp:151 in hdv_engine                                                 |
| interface       | ap_none port = bhv_i                                      | ./../src/hw/hls_xilinx/main.cpp:154 in hdv_engine                                                 |
| interface       | ap_none port = lhv_i                                      | ./../src/hw/hls_xilinx/main.cpp:157 in hdv_engine                                                 |
| interface       | ap_none port = pred_class_o                               | ./../src/hw/hls_xilinx/main.cpp:168 in hdv_engine                                                 |
| aggregate       | compact=bit variable = pred_class_o                       | ./../src/hw/hls_xilinx/main.cpp:169 in hdv_engine                                                 |
| interface       | ap_none port = status_o                                   | ./../src/hw/hls_xilinx/main.cpp:189 in hdv_engine                                                 |
| aggregate       | compact=bit variable = status_o                           | ./../src/hw/hls_xilinx/main.cpp:190 in hdv_engine                                                 |
| array_partition | variable = _bhv_i complete                                | ./../src/hw/hls_xilinx/main.cpp:247 in hdv_engine                                                 |
| array_partition | variable = _lhv_i complete                                | ./../src/hw/hls_xilinx/main.cpp:248 in hdv_engine                                                 |
| array_partition | variable = _chv_i complete                                | ./../src/hw/hls_xilinx/main.cpp:249 in hdv_engine                                                 |
| array_partition | variable = _bhv complete                                  | ./../src/hw/hls_xilinx/main.cpp:250 in hdv_engine                                                 |
| array_partition | variable = _lhv complete                                  | ./../src/hw/hls_xilinx/main.cpp:251 in hdv_engine                                                 |
| array_partition | variable = _chv complete                                  | ./../src/hw/hls_xilinx/main.cpp:252 in hdv_engine                                                 |
| array_partition | variable = _n_gram_idx complete                           | ./../src/hw/hls_xilinx/main.cpp:253 in hdv_engine                                                 |
| array_partition | variable = BundledHV complete                             | ./../src/hw/hls_xilinx/main.cpp:254 in hdv_engine                                                 |
| array_partition | variable = Clipped_BundledHV complete                     | ./../src/hw/hls_xilinx/main.cpp:255 in hdv_engine                                                 |
| array_partition | variable = Encoded_HV complete                            | ./../src/hw/hls_xilinx/main.cpp:256 in hdv_engine                                                 |
| array_partition | variable = similarity_classes complete                    | ./../src/hw/hls_xilinx/main.cpp:257 in hdv_engine                                                 |
| array_partition | variable = Binded_Features complete                       | ./../src/hw/hls_xilinx/main.cpp:258 in hdv_engine                                                 |
| dependence      | variable = BundledHV type=inter distance=1 true           | ./../src/hw/hls_xilinx/main.cpp:259 in hdv_engine                                                 |
| dependence      | variable = Clipped_BundledHV type=inter distance=1 true   | ./../src/hw/hls_xilinx/main.cpp:260 in hdv_engine                                                 |
| dependence      | variable = similarity_classes type=inter distance=16 true | ./../src/hw/hls_xilinx/main.cpp:261 in hdv_engine                                                 |
| inline          |                                                           | ./../src/hw/hls_xilinx/main.cpp:265 in hdv_engine                                                 |
| inline          | recursive                                                 | ./../src/hw/hls_xilinx/main.cpp:269 in hdv_engine                                                 |
| inline          |                                                           | ./../src/hw/hls_xilinx/main.cpp:298 in hdv_engine                                                 |
| inline          | recursive                                                 | ./../src/hw/hls_xilinx/main.cpp:349 in hdv_engine                                                 |
| inline          | recursive                                                 | ./../src/hw/hls_xilinx/main.cpp:476 in hdv_engine                                                 |
| inline          | recursive                                                 | ./../src/hw/hls_xilinx/main.cpp:493 in hdv_engine                                                 |
| pipeline        | II = 5                                                    | ./../src/hw/hls_xilinx/main.cpp:496 in hdv_engine                                                 |
| inline          | recursive                                                 | ./../src/hw/hls_xilinx/main.cpp:503 in hdv_engine                                                 |
| inline          | recursive                                                 | ./../src/hw/hls_xilinx/main.cpp:537 in hdv_engine                                                 |
| inline          | recursive                                                 | ./../src/hw/hls_xilinx/main.cpp:612 in hdv_engine                                                 |
| inline          | recursive                                                 | ./../src/hw/hls_xilinx/main.cpp:624 in hdv_engine                                                 |
| unroll          |                                                           | ./../src/hw/hls_xilinx/main.cpp:628 in hdv_engine                                                 |
| inline          | recursive                                                 | ./../src/hw/hls_xilinx/main.cpp:655 in hdv_engine                                                 |
| inline          |                                                           | ./../src/hw/hls_xilinx/main.cpp:717 in hdv_engine                                                 |
| inline          | recursive                                                 | ./../src/hw/hls_xilinx/main.cpp:791 in hdv_engine                                                 |
| inline          | recursive                                                 | ./../src/hw/hls_xilinx/main.cpp:798 in hdv_engine                                                 |
| inline          | recursive                                                 | ./../src/hw/hls_xilinx/main.cpp:891 in hdv_engine                                                 |
| pipeline        | II=3                                                      | ./../src/hw/hls_xilinx/main.cpp:901 in hdv_engine                                                 |
| pipeline        | II=1                                                      | ./../src/hw/hls_xilinx/main.cpp:914 in hdv_engine                                                 |
+-----------------+-----------------------------------------------------------+---------------------------------------------------------------------------------------------------+

* Inferred Pragmas
+----------------------------------------------+-----------------+------------------------------------------------+----------------------------------+
| Source Pragma                                | Inferred Pragma | Options                                        | Location                         |
+----------------------------------------------+-----------------+------------------------------------------------+----------------------------------+
| pipeline ./../src/hw/hls_xilinx/main.cpp:496 | array_partition | dim=1 type=cyclic factor=13 variable=_bhv_i313 | variable _bhv_i313 in hdv_engine |
| pipeline ./../src/hw/hls_xilinx/main.cpp:496 | array_partition | dim=1 type=cyclic factor=13 variable=_lhv_i314 | variable _lhv_i314 in hdv_engine |
+----------------------------------------------+-----------------+------------------------------------------------+----------------------------------+


